4-27-2023 10:42:18-debug: =================================== build Task (web-desktop-003) Start ================================
4-27-2023 10:42:18-debug: Build with Cocos Creator 3.7.2
4-27-2023 10:42:19-debug: cocos-service:(onBeforeBuild) start...0%
4-27-2023 10:42:18-debug: Start build task, options:{"name":"SudokuMain2","platform":"web-desktop","buildPath":"C:\\Users\\ADMIN\\OneDrive\\Máy tính\\SudokuMain2","debug":false,"md5Cache":false,"skipCompressTexture":false,"sourceMaps":false,"polyfills":{"asyncFunctions":true},"experimentalEraseModules":false,"useBuiltinServer":false,"mainBundleIsRemote":false,"mainBundleCompressionType":"merge_dep","useSplashScreen":true,"packAutoAtlas":true,"startScene":"2abec6f2-b1a6-4369-8964-1a1f0fed7b9f","outputName":"web-desktop-003","scenes":[{"url":"db://assets/Scene/MainGame.scene","uuid":"9a5bce71-9ae1-4c17-8bed-eb896cfc849c","inBundle":false},{"url":"db://assets/Scene/Menu.scene","uuid":"2abec6f2-b1a6-4369-8964-1a1f0fed7b9f","inBundle":false}],"web-desktop":[],"packages":{"web-desktop":{"useWebGPU":false,"resolution":{"designWidth":960,"designHeight":600},"__version__":"1.0.1"},"cocos-service":{"configID":"862e32","services":[{"service_id":"235","service_component_name":"service-analytics","builder":"C:\\Users\\ADMIN\\.CocosCreator\\.service\\analytics\\builder\\builder.js","enable":true,"params":{"app_id":"623224426","store_id":"H5"}}],"__version__":"3.0.6"}},"__version__":"1.3.4"}
4-27-2023 10:42:19-debug: Process: heapTotal 233.85MB heapUsed 208.26MB rss 260.37MB
4-27-2023 10:42:19-debug: // ---- build task cocos-service：onBeforeBuild ----
4-27-2023 10:42:20-debug: // ---- build task cocos-service：onBeforeBuild ---- (1093ms)
4-27-2023 10:42:20-debug: cocos-service:(onBeforeBuild) in 1093 ms1%
4-27-2023 10:42:20-debug: // ---- build task scene：onBeforeBuild ----
4-27-2023 10:42:20-debug: Process: heapTotal 233.85MB heapUsed 206.10MB rss 259.13MB
4-27-2023 10:42:20-debug: scene:(onBeforeBuild) start...1%
4-27-2023 10:42:20-debug: // ---- build task scene：onBeforeBuild ---- (68ms)
4-27-2023 10:42:20-debug: scene:(onBeforeBuild) in 68 ms2%
4-27-2023 10:42:20-debug: Start lock asset db...2%
4-27-2023 10:42:20-log: Asset DB is paused with build!
4-27-2023 10:42:20-debug: Query all assets info in project
4-27-2023 10:42:20-debug: BuildAssetLibrary query-assets with assets 478
4-27-2023 10:42:20-debug: init custom config: keepNodeUuid: false, useCache: true
4-27-2023 10:42:20-debug:   Number of all scenes: 2
4-27-2023 10:42:20-debug:   Number of all scripts: 8
4-27-2023 10:42:20-debug:   Number of other assets: 329
4-27-2023 10:42:20-debug: web-desktop:(onAfterInit) start...2%
4-27-2023 10:42:20-debug: // ---- build task web-desktop：onAfterInit ----
4-27-2023 10:42:20-debug: Process: heapTotal 233.85MB heapUsed 208.17MB rss 259.02MB
4-27-2023 10:42:20-debug: // ---- build task web-desktop：onAfterInit ---- (1ms)
4-27-2023 10:42:20-debug: // ---- build task cocos-service：onAfterInit ----
4-27-2023 10:42:20-debug: cocos-service:(onAfterInit) start...3%
4-27-2023 10:42:20-debug: Process: heapTotal 233.85MB heapUsed 208.29MB rss 259.04MB
4-27-2023 10:42:20-debug: web-desktop:(onAfterInit) in 1 ms3%
4-27-2023 10:42:20-debug: // ---- build task cocos-service：onAfterInit ---- (247ms)
4-27-2023 10:42:20-debug: Reload project scripts start4%
4-27-2023 10:42:20-debug: // ---- build task Reload project scripts ----
4-27-2023 10:42:20-debug: Process: heapTotal 235.35MB heapUsed 203.95MB rss 260.10MB
4-27-2023 10:42:20-debug: reload all scripts.
4-27-2023 10:42:20-debug: cocos-service:(onAfterInit) in 247 ms4%
4-27-2023 10:42:20-debug: Incremental keys: 
4-27-2023 10:42:20-debug: Set detail map pack:///resolution-detail-map.json: {}
4-27-2023 10:42:20-groupCollapsed: Invalidate all modules
4-27-2023 10:42:20-debug: C:\Users\ADMIN\OneDrive\Máy tính\SudokuMain2\SudokuMain2\temp\programming\packer-driver\targets\editor\chunks\ce\cee638a986ad8fae09398db255647defcaa6612a.js resolved to C:\Users\ADMIN\OneDrive\Máy tính\SudokuMain2\SudokuMain2\temp\programming\packer-driver\targets\editor\chunks\ce\cee638a986ad8fae09398db255647defcaa6612a.js is not in module cache!
4-27-2023 10:42:20-debug: [[Executor]] Module "cce:/internal/x/cc-fu/base" loaded.
4-27-2023 10:42:20-debug: [[Executor]] Module "cce:/internal/x/cc-fu/gfx-webgl" loaded.
4-27-2023 10:42:20-debug: [[Executor]] Module "cce:/internal/x/cc-fu/gfx-empty" loaded.
4-27-2023 10:42:20-debug: [[Executor]] Module "cce:/internal/x/cc-fu/gfx-webgl2" loaded.
4-27-2023 10:42:20-debug: [[Executor]] Module "cce:/internal/x/cc-fu/3d" loaded.
4-27-2023 10:42:20-debug: [[Executor]] Module "cce:/internal/x/cc-fu/animation" loaded.
4-27-2023 10:42:20-debug: [[Executor]] Module "cce:/internal/x/cc-fu/skeletal-animation" loaded.
4-27-2023 10:42:20-debug: [[Executor]] Module "cce:/internal/x/cc-fu/2d" loaded.
4-27-2023 10:42:20-debug: [[Executor]] Module "cce:/internal/x/cc-fu/sorting" loaded.
4-27-2023 10:42:20-debug: [[Executor]] Module "cce:/internal/x/cc-fu/particle" loaded.
4-27-2023 10:42:20-debug: [[Executor]] Module "cce:/internal/x/cc-fu/ui" loaded.
4-27-2023 10:42:20-debug: [[Executor]] Module "cce:/internal/x/cc-fu/particle-2d" loaded.
4-27-2023 10:42:20-debug: [[Executor]] Module "cce:/internal/x/cc-fu/physics-2d-framework" loaded.
4-27-2023 10:42:20-debug: [[Executor]] Module "cce:/internal/x/cc-fu/physics-framework" loaded.
4-27-2023 10:42:20-debug: [[Executor]] Module "cce:/internal/x/cc-fu/intersection-2d" loaded.
4-27-2023 10:42:20-debug: [[Executor]] Module "cce:/internal/x/cc-fu/profiler" loaded.
4-27-2023 10:42:20-debug: [[Executor]] Module "cce:/internal/x/cc-fu/geometry-renderer" loaded.
4-27-2023 10:42:20-debug: [[Executor]] Module "cce:/internal/x/cc-fu/primitive" loaded.
4-27-2023 10:42:20-debug: [[Executor]] Module "cce:/internal/x/cc-fu/audio" loaded.
4-27-2023 10:42:20-debug: [[Executor]] Module "cce:/internal/x/cc-fu/video" loaded.
4-27-2023 10:42:20-debug: [[Executor]] Module "cce:/internal/x/cc-fu/xr" loaded.
4-27-2023 10:42:20-debug: [[Executor]] Module "cce:/internal/x/cc-fu/light-probe" loaded.
4-27-2023 10:42:20-debug: [[Executor]] Module "cce:/internal/x/cc-fu/terrain" loaded.
4-27-2023 10:42:20-debug: [[Executor]] Module "cce:/internal/x/cc-fu/webview" loaded.
4-27-2023 10:42:20-debug: [[Executor]] Module "cce:/internal/x/cc-fu/tween" loaded.
4-27-2023 10:42:20-debug: [[Executor]] Module "cce:/internal/x/cc-fu/spine" loaded.
4-27-2023 10:42:20-debug: [[Executor]] Module "cce:/internal/x/cc-fu/tiled-map" loaded.
4-27-2023 10:42:20-debug: [[Executor]] Module "cce:/internal/x/cc-fu/dragon-bones" loaded.
4-27-2023 10:42:20-debug: [[Executor]] Module "cce:/internal/x/cc-fu/custom-pipeline" loaded.
4-27-2023 10:42:20-debug: [[Executor]] Module "cce:/internal/x/cc-fu/base" loaded.
4-27-2023 10:42:20-debug: [[Executor]] Module "cce:/internal/x/cc-fu/gfx-webgl" loaded.
4-27-2023 10:42:20-debug: [[Executor]] Module "cce:/internal/x/cc-fu/gfx-webgl2" loaded.
4-27-2023 10:42:20-debug: [[Executor]] Module "cce:/internal/x/cc-fu/3d" loaded.
4-27-2023 10:42:20-debug: [[Executor]] Module "cce:/internal/x/cc-fu/animation" loaded.
4-27-2023 10:42:20-debug: [[Executor]] Module "cce:/internal/x/cc-fu/gfx-empty" loaded.
4-27-2023 10:42:20-debug: [[Executor]] Module "cce:/internal/x/cc-fu/skeletal-animation" loaded.
4-27-2023 10:42:20-debug: [[Executor]] Module "cce:/internal/x/cc-fu/2d" loaded.
4-27-2023 10:42:20-debug: [[Executor]] Module "cce:/internal/x/cc-fu/sorting" loaded.
4-27-2023 10:42:20-debug: [[Executor]] Module "cce:/internal/x/cc-fu/ui" loaded.
4-27-2023 10:42:20-debug: [[Executor]] Module "cce:/internal/x/cc-fu/particle" loaded.
4-27-2023 10:42:20-debug: [[Executor]] Module "cce:/internal/x/cc-fu/particle-2d" loaded.
4-27-2023 10:42:20-debug: [[Executor]] Module "cce:/internal/x/cc-fu/physics-framework" loaded.
4-27-2023 10:42:20-debug: [[Executor]] Module "cce:/internal/x/cc-fu/physics-2d-framework" loaded.
4-27-2023 10:42:20-debug: [[Executor]] Module "cce:/internal/x/cc-fu/intersection-2d" loaded.
4-27-2023 10:42:20-debug: [[Executor]] Module "cce:/internal/x/cc-fu/primitive" loaded.
4-27-2023 10:42:20-debug: [[Executor]] Module "cce:/internal/x/cc-fu/geometry-renderer" loaded.
4-27-2023 10:42:20-debug: [[Executor]] Module "cce:/internal/x/cc-fu/profiler" loaded.
4-27-2023 10:42:20-debug: [[Executor]] Module "cce:/internal/x/cc-fu/audio" loaded.
4-27-2023 10:42:20-debug: [[Executor]] Module "cce:/internal/x/cc-fu/video" loaded.
4-27-2023 10:42:20-debug: [[Executor]] Module "cce:/internal/x/cc-fu/xr" loaded.
4-27-2023 10:42:20-debug: [[Executor]] Module "cce:/internal/x/cc-fu/light-probe" loaded.
4-27-2023 10:42:20-debug: [[Executor]] Module "cce:/internal/x/cc-fu/terrain" loaded.
4-27-2023 10:42:20-debug: [[Executor]] Module "cce:/internal/x/cc-fu/webview" loaded.
4-27-2023 10:42:20-debug: [[Executor]] Module "cce:/internal/x/cc-fu/tween" loaded.
4-27-2023 10:42:20-debug: [[Executor]] Module "cce:/internal/x/cc-fu/tiled-map" loaded.
4-27-2023 10:42:20-debug: [[Executor]] Module "cce:/internal/x/cc-fu/spine" loaded.
4-27-2023 10:42:20-debug: [[Executor]] Module "cce:/internal/x/cc-fu/dragon-bones" loaded.
4-27-2023 10:42:20-debug: [[Executor]] Module "cce:/internal/x/cc-fu/custom-pipeline" loaded.
4-27-2023 10:42:20-debug: [[Executor]] Module "pack:///chunks/ce/cee638a986ad8fae09398db255647defcaa6612a.js" loaded.
4-27-2023 10:42:20-groupCollapsed: Imports all modules
4-27-2023 10:42:20-debug: Invalidating 'pack:///chunks/ce/cee638a986ad8fae09398db255647defcaa6612a.js'
4-27-2023 10:42:20-debug: [[Executor]] Module "pack:///chunks/ce/cee638a986ad8fae09398db255647defcaa6612a.js" loaded.
4-27-2023 10:42:20-groupEnd: Invalidate all modules
4-27-2023 10:42:20-debug: C:\Users\ADMIN\OneDrive\Máy tính\SudokuMain2\SudokuMain2\temp\programming\packer-driver\targets\editor\chunks\0a\0a9720cd6802460e9ee754bdc90c884642eb8e69.js resolved to C:\Users\ADMIN\OneDrive\Máy tính\SudokuMain2\SudokuMain2\temp\programming\packer-driver\targets\editor\chunks\0a\0a9720cd6802460e9ee754bdc90c884642eb8e69.js is not in module cache!
4-27-2023 10:42:20-debug: [[Executor]] Module "pack:///chunks/0a/0a9720cd6802460e9ee754bdc90c884642eb8e69.js" loaded.
4-27-2023 10:42:20-debug: C:\Users\ADMIN\OneDrive\Máy tính\SudokuMain2\SudokuMain2\temp\programming\packer-driver\targets\editor\chunks\ce\cefe22d8b25680a2bc4b5b1af21d70d430b39051.js resolved to C:\Users\ADMIN\OneDrive\Máy tính\SudokuMain2\SudokuMain2\temp\programming\packer-driver\targets\editor\chunks\ce\cefe22d8b25680a2bc4b5b1af21d70d430b39051.js is not in module cache!
4-27-2023 10:42:20-debug: [[Executor]] Register DebugViewRuntimeControl
4-27-2023 10:42:20-debug: [[Executor]] Module "pack:///chunks/ce/cefe22d8b25680a2bc4b5b1af21d70d430b39051.js" loaded.
4-27-2023 10:42:20-debug: C:\Users\ADMIN\OneDrive\Máy tính\SudokuMain2\SudokuMain2\temp\programming\packer-driver\targets\editor\chunks\28\2866808bb997cf95556b73654b2675f18ee32f98.js resolved to C:\Users\ADMIN\OneDrive\Máy tính\SudokuMain2\SudokuMain2\temp\programming\packer-driver\targets\editor\chunks\28\2866808bb997cf95556b73654b2675f18ee32f98.js is not in module cache!
4-27-2023 10:42:20-debug: C:\Users\ADMIN\OneDrive\Máy tính\SudokuMain2\SudokuMain2\temp\programming\packer-driver\targets\editor\chunks\23\23c7c7f26487ce6f9e195df4ec3b79b298243813.js resolved to C:\Users\ADMIN\OneDrive\Máy tính\SudokuMain2\SudokuMain2\temp\programming\packer-driver\targets\editor\chunks\23\23c7c7f26487ce6f9e195df4ec3b79b298243813.js is not in module cache!
4-27-2023 10:42:20-debug: C:\Users\ADMIN\OneDrive\Máy tính\SudokuMain2\SudokuMain2\temp\programming\packer-driver\targets\editor\chunks\be\be027f973d8ff1c6fe3dcfebbc993118a793ec1b.js resolved to C:\Users\ADMIN\OneDrive\Máy tính\SudokuMain2\SudokuMain2\temp\programming\packer-driver\targets\editor\chunks\be\be027f973d8ff1c6fe3dcfebbc993118a793ec1b.js is not in module cache!
4-27-2023 10:42:20-debug: C:\Users\ADMIN\OneDrive\Máy tính\SudokuMain2\SudokuMain2\temp\programming\packer-driver\targets\editor\chunks\74\74e71275f99c8a01314209283e8430ed34d1ccdf.js resolved to C:\Users\ADMIN\OneDrive\Máy tính\SudokuMain2\SudokuMain2\temp\programming\packer-driver\targets\editor\chunks\74\74e71275f99c8a01314209283e8430ed34d1ccdf.js is not in module cache!
4-27-2023 10:42:20-debug: C:\Users\ADMIN\OneDrive\Máy tính\SudokuMain2\SudokuMain2\temp\programming\packer-driver\targets\editor\chunks\c0\c04ea474584bfbe96be77d96e4b6916d840092d1.js resolved to C:\Users\ADMIN\OneDrive\Máy tính\SudokuMain2\SudokuMain2\temp\programming\packer-driver\targets\editor\chunks\c0\c04ea474584bfbe96be77d96e4b6916d840092d1.js is not in module cache!
4-27-2023 10:42:20-debug: C:\Users\ADMIN\OneDrive\Máy tính\SudokuMain2\SudokuMain2\temp\programming\packer-driver\targets\editor\chunks\4d\4d1da9bcd4c7cad02e0ed068454513dee0599e31.js resolved to C:\Users\ADMIN\OneDrive\Máy tính\SudokuMain2\SudokuMain2\temp\programming\packer-driver\targets\editor\chunks\4d\4d1da9bcd4c7cad02e0ed068454513dee0599e31.js is not in module cache!
4-27-2023 10:42:20-debug: C:\Users\ADMIN\OneDrive\Máy tính\SudokuMain2\SudokuMain2\temp\programming\packer-driver\targets\editor\chunks\b6\b6df4a5a1dcd19f1032e9e4c8c4506b54c467514.js resolved to C:\Users\ADMIN\OneDrive\Máy tính\SudokuMain2\SudokuMain2\temp\programming\packer-driver\targets\editor\chunks\b6\b6df4a5a1dcd19f1032e9e4c8c4506b54c467514.js is not in module cache!
4-27-2023 10:42:20-debug: C:\Users\ADMIN\OneDrive\Máy tính\SudokuMain2\SudokuMain2\temp\programming\packer-driver\targets\editor\chunks\dc\dc48944c885f78f6dc436d30c1b9cb65aeefa30a.js resolved to C:\Users\ADMIN\OneDrive\Máy tính\SudokuMain2\SudokuMain2\temp\programming\packer-driver\targets\editor\chunks\dc\dc48944c885f78f6dc436d30c1b9cb65aeefa30a.js is not in module cache!
4-27-2023 10:42:20-debug: C:\Users\ADMIN\OneDrive\Máy tính\SudokuMain2\SudokuMain2\temp\programming\packer-driver\targets\editor\chunks\e2\e22b6f02adf5d686a7ebd142d6b23614b189f373.js resolved to C:\Users\ADMIN\OneDrive\Máy tính\SudokuMain2\SudokuMain2\temp\programming\packer-driver\targets\editor\chunks\e2\e22b6f02adf5d686a7ebd142d6b23614b189f373.js is not in module cache!
4-27-2023 10:42:20-debug: C:\Users\ADMIN\OneDrive\Máy tính\SudokuMain2\SudokuMain2\temp\programming\packer-driver\targets\editor\chunks\7e\7e04fd763f7c0946962819d069a8b133cdc87da2.js resolved to C:\Users\ADMIN\OneDrive\Máy tính\SudokuMain2\SudokuMain2\temp\programming\packer-driver\targets\editor\chunks\7e\7e04fd763f7c0946962819d069a8b133cdc87da2.js is not in module cache!
4-27-2023 10:42:20-debug: [[Executor]] Module "pack:///chunks/be/be027f973d8ff1c6fe3dcfebbc993118a793ec1b.js" loaded.
4-27-2023 10:42:20-debug: [[Executor]] Module "pack:///chunks/b6/b6df4a5a1dcd19f1032e9e4c8c4506b54c467514.js" loaded.
4-27-2023 10:42:20-debug: [[Executor]] Module "pack:///chunks/dc/dc48944c885f78f6dc436d30c1b9cb65aeefa30a.js" loaded.
4-27-2023 10:42:20-debug: [[Executor]] Module "pack:///chunks/74/74e71275f99c8a01314209283e8430ed34d1ccdf.js" loaded.
4-27-2023 10:42:20-debug: [[Executor]] Register GameView
4-27-2023 10:42:20-debug: [[Executor]] Module "pack:///chunks/c0/c04ea474584bfbe96be77d96e4b6916d840092d1.js" loaded.
4-27-2023 10:42:20-debug: [[Executor]] Module "pack:///chunks/e2/e22b6f02adf5d686a7ebd142d6b23614b189f373.js" loaded.
4-27-2023 10:42:20-debug: [[Executor]] Module "pack:///chunks/7e/7e04fd763f7c0946962819d069a8b133cdc87da2.js" loaded.
4-27-2023 10:42:20-debug: [[Executor]] Module "pack:///chunks/4d/4d1da9bcd4c7cad02e0ed068454513dee0599e31.js" loaded.
4-27-2023 10:42:20-debug: [[Executor]] Register StoredPersistNode
4-27-2023 10:42:20-debug: [[Executor]] Module "pack:///chunks/23/23c7c7f26487ce6f9e195df4ec3b79b298243813.js" loaded.
4-27-2023 10:42:20-debug: [[Executor]] Register GameController
4-27-2023 10:42:20-debug: [[Executor]] Module "pack:///chunks/28/2866808bb997cf95556b73654b2675f18ee32f98.js" loaded.
4-27-2023 10:42:20-debug: C:\Users\ADMIN\OneDrive\Máy tính\SudokuMain2\SudokuMain2\temp\programming\packer-driver\targets\editor\chunks\91\91eeeae21a4b78118b5a0a14105e23d0775f3c9a.js resolved to C:\Users\ADMIN\OneDrive\Máy tính\SudokuMain2\SudokuMain2\temp\programming\packer-driver\targets\editor\chunks\91\91eeeae21a4b78118b5a0a14105e23d0775f3c9a.js is not in module cache!
4-27-2023 10:42:20-debug: [[Executor]] Module "pack:///chunks/91/91eeeae21a4b78118b5a0a14105e23d0775f3c9a.js" loaded.
4-27-2023 10:42:20-debug: [[Executor]] Register GameModel
4-27-2023 10:42:20-debug: C:\Users\ADMIN\OneDrive\Máy tính\SudokuMain2\SudokuMain2\temp\programming\packer-driver\targets\editor\chunks\ab\abd48752cf1aa387cc1e4dfd8cc5908daa2c13a4.js resolved to C:\Users\ADMIN\OneDrive\Máy tính\SudokuMain2\SudokuMain2\temp\programming\packer-driver\targets\editor\chunks\ab\abd48752cf1aa387cc1e4dfd8cc5908daa2c13a4.js is not in module cache!
4-27-2023 10:42:20-debug: C:\Users\ADMIN\OneDrive\Máy tính\SudokuMain2\SudokuMain2\temp\programming\packer-driver\targets\editor\chunks\6f\6fbf49b0d69b35f0d1a17b1fdd6c78db0ffd64c9.js resolved to C:\Users\ADMIN\OneDrive\Máy tính\SudokuMain2\SudokuMain2\temp\programming\packer-driver\targets\editor\chunks\6f\6fbf49b0d69b35f0d1a17b1fdd6c78db0ffd64c9.js is not in module cache!
4-27-2023 10:42:20-debug: C:\Users\ADMIN\OneDrive\Máy tính\SudokuMain2\SudokuMain2\temp\programming\packer-driver\targets\editor\chunks\cb\cb259c2fffe3b2e3337e84324c06205bf5f21e97.js resolved to C:\Users\ADMIN\OneDrive\Máy tính\SudokuMain2\SudokuMain2\temp\programming\packer-driver\targets\editor\chunks\cb\cb259c2fffe3b2e3337e84324c06205bf5f21e97.js is not in module cache!
4-27-2023 10:42:20-debug: [[Executor]] Register MenuModel
4-27-2023 10:42:20-debug: [[Executor]] Module "pack:///chunks/cb/cb259c2fffe3b2e3337e84324c06205bf5f21e97.js" loaded.
4-27-2023 10:42:20-debug: [[Executor]] Register MenuView
4-27-2023 10:42:20-debug: [[Executor]] Module "pack:///chunks/6f/6fbf49b0d69b35f0d1a17b1fdd6c78db0ffd64c9.js" loaded.
4-27-2023 10:42:20-debug: [[Executor]] Register MenuController
4-27-2023 10:42:20-debug: [[Executor]] Module "pack:///chunks/ab/abd48752cf1aa387cc1e4dfd8cc5908daa2c13a4.js" loaded.
4-27-2023 10:42:20-groupEnd: Imports all modules
4-27-2023 10:42:20-debug: [[Executor]] Module "pack:///chunks/0a/0a9720cd6802460e9ee754bdc90c884642eb8e69.js" loaded.
4-27-2023 10:42:20-debug: // ---- build task Reload project scripts ---- (193ms)
4-27-2023 10:42:20-debug: run build task Reload project scripts success in 193 ms √6%
4-27-2023 10:42:20-debug: Query asset bundle start6%
4-27-2023 10:42:20-debug: // ---- build task Query asset bundle ----
4-27-2023 10:42:20-debug: Process: heapTotal 235.51MB heapUsed 208.84MB rss 261.91MB
4-27-2023 10:42:20-debug: // ---- build task Query asset bundle ---- (72ms)
4-27-2023 10:42:20-debug: run build task Query asset bundle success in 72 ms √7%
4-27-2023 10:42:20-debug: Query and organize assets start7%
4-27-2023 10:42:21-debug: // ---- build task Query and organize assets ----
4-27-2023 10:42:21-debug: Process: heapTotal 235.51MB heapUsed 210.65MB rss 261.93MB
4-27-2023 10:42:21-debug: init bundle assets
4-27-2023 10:42:21-debug: Query preload assets from cc.config.json: 60f7195c-ec2a-45eb-ba94-8955f60e81d0,1c02ae6f-4492-4915-b8f8-7492a3b1e4cd,810e96e4-e456-4468-9b59-f4e8f39732c0,efe8e2a3-eace-427b-b4f1-cb8a937ec77d,e9aa9a3e-5b2b-4ac7-a2c7-073de2b2b24f,8bbdbcdd-5cd4-4100-b6d5-b7c9625b6107,50f4348b-c883-4e2f-8f11-ce233b859fa1,fda095cb-831d-4601-ad94-846013963de8,f92806d7-1768-443f-afe8-12bcde84d0f0,dd3a144d-ab7f-41f0-82b8-2e43a090d496,f0416e68-0200-4b77-a926-4f9d16e494da,ff9be190-20a4-4e48-b68c-76e3c7cff085,970b0598-bcb0-4714-91fb-2e81440dccd8,bcd64cc6-2dd9-43f6-abbe-66318d332032,d930590d-bb92-4cc8-8bd1-23cd027f9edf,a3cd009f-0ab0-420d-9278-b9fdab939bbc,9361fd90-ba52-4f84-aa93-6e878fd576ca,c27215d8-6835-4b68-bfbb-bdeac6100c04,b5d6115f-0370-4d7c-aad3-c194cc71cf98,871c3b6c-7379-419d-bda3-794b239ab90d
4-27-2023 10:42:21-debug: Number of scenes: 2
4-27-2023 10:42:21-debug: Start sort share asset in bundle
4-27-2023 10:42:21-debug: Number of assets: 57
4-27-2023 10:42:21-debug: Number of asset bundle: 2
4-27-2023 10:42:21-debug: // ---- build task Query and organize assets ---- (86ms)
4-27-2023 10:42:21-debug: run build task Query and organize assets success in 86 ms √8%
4-27-2023 10:42:21-debug: Organize scripts start8%
4-27-2023 10:42:21-debug: // ---- build task Organize scripts ----
4-27-2023 10:42:21-debug: sort script group...
4-27-2023 10:42:21-debug: Process: heapTotal 237.01MB heapUsed 205.63MB rss 262.92MB
4-27-2023 10:42:21-debug: // ---- build task Organize scripts ---- (1ms)
4-27-2023 10:42:21-debug: run build task Organize scripts success in 1 ms √9%
4-27-2023 10:42:21-debug: // ---- build task Organize texture compression tasks ----
4-27-2023 10:42:21-debug: Process: heapTotal 237.01MB heapUsed 205.80MB rss 262.79MB
4-27-2023 10:42:21-debug: Organize texture compression tasks start9%
4-27-2023 10:42:21-debug: Number of image-compress task: 0
4-27-2023 10:42:21-debug: // ---- build task Organize texture compression tasks ---- (66ms)
4-27-2023 10:42:21-debug: run build task Organize texture compression tasks success in 66 ms √11%
4-27-2023 10:42:21-debug: Group json start11%
4-27-2023 10:42:21-debug: // ---- build task Group json ----
4-27-2023 10:42:21-debug: Number of json group with bundle(internal): 1
4-27-2023 10:42:21-debug: Process: heapTotal 237.01MB heapUsed 206.00MB rss 262.78MB
4-27-2023 10:42:21-debug: Start sort the json group of bundle(main)...
4-27-2023 10:42:21-debug: Number of json group with bundle(main) 3
4-27-2023 10:42:21-debug: Number of json group: 3
4-27-2023 10:42:21-debug: // ---- build task Group json ---- (3ms)
4-27-2023 10:42:21-debug: run build task Group json success in 3 ms √12%
4-27-2023 10:42:21-debug: // ---- build task Merging Texture2D json ----
4-27-2023 10:42:21-debug: Merging Texture2D json start12%
4-27-2023 10:42:21-debug: Process: heapTotal 237.01MB heapUsed 206.22MB rss 262.78MB
4-27-2023 10:42:21-debug: // ---- build task Merging Texture2D json ---- (1ms)
4-27-2023 10:42:21-debug: run build task Merging Texture2D json success in 1 ms √13%
4-27-2023 10:42:21-debug: Sort import-map.json start13%
4-27-2023 10:42:21-debug: Process: heapTotal 237.01MB heapUsed 206.38MB rss 262.84MB
4-27-2023 10:42:21-debug: // ---- build task Sort import-map.json ----
4-27-2023 10:42:21-debug: // ---- build task Sort import-map.json ---- (1ms)
4-27-2023 10:42:21-debug: run build task Sort import-map.json success in 1 ms √14%
4-27-2023 10:42:21-debug: // ---- build task web-desktop：onBeforeBuildAssets ----
4-27-2023 10:42:21-debug: Process: heapTotal 237.01MB heapUsed 206.56MB rss 262.83MB
4-27-2023 10:42:21-debug: web-desktop:(onBeforeBuildAssets) start...14%
4-27-2023 10:42:21-debug: // ---- build task web-desktop：onBeforeBuildAssets ---- (1ms)
4-27-2023 10:42:21-debug: web-desktop:(onBeforeBuildAssets) in 1 ms17%
4-27-2023 10:42:21-debug: Build auto-atlas start17%
4-27-2023 10:42:21-debug: // ---- build task Build auto-atlas ----
4-27-2023 10:42:21-debug: Process: heapTotal 237.01MB heapUsed 206.72MB rss 262.83MB
4-27-2023 10:42:21-debug: Start collect pack info from bundleds
4-27-2023 10:42:21-debug: // ---- build task Build auto-atlas ---- (1ms)
4-27-2023 10:42:21-debug: run build task Build auto-atlas success in 1 ms √23%
4-27-2023 10:42:21-debug: Compress Image start23%
4-27-2023 10:42:21-debug: Process: heapTotal 237.01MB heapUsed 206.89MB rss 262.83MB
4-27-2023 10:42:21-debug: // ---- build task Compress Image ----
4-27-2023 10:42:21-debug: run build task Compress Image success in 1 ms √30%
4-27-2023 10:42:21-debug: Copy the resource start30%
4-27-2023 10:42:21-debug: // ---- build task Copy the resource ----
4-27-2023 10:42:21-debug: Process: heapTotal 237.01MB heapUsed 207.05MB rss 262.83MB
4-27-2023 10:42:21-group: Handle bundle internal
4-27-2023 10:42:21-debug: // ---- build task Compress Image ---- (1ms)
4-27-2023 10:42:21-debug: Asset Bundle(internal) handle assets: 20
4-27-2023 10:42:21-groupEnd: Handle bundle internal
4-27-2023 10:42:21-group: Handle bundle main
4-27-2023 10:42:21-debug: Asset Bundle(main) handle assets: 37
4-27-2023 10:42:21-groupEnd: Handle bundle main
4-27-2023 10:42:21-debug: // ---- build task Copy the resource ---- (51ms)
4-27-2023 10:42:21-debug: run build task Copy the resource success in 51 ms √37%
4-27-2023 10:42:21-debug: Build the grouped json and scatter files to the specified location start37%
4-27-2023 10:42:21-debug: // ---- build task Build the grouped json and scatter files to the specified location ----
4-27-2023 10:42:21-group: handle json group
4-27-2023 10:42:21-group: Handle all json groups in bundle internal
4-27-2023 10:42:21-debug: Process: heapTotal 237.23MB heapUsed 209.71MB rss 264.22MB
4-27-2023 10:42:21-group: Build Json
4-27-2023 10:42:21-debug: getSerializedJSON: Use cache serialized JSON of asset ({asset(db://internal/default_materials/ui-alpha-test-material.mtl)})
4-27-2023 10:42:21-debug: getSerializedJSON: Use cache serialized JSON of asset ({asset(db://internal/default_materials/default-clear-stencil.mtl)})
4-27-2023 10:42:21-debug: getSerializedJSON: Use cache serialized JSON of asset ({asset(db://internal/default_materials/default-spine-material.mtl)})
4-27-2023 10:42:21-debug: getSerializedJSON: Use cache serialized JSON of asset ({asset(db://internal/default_materials/missing-effect-material.mtl)})
4-27-2023 10:42:21-debug: getSerializedJSON: Use cache serialized JSON of asset ({asset(db://internal/default_materials/missing-material.mtl)})
4-27-2023 10:42:21-debug: getSerializedJSON: Use cache serialized JSON of asset ({asset(db://internal/default_materials/ui-sprite-gray-alpha-sep-material.mtl)})
4-27-2023 10:42:21-debug: getSerializedJSON: Use cache serialized JSON of asset ({asset(db://internal/default_materials/ui-base-material.mtl)})
4-27-2023 10:42:21-debug: getSerializedJSON: Use cache serialized JSON of asset ({asset(db://internal/default_materials/ui-sprite-gray-material.mtl)})
4-27-2023 10:42:21-debug: getSerializedJSON: Use cache serialized JSON of asset ({asset(db://internal/default_materials/ui-graphics-material.mtl)})
4-27-2023 10:42:21-debug: getSerializedJSON: Use cache serialized JSON of asset ({asset(db://internal/default_materials/ui-sprite-alpha-sep-material.mtl)})
4-27-2023 10:42:21-debug: getSerializedJSON: Use cache serialized JSON of asset ({asset(db://internal/default_materials/ui-sprite-material.mtl)})
4-27-2023 10:42:21-debug: Json group(0846c28f0) compile success，json number: 6
4-27-2023 10:42:21-group: handle single json
4-27-2023 10:42:21-groupEnd: handle json group
4-27-2023 10:42:21-groupEnd: handle single json
4-27-2023 10:42:21-groupEnd: Handle all json groups in bundle internal
4-27-2023 10:42:21-group: Handle all json groups in bundle main
4-27-2023 10:42:21-group: handle json group
4-27-2023 10:42:21-debug: getSerializedJSON: Use cache serialized JSON of asset ({asset(db://assets/Image/mute.png)})
4-27-2023 10:42:21-debug: getSerializedJSON: Use cache serialized JSON of asset ({asset(db://assets/Image/BgWhite.png)})
4-27-2023 10:42:21-debug: getSerializedJSON: Use cache serialized JSON of asset ({asset(db://internal/default_ui/default_btn_pressed.png)})
4-27-2023 10:42:21-debug: getSerializedJSON: Use cache serialized JSON of asset ({asset(db://assets/Image/ValueBoard.png)})
4-27-2023 10:42:21-debug: getSerializedJSON: Use cache serialized JSON of asset ({asset(db://internal/default_ui/default_btn_normal.png)})
4-27-2023 10:42:21-debug: getSerializedJSON: Use cache serialized JSON of asset ({asset(db://internal/default_ui/default_btn_disabled.png)})
4-27-2023 10:42:21-debug: getSerializedJSON: Use cache serialized JSON of asset ({asset(db://assets/Image/audio-speaker-on.png)})
4-27-2023 10:42:21-debug: getSerializedJSON: Use cache serialized JSON of asset ({asset(db://assets/Image/backgroundSudoku.png)})
4-27-2023 10:42:21-debug: getSerializedJSON: Use cache serialized JSON of asset ({asset(db://assets/Image/BgStartGame.jpg)})
4-27-2023 10:42:21-debug: getSerializedJSON: Use cache serialized JSON of asset ({asset(db://internal/default_ui/default_btn_normal.png/spriteFrame)})
4-27-2023 10:42:21-debug: getSerializedJSON: Use cache serialized JSON of asset ({asset(db://assets/Scene/Menu.scene)})
4-27-2023 10:42:21-debug: getSerializedJSON: Use cache serialized JSON of asset ({asset(db://internal/default_ui/default_btn_pressed.png/spriteFrame)})
4-27-2023 10:42:21-debug: getSerializedJSON: Use cache serialized JSON of asset ({asset(db://assets/Music Game/SudoKuBackgroundMusic.mp3)})
4-27-2023 10:42:21-debug: getSerializedJSON: Use cache serialized JSON of asset ({asset(db://assets/Image/mute.png/spriteFrame)})
4-27-2023 10:42:21-debug: getSerializedJSON: Use cache serialized JSON of asset ({asset(db://internal/default_ui/default_btn_disabled.png/spriteFrame)})
4-27-2023 10:42:21-debug: getSerializedJSON: Use cache serialized JSON of asset ({asset(db://assets/Image/audio-speaker-on.png/spriteFrame)})
4-27-2023 10:42:21-debug: getSerializedJSON: Use cache serialized JSON of asset ({asset(db://assets/Image/BgStartGame.jpg/spriteFrame)})
4-27-2023 10:42:21-debug: Json group(051412cf5) compile success，json number: 6
4-27-2023 10:42:21-debug: getSerializedJSON: Use cache serialized JSON of asset ({asset(db://assets/Image/ValueBoard.png/spriteFrame)})
4-27-2023 10:42:21-debug: getSerializedJSON: Use cache serialized JSON of asset ({asset(db://assets/Image/BgWhite.png/spriteFrame)})
4-27-2023 10:42:21-debug: getSerializedJSON: Use cache serialized JSON of asset ({asset(db://assets/Prefab/frameNodeNum.prefab)})
4-27-2023 10:42:21-debug: getSerializedJSON: Use cache serialized JSON of asset ({asset(db://assets/Music Game/LoseSudoku.mp3)})
4-27-2023 10:42:21-debug: getSerializedJSON: Use cache serialized JSON of asset ({asset(db://assets/Prefab/frameNode.prefab)})
4-27-2023 10:42:21-debug: getSerializedJSON: Use cache serialized JSON of asset ({asset(db://assets/Music Game/Tada-sound.mp3)})
4-27-2023 10:42:21-debug: getSerializedJSON: Use cache serialized JSON of asset ({asset(db://assets/Music Game/selectNode.mp3)})
4-27-2023 10:42:21-debug: getSerializedJSON: Use cache serialized JSON of asset ({asset(db://assets/Image/backgroundSudoku.png/spriteFrame)})
4-27-2023 10:42:21-debug: Json group(0396597f3) compile success，json number: 6
4-27-2023 10:42:21-debug: getSerializedJSON: Use cache serialized JSON of asset ({asset(db://assets/Image/mute.png/texture)})
4-27-2023 10:42:21-debug: getSerializedJSON: Use cache serialized JSON of asset ({asset(db://assets/Image/BgWhite.png/texture)})
4-27-2023 10:42:21-debug: getSerializedJSON: Use cache serialized JSON of asset ({asset(db://internal/default_ui/default_btn_pressed.png/texture)})
4-27-2023 10:42:21-debug: getSerializedJSON: Use cache serialized JSON of asset ({asset(db://assets/Image/ValueBoard.png/texture)})
4-27-2023 10:42:21-debug: getSerializedJSON: Use cache serialized JSON of asset ({asset(db://internal/default_ui/default_btn_normal.png/texture)})
4-27-2023 10:42:21-debug: getSerializedJSON: Use cache serialized JSON of asset ({asset(db://internal/default_ui/default_btn_disabled.png/texture)})
4-27-2023 10:42:21-debug: getSerializedJSON: Use cache serialized JSON of asset ({asset(db://assets/Image/audio-speaker-on.png/texture)})
4-27-2023 10:42:21-debug: getSerializedJSON: Use cache serialized JSON of asset ({asset(db://assets/Image/backgroundSudoku.png/texture)})
4-27-2023 10:42:21-debug: getSerializedJSON: Use cache serialized JSON of asset ({asset(db://assets/Image/BgStartGame.jpg/texture)})
4-27-2023 10:42:21-groupEnd: handle json group
4-27-2023 10:42:21-group: handle single json
4-27-2023 10:42:21-debug: getSerializedJSON: Use cache serialized JSON of asset ({asset(db://internal/physics/default-physics-material.pmtl)})
4-27-2023 10:42:21-debug: getSerializedJSON: Use cache serialized JSON of asset ({asset(db://internal/default_renderpipeline/builtin-forward.rpp)})
4-27-2023 10:42:21-groupEnd: handle single json
4-27-2023 10:42:21-groupEnd: Handle all json groups in bundle main
4-27-2023 10:42:21-groupEnd: Build Json
4-27-2023 10:42:21-debug: // ---- build task Build the grouped json and scatter files to the specified location ---- (310ms)
4-27-2023 10:42:21-debug: run build task Build the grouped json and scatter files to the specified location success in 310 ms √43%
4-27-2023 10:42:21-debug: // ---- build task Build script ----
4-27-2023 10:42:21-debug: Build script start43%
4-27-2023 10:42:21-debug: Process: heapTotal 238.12MB heapUsed 210.92MB rss 266.00MB
4-27-2023 10:42:27-log: The asset database is locked, asset operations(refresh) will delay response, please wait a moment.
4-27-2023 10:42:27-log: The asset database is locked, asset operations(refresh) will delay response, please wait a moment.
4-27-2023 10:42:29-debug: Build project script start...43%
4-27-2023 10:42:29-debug: Process: heapTotal 285.60MB heapUsed 254.94MB rss 395.32MB
4-27-2023 10:42:29-log: Run build task(build-script) in child, see: chrome://inspect/#devices
4-27-2023 10:42:30-log: [build-script]enter sub process 14016, C:\ProgramData\cocos\editors\Creator\3.7.2\CocosCreator.exe,C:\ProgramData\cocos\editors\Creator\3.7.2\resources\app.asar\builtin\builder\static\sub-process-index
4-27-2023 10:42:33-log: The asset database is locked, asset operations(refresh) will delay response, please wait a moment.
4-27-2023 10:42:34-log: [build-script]Create cjs interop url for 'file:///C:/Users/ADMIN/OneDrive/M%C3%A1y%20t%C3%ADnh/SudokuMain2/SudokuMain2/node_modules/@dattenlagiday/oc_gamecenter_sdk_pkg/index.js'
4-27-2023 10:42:38-debug: excute-script over with build-script 8927ms
4-27-2023 10:42:38-debug: Copy externalScripts success!
4-27-2023 10:42:38-debug: Build project script in (8983 ms) √43%
4-27-2023 10:42:38-debug: Build engine start...43%
4-27-2023 10:42:38-debug: Process: heapTotal 226.65MB heapUsed 211.48MB rss 335.30MB
4-27-2023 10:42:38-debug: Use cache engine: {link(C:\Users\ADMIN\AppData\Local\Temp\CocosCreator\3.7.2\builder\engine\bfd7aa8b4ff4ae6306e9c4e441bcb743)}
4-27-2023 10:42:38-debug: {"debug":false,"sourceMaps":false,"includeModules":["2d","animation","audio","base","dragon-bones","gfx-webgl","gfx-webgl2","intersection-2d","light-probe","particle-2d","physics-2d-box2d","profiler","spine","tiled-map","tween","ui","video","websocket","webview"],"engineVersion":"3.7.2","platform":"HTML5","md5Map":[],"engineName":"cocos-js","useCache":true,"ammoJsWasm":"fallback","assetURLFormat":"runtime-resolved","flags":{"DEBUG":false,"WEBGPU":false},"entry":"C:\\ProgramData\\cocos\\editors\\Creator\\3.7.2\\resources\\resources\\3d\\engine"}
4-27-2023 10:42:38-debug: Build engine in (224 ms) √43%
4-27-2023 10:42:38-debug: // ---- build task Build script ---- (16832ms)
4-27-2023 10:42:38-debug: run build task Build script success in 16832 ms √50%
4-27-2023 10:42:38-debug: Compress zip bundle start50%
4-27-2023 10:42:38-debug: // ---- build task Compress zip bundle ----
4-27-2023 10:42:38-debug: Process: heapTotal 226.65MB heapUsed 212.39MB rss 335.77MB
4-27-2023 10:42:38-debug: // ---- build task Compress zip bundle ---- (1ms)
4-27-2023 10:42:38-debug: run build task Compress zip bundle success in 1 ms √57%
4-27-2023 10:42:38-debug: // ---- build task Add md5 suffix to assets ----
4-27-2023 10:42:38-debug: Process: heapTotal 226.65MB heapUsed 212.57MB rss 335.94MB
4-27-2023 10:42:38-debug: Add md5 suffix to assets start57%
4-27-2023 10:42:38-debug: // ---- build task Add md5 suffix to assets ---- (1ms)
4-27-2023 10:42:38-debug: run build task Add md5 suffix to assets success in 1 ms √67%
4-27-2023 10:42:38-debug: // ---- build task Init settings and config ----
4-27-2023 10:42:38-debug: Process: heapTotal 226.65MB heapUsed 212.73MB rss 336.06MB
4-27-2023 10:42:38-debug: Init settings and config start67%
4-27-2023 10:42:38-debug: // ---- build task Init settings and config ---- (1ms)
4-27-2023 10:42:38-debug: run build task Init settings and config success in 1 ms √67%
4-27-2023 10:42:38-debug: builder.tasks.settings.macro does not defined in i18n
4-27-2023 10:42:38-debug: builder.tasks.settings.macro start67%
4-27-2023 10:42:38-debug: // ---- build task builder.tasks.settings.macro ----
4-27-2023 10:42:38-debug: Process: heapTotal 226.65MB heapUsed 212.90MB rss 336.23MB
4-27-2023 10:42:39-debug: // ---- build task builder.tasks.settings.macro ---- (55ms)
4-27-2023 10:42:39-debug: run build task builder.tasks.settings.macro success in 55 ms √68%
4-27-2023 10:42:39-debug: Process: heapTotal 226.65MB heapUsed 212.32MB rss 335.49MB
4-27-2023 10:42:39-debug: // ---- build task Sort some build options to settings.json ----
4-27-2023 10:42:39-debug: Sort some build options to settings.json start68%
4-27-2023 10:42:39-debug: // ---- build task Sort some build options to settings.json ---- (59ms)
4-27-2023 10:42:39-debug: run build task Sort some build options to settings.json success in 59 ms √68%
4-27-2023 10:42:39-debug: // ---- build task custom joint texture layouts ----
4-27-2023 10:42:39-debug: Process: heapTotal 226.65MB heapUsed 212.51MB rss 335.73MB
4-27-2023 10:42:39-debug: custom joint texture layouts start68%
4-27-2023 10:42:39-debug: // ---- build task custom joint texture layouts ---- (52ms)
4-27-2023 10:42:39-debug: run build task custom joint texture layouts success in 52 ms √69%
4-27-2023 10:42:39-debug: // ---- build task custom joint physics ----
4-27-2023 10:42:39-debug: Process: heapTotal 226.65MB heapUsed 212.67MB rss 335.88MB
4-27-2023 10:42:39-debug: custom joint physics start69%
4-27-2023 10:42:39-debug: // ---- build task custom joint physics ---- (1ms)
4-27-2023 10:42:39-debug: run build task custom joint physics success in 1 ms √69%
4-27-2023 10:42:39-debug: Fill script data to settings start69%
4-27-2023 10:42:39-debug: Process: heapTotal 226.65MB heapUsed 212.83MB rss 336.04MB
4-27-2023 10:42:39-debug: // ---- build task Fill script data to settings ----
4-27-2023 10:42:39-debug: run build task Fill script data to settings success in 0 ms √70%
4-27-2023 10:42:39-debug: Fill scene data to settings start70%
4-27-2023 10:42:39-debug: // ---- build task Fill scene data to settings ----
4-27-2023 10:42:39-debug: Process: heapTotal 226.65MB heapUsed 212.98MB rss 336.17MB
4-27-2023 10:42:39-debug: // ---- build task Fill scene data to settings ---- (1ms)
4-27-2023 10:42:39-debug: run build task Fill scene data to settings success in 1 ms √71%
4-27-2023 10:42:39-debug: // ---- build task Organize assets groups，generate packedAssets and rawAssets data ----
4-27-2023 10:42:39-debug: Organize assets groups，generate packedAssets and rawAssets data start71%
4-27-2023 10:42:39-debug: Process: heapTotal 226.65MB heapUsed 212.32MB rss 335.48MB
4-27-2023 10:42:39-debug: // ---- build task Organize assets groups，generate packedAssets and rawAssets data ---- (1ms)
4-27-2023 10:42:39-debug: run build task Organize assets groups，generate packedAssets and rawAssets data success in 1 ms √71%
4-27-2023 10:42:39-debug: Generate md5AssetsMap from suffixMap to settings start71%
4-27-2023 10:42:39-debug: // ---- build task Generate md5AssetsMap from suffixMap to settings ----
4-27-2023 10:42:39-debug: Process: heapTotal 226.65MB heapUsed 212.50MB rss 335.66MB
4-27-2023 10:42:39-debug: options.md5Cache is false.
4-27-2023 10:42:39-debug: // ---- build task Generate md5AssetsMap from suffixMap to settings ---- (1ms)
4-27-2023 10:42:39-debug: run build task Generate md5AssetsMap from suffixMap to settings success in 1 ms √72%
4-27-2023 10:42:39-debug: Process: heapTotal 226.65MB heapUsed 212.67MB rss 335.84MB
4-27-2023 10:42:39-debug: web-desktop:(onBeforeCompressSettings) start...72%
4-27-2023 10:42:39-debug: // ---- build task web-desktop：onBeforeCompressSettings ----
4-27-2023 10:42:39-debug: // ---- build task web-desktop：onBeforeCompressSettings ---- (1ms)
4-27-2023 10:42:39-debug: web-desktop:(onBeforeCompressSettings) in 1 ms73%
4-27-2023 10:42:39-debug: cocos-service:(onBeforeCompressSettings) start...73%
4-27-2023 10:42:39-debug: // ---- build task cocos-service：onBeforeCompressSettings ----
4-27-2023 10:42:39-debug: Process: heapTotal 226.65MB heapUsed 212.83MB rss 335.96MB
4-27-2023 10:42:39-debug: // ---- build task cocos-service：onBeforeCompressSettings ---- (318ms)
4-27-2023 10:42:39-debug: Build import-map.json start74%
4-27-2023 10:42:39-debug: cocos-service:(onBeforeCompressSettings) in 318 ms74%
4-27-2023 10:42:39-debug: Process: heapTotal 226.65MB heapUsed 212.27MB rss 335.59MB
4-27-2023 10:42:39-debug: // ---- build task Build import-map.json ----
4-27-2023 10:42:39-debug: // ---- build task Build import-map.json ---- (6ms)
4-27-2023 10:42:39-debug: run build task Build import-map.json success in 6 ms √75%
4-27-2023 10:42:39-debug: // ---- build task Compress settings.json and config.json ----
4-27-2023 10:42:39-debug: Process: heapTotal 226.65MB heapUsed 212.43MB rss 335.75MB
4-27-2023 10:42:39-debug: Compress settings.json and config.json start75%
4-27-2023 10:42:39-debug: // ---- build task Compress settings.json and config.json ---- (2ms)
4-27-2023 10:42:39-debug: run build task Compress settings.json and config.json success in 2 ms √76%
4-27-2023 10:42:39-debug: Save config.json start76%
4-27-2023 10:42:39-debug: // ---- build task Save config.json ----
4-27-2023 10:42:39-debug: Process: heapTotal 226.65MB heapUsed 212.64MB rss 335.82MB
4-27-2023 10:42:39-debug: // ---- build task Save config.json ---- (2ms)
4-27-2023 10:42:39-debug: run build task Save config.json success in 2 ms √76%
4-27-2023 10:42:39-debug: Save Settings.json start76%
4-27-2023 10:42:39-debug: // ---- build task Save Settings.json ----
4-27-2023 10:42:39-debug: Process: heapTotal 226.65MB heapUsed 212.81MB rss 336.00MB
4-27-2023 10:42:40-debug: // ---- build task Save Settings.json ---- (2ms)
4-27-2023 10:42:40-debug: run build task Save Settings.json success in 2 ms √77%
4-27-2023 10:42:40-debug: // ---- build task Save Settings.json ----
4-27-2023 10:42:40-debug: Save Settings.json start77%
4-27-2023 10:42:40-debug: Process: heapTotal 226.65MB heapUsed 212.36MB rss 335.53MB
4-27-2023 10:42:40-debug: run build task Save Settings.json success in 0 ms √78%
4-27-2023 10:42:40-debug: // ---- build task Sort build template ----
4-27-2023 10:42:40-debug: Process: heapTotal 226.65MB heapUsed 212.50MB rss 335.68MB
4-27-2023 10:42:40-debug: Sort build template start78%
4-27-2023 10:42:40-debug: // ---- build task Sort build template ---- (124ms)
4-27-2023 10:42:40-debug: run build task Sort build template success in 124 ms √79%
4-27-2023 10:42:40-debug: cocos-service:(onAfterCompressSettings) start...79%
4-27-2023 10:42:40-debug: // ---- build task cocos-service：onAfterCompressSettings ----
4-27-2023 10:42:40-debug: Process: heapTotal 227.65MB heapUsed 213.32MB rss 338.25MB
4-27-2023 10:42:40-debug: // ---- build task cocos-service：onAfterCompressSettings ---- (247ms)
4-27-2023 10:42:40-debug: cocos-service:(onAfterCompressSettings) in 247 ms81%
4-27-2023 10:42:40-debug: web-desktop:(onAfterBuild) start...81%
4-27-2023 10:42:40-debug: // ---- build task web-desktop：onAfterBuild ----
4-27-2023 10:42:40-debug: Process: heapTotal 227.65MB heapUsed 213.50MB rss 338.26MB
4-27-2023 10:42:40-debug: Use build-template {link(C:\Users\ADMIN\OneDrive\Máy tính\SudokuMain2\SudokuMain2\build-templates\web-desktop)}.
4-27-2023 10:42:40-debug: // ---- build task web-desktop：onAfterBuild ---- (131ms)
4-27-2023 10:42:40-debug: web-desktop:(onAfterBuild) in 131 ms82%
4-27-2023 10:42:40-debug: cocos-service:(onAfterBuild) start...82%
4-27-2023 10:42:40-debug: // ---- build task cocos-service：onAfterBuild ----
4-27-2023 10:42:40-debug: Process: heapTotal 229.65MB heapUsed 214.59MB rss 338.72MB
4-27-2023 10:42:41-debug: // ---- build task cocos-service：onAfterBuild ---- (465ms)
4-27-2023 10:42:41-debug: cocos-service:(onAfterBuild) in 465 ms83%
4-27-2023 10:42:41-log: Asset DB is resume!
4-27-2023 10:42:41-debug: builder:build-project-total (22403ms)
4-27-2023 10:42:41-debug: build success in 22403 ms!
4-27-2023 10:42:41-debug: ================================ build Task (web-desktop-003) Finished in (22450)ms ================================
