4-18-2023 14:24:14-debug: =================================== build Task (web-desktop-002) Start ================================
4-18-2023 14:24:14-debug: Start build task, options:{"name":"SudokuMain2","platform":"web-desktop","buildPath":"project://build","debug":false,"md5Cache":false,"skipCompressTexture":false,"sourceMaps":false,"polyfills":{"asyncFunctions":true},"experimentalEraseModules":false,"useBuiltinServer":false,"mainBundleIsRemote":false,"mainBundleCompressionType":"merge_dep","useSplashScreen":true,"packAutoAtlas":true,"startScene":"9a5bce71-9ae1-4c17-8bed-eb896cfc849c","outputName":"web-desktop-002","scenes":[{"url":"db://assets/Scene/MainGame.scene","uuid":"9a5bce71-9ae1-4c17-8bed-eb896cfc849c","inBundle":false}],"web-desktop":[],"packages":{"web-desktop":{"useWebGPU":false,"resolution":{"designWidth":960,"designHeight":600},"__version__":"1.0.1"},"cocos-service":{"configID":"90c037","services":[],"__version__":"3.0.6"}},"__version__":"1.3.4"}
4-18-2023 14:24:15-debug: cocos-service:(onBeforeBuild) start...0%
4-18-2023 14:24:15-debug: // ---- build task cocos-service：onBeforeBuild ----
4-18-2023 14:24:15-debug: Process: heapTotal 234.61MB heapUsed 206.87MB rss 232.48MB
4-18-2023 14:24:14-debug: Build with Cocos Creator 3.7.2
4-18-2023 14:24:15-debug: // ---- build task cocos-service：onBeforeBuild ---- (420ms)
4-18-2023 14:24:15-debug: cocos-service:(onBeforeBuild) in 420 ms1%
4-18-2023 14:24:15-debug: scene:(onBeforeBuild) start...1%
4-18-2023 14:24:15-debug: // ---- build task scene：onBeforeBuild ----
4-18-2023 14:24:15-debug: Process: heapTotal 234.17MB heapUsed 199.97MB rss 230.25MB
4-18-2023 14:24:15-debug: // ---- build task scene：onBeforeBuild ---- (42ms)
4-18-2023 14:24:15-debug: scene:(onBeforeBuild) in 42 ms2%
4-18-2023 14:24:15-debug: Start lock asset db...2%
4-18-2023 14:24:15-log: Asset DB is paused with build!
4-18-2023 14:24:15-debug: Query all assets info in project
4-18-2023 14:24:15-debug: BuildAssetLibrary query-assets with assets 466
4-18-2023 14:24:15-debug: init custom config: keepNodeUuid: false, useCache: true
4-18-2023 14:24:15-debug:   Number of all scenes: 1
4-18-2023 14:24:15-debug:   Number of all scripts: 3
4-18-2023 14:24:15-debug:   Number of other assets: 323
4-18-2023 14:24:15-debug: web-desktop:(onAfterInit) start...2%
4-18-2023 14:24:15-debug: // ---- build task web-desktop：onAfterInit ----
4-18-2023 14:24:15-debug: Process: heapTotal 234.17MB heapUsed 202.02MB rss 230.17MB
4-18-2023 14:24:15-debug: // ---- build task web-desktop：onAfterInit ---- (2ms)
4-18-2023 14:24:15-debug: web-desktop:(onAfterInit) in 2 ms3%
4-18-2023 14:24:15-debug: cocos-service:(onAfterInit) start...3%
4-18-2023 14:24:15-debug: // ---- build task cocos-service：onAfterInit ----
4-18-2023 14:24:15-debug: Process: heapTotal 234.17MB heapUsed 202.10MB rss 230.18MB
4-18-2023 14:24:16-debug: // ---- build task cocos-service：onAfterInit ---- (268ms)
4-18-2023 14:24:16-debug: cocos-service:(onAfterInit) in 268 ms4%
4-18-2023 14:24:16-debug: Reload project scripts start4%
4-18-2023 14:24:16-debug: // ---- build task Reload project scripts ----
4-18-2023 14:24:16-debug: Process: heapTotal 234.17MB heapUsed 202.21MB rss 230.18MB
4-18-2023 14:24:16-debug: reload all scripts.
4-18-2023 14:24:16-debug: Incremental keys: 
4-18-2023 14:24:16-debug: Set detail map pack:///resolution-detail-map.json: {}
4-18-2023 14:24:16-groupCollapsed: Invalidate all modules
4-18-2023 14:24:16-debug: D:\gameCocos\SudokuMain2\temp\programming\packer-driver\targets\editor\chunks\ce\cee638a986ad8fae09398db255647defcaa6612a.js resolved to D:\gameCocos\SudokuMain2\temp\programming\packer-driver\targets\editor\chunks\ce\cee638a986ad8fae09398db255647defcaa6612a.js is not in module cache!
4-18-2023 14:24:16-debug: [[Executor]] Module "cce:/internal/x/cc-fu/base" loaded.
4-18-2023 14:24:16-debug: [[Executor]] Module "cce:/internal/x/cc-fu/gfx-webgl" loaded.
4-18-2023 14:24:16-debug: [[Executor]] Module "cce:/internal/x/cc-fu/gfx-webgl2" loaded.
4-18-2023 14:24:16-debug: [[Executor]] Module "cce:/internal/x/cc-fu/gfx-empty" loaded.
4-18-2023 14:24:16-debug: [[Executor]] Module "cce:/internal/x/cc-fu/3d" loaded.
4-18-2023 14:24:16-debug: [[Executor]] Module "cce:/internal/x/cc-fu/animation" loaded.
4-18-2023 14:24:16-debug: [[Executor]] Module "cce:/internal/x/cc-fu/skeletal-animation" loaded.
4-18-2023 14:24:16-debug: [[Executor]] Module "cce:/internal/x/cc-fu/2d" loaded.
4-18-2023 14:24:16-debug: [[Executor]] Module "cce:/internal/x/cc-fu/sorting" loaded.
4-18-2023 14:24:16-debug: [[Executor]] Module "cce:/internal/x/cc-fu/ui" loaded.
4-18-2023 14:24:16-debug: [[Executor]] Module "cce:/internal/x/cc-fu/particle" loaded.
4-18-2023 14:24:16-debug: [[Executor]] Module "cce:/internal/x/cc-fu/particle-2d" loaded.
4-18-2023 14:24:16-debug: [[Executor]] Module "cce:/internal/x/cc-fu/physics-framework" loaded.
4-18-2023 14:24:16-debug: [[Executor]] Module "cce:/internal/x/cc-fu/physics-2d-framework" loaded.
4-18-2023 14:24:16-debug: [[Executor]] Module "cce:/internal/x/cc-fu/intersection-2d" loaded.
4-18-2023 14:24:16-debug: [[Executor]] Module "cce:/internal/x/cc-fu/primitive" loaded.
4-18-2023 14:24:16-debug: [[Executor]] Module "cce:/internal/x/cc-fu/profiler" loaded.
4-18-2023 14:24:16-debug: [[Executor]] Module "cce:/internal/x/cc-fu/geometry-renderer" loaded.
4-18-2023 14:24:16-debug: [[Executor]] Module "cce:/internal/x/cc-fu/audio" loaded.
4-18-2023 14:24:16-debug: [[Executor]] Module "cce:/internal/x/cc-fu/video" loaded.
4-18-2023 14:24:16-debug: [[Executor]] Module "cce:/internal/x/cc-fu/xr" loaded.
4-18-2023 14:24:16-debug: [[Executor]] Module "cce:/internal/x/cc-fu/light-probe" loaded.
4-18-2023 14:24:16-debug: [[Executor]] Module "cce:/internal/x/cc-fu/terrain" loaded.
4-18-2023 14:24:16-debug: [[Executor]] Module "cce:/internal/x/cc-fu/webview" loaded.
4-18-2023 14:24:16-debug: [[Executor]] Module "cce:/internal/x/cc-fu/tween" loaded.
4-18-2023 14:24:16-debug: [[Executor]] Module "cce:/internal/x/cc-fu/tiled-map" loaded.
4-18-2023 14:24:16-debug: [[Executor]] Module "cce:/internal/x/cc-fu/spine" loaded.
4-18-2023 14:24:16-debug: [[Executor]] Module "cce:/internal/x/cc-fu/dragon-bones" loaded.
4-18-2023 14:24:16-debug: [[Executor]] Module "cce:/internal/x/cc-fu/custom-pipeline" loaded.
4-18-2023 14:24:16-debug: [[Executor]] Module "cce:/internal/x/cc-fu/base" loaded.
4-18-2023 14:24:16-debug: [[Executor]] Module "cce:/internal/x/cc-fu/gfx-webgl" loaded.
4-18-2023 14:24:16-debug: [[Executor]] Module "cce:/internal/x/cc-fu/gfx-webgl2" loaded.
4-18-2023 14:24:16-debug: [[Executor]] Module "cce:/internal/x/cc-fu/gfx-empty" loaded.
4-18-2023 14:24:16-debug: [[Executor]] Module "cce:/internal/x/cc-fu/3d" loaded.
4-18-2023 14:24:16-debug: [[Executor]] Module "cce:/internal/x/cc-fu/animation" loaded.
4-18-2023 14:24:16-debug: [[Executor]] Module "cce:/internal/x/cc-fu/skeletal-animation" loaded.
4-18-2023 14:24:16-debug: [[Executor]] Module "cce:/internal/x/cc-fu/2d" loaded.
4-18-2023 14:24:16-debug: [[Executor]] Module "cce:/internal/x/cc-fu/sorting" loaded.
4-18-2023 14:24:16-debug: [[Executor]] Module "cce:/internal/x/cc-fu/ui" loaded.
4-18-2023 14:24:16-debug: [[Executor]] Module "cce:/internal/x/cc-fu/particle" loaded.
4-18-2023 14:24:16-debug: [[Executor]] Module "cce:/internal/x/cc-fu/particle-2d" loaded.
4-18-2023 14:24:16-debug: [[Executor]] Module "cce:/internal/x/cc-fu/physics-framework" loaded.
4-18-2023 14:24:16-debug: [[Executor]] Module "cce:/internal/x/cc-fu/physics-2d-framework" loaded.
4-18-2023 14:24:16-debug: [[Executor]] Module "cce:/internal/x/cc-fu/intersection-2d" loaded.
4-18-2023 14:24:16-debug: [[Executor]] Module "cce:/internal/x/cc-fu/primitive" loaded.
4-18-2023 14:24:16-debug: [[Executor]] Module "cce:/internal/x/cc-fu/profiler" loaded.
4-18-2023 14:24:16-debug: [[Executor]] Module "cce:/internal/x/cc-fu/geometry-renderer" loaded.
4-18-2023 14:24:16-debug: [[Executor]] Module "cce:/internal/x/cc-fu/audio" loaded.
4-18-2023 14:24:16-debug: [[Executor]] Module "cce:/internal/x/cc-fu/video" loaded.
4-18-2023 14:24:16-debug: [[Executor]] Module "cce:/internal/x/cc-fu/xr" loaded.
4-18-2023 14:24:16-debug: [[Executor]] Module "cce:/internal/x/cc-fu/light-probe" loaded.
4-18-2023 14:24:16-debug: [[Executor]] Module "cce:/internal/x/cc-fu/terrain" loaded.
4-18-2023 14:24:16-debug: [[Executor]] Module "cce:/internal/x/cc-fu/webview" loaded.
4-18-2023 14:24:16-debug: [[Executor]] Module "cce:/internal/x/cc-fu/tween" loaded.
4-18-2023 14:24:16-debug: [[Executor]] Module "cce:/internal/x/cc-fu/tiled-map" loaded.
4-18-2023 14:24:16-debug: [[Executor]] Module "cce:/internal/x/cc-fu/spine" loaded.
4-18-2023 14:24:16-debug: [[Executor]] Module "cce:/internal/x/cc-fu/dragon-bones" loaded.
4-18-2023 14:24:16-debug: [[Executor]] Module "cce:/internal/x/cc-fu/custom-pipeline" loaded.
4-18-2023 14:24:16-debug: [[Executor]] Module "pack:///chunks/ce/cee638a986ad8fae09398db255647defcaa6612a.js" loaded.
4-18-2023 14:24:16-debug: Invalidating 'pack:///chunks/ce/cee638a986ad8fae09398db255647defcaa6612a.js'
4-18-2023 14:24:16-groupEnd: Invalidate all modules
4-18-2023 14:24:16-groupCollapsed: Imports all modules
4-18-2023 14:24:16-debug: [[Executor]] Module "pack:///chunks/ce/cee638a986ad8fae09398db255647defcaa6612a.js" loaded.
4-18-2023 14:24:16-debug: D:\gameCocos\SudokuMain2\temp\programming\packer-driver\targets\editor\chunks\b0\b04882f6528f528d23c15a1a07354592145c07ab.js resolved to D:\gameCocos\SudokuMain2\temp\programming\packer-driver\targets\editor\chunks\b0\b04882f6528f528d23c15a1a07354592145c07ab.js is not in module cache!
4-18-2023 14:24:16-debug: [[Executor]] Module "pack:///chunks/b0/b04882f6528f528d23c15a1a07354592145c07ab.js" loaded.
4-18-2023 14:24:16-debug: D:\gameCocos\SudokuMain2\temp\programming\packer-driver\targets\editor\chunks\ce\cefe22d8b25680a2bc4b5b1af21d70d430b39051.js resolved to D:\gameCocos\SudokuMain2\temp\programming\packer-driver\targets\editor\chunks\ce\cefe22d8b25680a2bc4b5b1af21d70d430b39051.js is not in module cache!
4-18-2023 14:24:16-debug: [[Executor]] Register DebugViewRuntimeControl
4-18-2023 14:24:16-debug: [[Executor]] Module "pack:///chunks/ce/cefe22d8b25680a2bc4b5b1af21d70d430b39051.js" loaded.
4-18-2023 14:24:16-debug: D:\gameCocos\SudokuMain2\temp\programming\packer-driver\targets\editor\chunks\90\90fb22358970084e0997d2edf12e48be5d6aaded.js resolved to D:\gameCocos\SudokuMain2\temp\programming\packer-driver\targets\editor\chunks\90\90fb22358970084e0997d2edf12e48be5d6aaded.js is not in module cache!
4-18-2023 14:24:16-debug: D:\gameCocos\SudokuMain2\temp\programming\packer-driver\targets\editor\chunks\58\589e2a1c76c4ceff734b6fdfc173ea735d773621.js resolved to D:\gameCocos\SudokuMain2\temp\programming\packer-driver\targets\editor\chunks\58\589e2a1c76c4ceff734b6fdfc173ea735d773621.js is not in module cache!
4-18-2023 14:24:16-debug: D:\gameCocos\SudokuMain2\temp\programming\packer-driver\targets\editor\chunks\55\55f729b8459fa248cc3642e5844ed31d82d13b56.js resolved to D:\gameCocos\SudokuMain2\temp\programming\packer-driver\targets\editor\chunks\55\55f729b8459fa248cc3642e5844ed31d82d13b56.js is not in module cache!
4-18-2023 14:24:16-debug: D:\gameCocos\SudokuMain2\temp\programming\packer-driver\targets\editor\chunks\e2\e22b6f02adf5d686a7ebd142d6b23614b189f373.js resolved to D:\gameCocos\SudokuMain2\temp\programming\packer-driver\targets\editor\chunks\e2\e22b6f02adf5d686a7ebd142d6b23614b189f373.js is not in module cache!
4-18-2023 14:24:16-debug: D:\gameCocos\SudokuMain2\temp\programming\packer-driver\targets\editor\chunks\be\be027f973d8ff1c6fe3dcfebbc993118a793ec1b.js resolved to D:\gameCocos\SudokuMain2\temp\programming\packer-driver\targets\editor\chunks\be\be027f973d8ff1c6fe3dcfebbc993118a793ec1b.js is not in module cache!
4-18-2023 14:24:16-debug: D:\gameCocos\SudokuMain2\temp\programming\packer-driver\targets\editor\chunks\f4\f473c41be3905a75b94d0ae63785ffe2e13af315.js resolved to D:\gameCocos\SudokuMain2\temp\programming\packer-driver\targets\editor\chunks\f4\f473c41be3905a75b94d0ae63785ffe2e13af315.js is not in module cache!
4-18-2023 14:24:16-debug: D:\gameCocos\SudokuMain2\temp\programming\packer-driver\targets\editor\chunks\5f\5f48f6f3212f7d1f3b6746e8732ed2bf4f035d72.js resolved to D:\gameCocos\SudokuMain2\temp\programming\packer-driver\targets\editor\chunks\5f\5f48f6f3212f7d1f3b6746e8732ed2bf4f035d72.js is not in module cache!
4-18-2023 14:24:16-debug: D:\gameCocos\SudokuMain2\temp\programming\packer-driver\targets\editor\chunks\5d\5d0c9abff89291606ce1b41dc703d69015395041.js resolved to D:\gameCocos\SudokuMain2\temp\programming\packer-driver\targets\editor\chunks\5d\5d0c9abff89291606ce1b41dc703d69015395041.js is not in module cache!
4-18-2023 14:24:16-debug: D:\gameCocos\SudokuMain2\temp\programming\packer-driver\targets\editor\chunks\41\41647fa626fc2c97c98d79ddee2b5cafc1fd47f6.js resolved to D:\gameCocos\SudokuMain2\temp\programming\packer-driver\targets\editor\chunks\41\41647fa626fc2c97c98d79ddee2b5cafc1fd47f6.js is not in module cache!
4-18-2023 14:24:16-debug: [[Executor]] Module "pack:///chunks/be/be027f973d8ff1c6fe3dcfebbc993118a793ec1b.js" loaded.
4-18-2023 14:24:16-debug: [[Executor]] Module "pack:///chunks/41/41647fa626fc2c97c98d79ddee2b5cafc1fd47f6.js" loaded.
4-18-2023 14:24:16-debug: [[Executor]] Module "pack:///chunks/5d/5d0c9abff89291606ce1b41dc703d69015395041.js" loaded.
4-18-2023 14:24:16-debug: [[Executor]] Module "pack:///chunks/5f/5f48f6f3212f7d1f3b6746e8732ed2bf4f035d72.js" loaded.
4-18-2023 14:24:16-debug: [[Executor]] Register GameView
4-18-2023 14:24:16-debug: [[Executor]] Module "pack:///chunks/f4/f473c41be3905a75b94d0ae63785ffe2e13af315.js" loaded.
4-18-2023 14:24:16-debug: [[Executor]] Module "pack:///chunks/e2/e22b6f02adf5d686a7ebd142d6b23614b189f373.js" loaded.
4-18-2023 14:24:16-debug: [[Executor]] Module "pack:///chunks/55/55f729b8459fa248cc3642e5844ed31d82d13b56.js" loaded.
4-18-2023 14:24:16-debug: [[Executor]] Module "pack:///chunks/58/589e2a1c76c4ceff734b6fdfc173ea735d773621.js" loaded.
4-18-2023 14:24:16-debug: [[Executor]] Register GameController
4-18-2023 14:24:16-debug: [[Executor]] Module "pack:///chunks/90/90fb22358970084e0997d2edf12e48be5d6aaded.js" loaded.
4-18-2023 14:24:16-debug: [[Executor]] Module "pack:///chunks/b0/b04882f6528f528d23c15a1a07354592145c07ab.js" loaded.
4-18-2023 14:24:16-groupEnd: Imports all modules
4-18-2023 14:24:16-debug: // ---- build task Reload project scripts ---- (340ms)
4-18-2023 14:24:16-debug: run build task Reload project scripts success in 340 ms √6%
4-18-2023 14:24:16-debug: Query asset bundle start6%
4-18-2023 14:24:16-debug: // ---- build task Query asset bundle ----
4-18-2023 14:24:16-debug: Process: heapTotal 234.33MB heapUsed 206.03MB rss 231.65MB
4-18-2023 14:24:16-debug: // ---- build task Query asset bundle ---- (56ms)
4-18-2023 14:24:16-debug: run build task Query asset bundle success in 56 ms √7%
4-18-2023 14:24:16-debug: Query and organize assets start7%
4-18-2023 14:24:16-debug: // ---- build task Query and organize assets ----
4-18-2023 14:24:16-debug: Process: heapTotal 234.33MB heapUsed 201.40MB rss 231.73MB
4-18-2023 14:24:16-debug: init bundle assets
4-18-2023 14:24:16-debug: Query preload assets from cc.config.json: 60f7195c-ec2a-45eb-ba94-8955f60e81d0,1c02ae6f-4492-4915-b8f8-7492a3b1e4cd,810e96e4-e456-4468-9b59-f4e8f39732c0,efe8e2a3-eace-427b-b4f1-cb8a937ec77d,e9aa9a3e-5b2b-4ac7-a2c7-073de2b2b24f,8bbdbcdd-5cd4-4100-b6d5-b7c9625b6107,50f4348b-c883-4e2f-8f11-ce233b859fa1,fda095cb-831d-4601-ad94-846013963de8,f92806d7-1768-443f-afe8-12bcde84d0f0,dd3a144d-ab7f-41f0-82b8-2e43a090d496,f0416e68-0200-4b77-a926-4f9d16e494da,ff9be190-20a4-4e48-b68c-76e3c7cff085,970b0598-bcb0-4714-91fb-2e81440dccd8,bcd64cc6-2dd9-43f6-abbe-66318d332032,d930590d-bb92-4cc8-8bd1-23cd027f9edf,a3cd009f-0ab0-420d-9278-b9fdab939bbc,9361fd90-ba52-4f84-aa93-6e878fd576ca,c27215d8-6835-4b68-bfbb-bdeac6100c04,b5d6115f-0370-4d7c-aad3-c194cc71cf98,871c3b6c-7379-419d-bda3-794b239ab90d
4-18-2023 14:24:16-debug: Number of scenes: 1
4-18-2023 14:24:16-debug: Start sort share asset in bundle
4-18-2023 14:24:16-debug: Number of assets: 60
4-18-2023 14:24:16-debug: Number of asset bundle: 2
4-18-2023 14:24:16-debug: // ---- build task Query and organize assets ---- (71ms)
4-18-2023 14:24:16-debug: run build task Query and organize assets success in 71 ms √8%
4-18-2023 14:24:16-debug: Organize scripts start8%
4-18-2023 14:24:16-debug: // ---- build task Organize scripts ----
4-18-2023 14:24:16-debug: sort script group...
4-18-2023 14:24:16-debug: Process: heapTotal 234.59MB heapUsed 202.73MB rss 232.05MB
4-18-2023 14:24:16-debug: // ---- build task Organize scripts ---- (1ms)
4-18-2023 14:24:16-debug: run build task Organize scripts success in 1 ms √9%
4-18-2023 14:24:16-debug: Organize texture compression tasks start9%
4-18-2023 14:24:16-debug: // ---- build task Organize texture compression tasks ----
4-18-2023 14:24:16-debug: Process: heapTotal 234.59MB heapUsed 202.82MB rss 232.06MB
4-18-2023 14:24:16-debug: Number of image-compress task: 0
4-18-2023 14:24:16-debug: // ---- build task Organize texture compression tasks ---- (46ms)
4-18-2023 14:24:16-debug: run build task Organize texture compression tasks success in 46 ms √11%
4-18-2023 14:24:16-debug: Group json start11%
4-18-2023 14:24:16-debug: // ---- build task Group json ----
4-18-2023 14:24:16-debug: Process: heapTotal 234.59MB heapUsed 202.97MB rss 232.27MB
4-18-2023 14:24:16-debug: Number of json group with bundle(internal): 1
4-18-2023 14:24:16-debug: Number of json group with bundle(main) 2
4-18-2023 14:24:16-debug: Start sort the json group of bundle(main)...
4-18-2023 14:24:16-debug: Number of json group: 2
4-18-2023 14:24:16-debug: // ---- build task Group json ---- (2ms)
4-18-2023 14:24:16-debug: run build task Group json success in 2 ms √12%
4-18-2023 14:24:16-debug: Merging Texture2D json start12%
4-18-2023 14:24:16-debug: // ---- build task Merging Texture2D json ----
4-18-2023 14:24:16-debug: Process: heapTotal 234.59MB heapUsed 203.12MB rss 232.27MB
4-18-2023 14:24:16-debug: // ---- build task Merging Texture2D json ---- (5ms)
4-18-2023 14:24:16-debug: run build task Merging Texture2D json success in 5 ms √13%
4-18-2023 14:24:16-debug: Sort import-map.json start13%
4-18-2023 14:24:16-debug: // ---- build task Sort import-map.json ----
4-18-2023 14:24:16-debug: Process: heapTotal 234.59MB heapUsed 203.22MB rss 232.29MB
4-18-2023 14:24:16-debug: // ---- build task Sort import-map.json ---- (2ms)
4-18-2023 14:24:16-debug: run build task Sort import-map.json success in 2 ms √14%
4-18-2023 14:24:16-debug: web-desktop:(onBeforeBuildAssets) start...14%
4-18-2023 14:24:16-debug: // ---- build task web-desktop：onBeforeBuildAssets ----
4-18-2023 14:24:16-debug: Process: heapTotal 234.59MB heapUsed 203.33MB rss 232.41MB
4-18-2023 14:24:16-debug: // ---- build task web-desktop：onBeforeBuildAssets ---- (1ms)
4-18-2023 14:24:16-debug: web-desktop:(onBeforeBuildAssets) in 1 ms17%
4-18-2023 14:24:16-debug: Build auto-atlas start17%
4-18-2023 14:24:16-debug: // ---- build task Build auto-atlas ----
4-18-2023 14:24:16-debug: Process: heapTotal 234.59MB heapUsed 203.43MB rss 232.38MB
4-18-2023 14:24:16-debug: Start collect pack info from bundleds
4-18-2023 14:24:17-debug: // ---- build task Build auto-atlas ---- (1ms)
4-18-2023 14:24:17-debug: run build task Build auto-atlas success in 1 ms √23%
4-18-2023 14:24:17-debug: Compress Image start23%
4-18-2023 14:24:17-debug: // ---- build task Compress Image ----
4-18-2023 14:24:17-debug: Process: heapTotal 234.59MB heapUsed 203.54MB rss 232.32MB
4-18-2023 14:24:17-debug: // ---- build task Compress Image ---- (1ms)
4-18-2023 14:24:17-debug: run build task Compress Image success in 1 ms √30%
4-18-2023 14:24:17-debug: Copy the resource start30%
4-18-2023 14:24:17-debug: // ---- build task Copy the resource ----
4-18-2023 14:24:17-debug: Process: heapTotal 234.59MB heapUsed 203.63MB rss 232.24MB
4-18-2023 14:24:17-group: Handle bundle internal
4-18-2023 14:24:17-debug: Asset Bundle(internal) handle assets: 20
4-18-2023 14:24:17-groupEnd: Handle bundle internal
4-18-2023 14:24:17-group: Handle bundle main
4-18-2023 14:24:17-debug: Asset Bundle(main) handle assets: 40
4-18-2023 14:24:17-debug: // ---- build task Copy the resource ---- (139ms)
4-18-2023 14:24:17-debug: run build task Copy the resource success in 139 ms √37%
4-18-2023 14:24:17-groupEnd: Handle bundle main
4-18-2023 14:24:17-debug: Build the grouped json and scatter files to the specified location start37%
4-18-2023 14:24:17-debug: // ---- build task Build the grouped json and scatter files to the specified location ----
4-18-2023 14:24:17-group: Build Json
4-18-2023 14:24:17-group: Handle all json groups in bundle internal
4-18-2023 14:24:17-group: handle json group
4-18-2023 14:24:17-debug: Process: heapTotal 234.85MB heapUsed 206.13MB rss 233.84MB
4-18-2023 14:24:17-debug: getSerializedJSON: Use cache serialized JSON of asset ({asset(db://internal/default_materials/ui-alpha-test-material.mtl)})
4-18-2023 14:24:17-debug: getSerializedJSON: Use cache serialized JSON of asset ({asset(db://internal/default_materials/default-clear-stencil.mtl)})
4-18-2023 14:24:17-debug: getSerializedJSON: Use cache serialized JSON of asset ({asset(db://internal/default_materials/default-spine-material.mtl)})
4-18-2023 14:24:17-debug: getSerializedJSON: Use cache serialized JSON of asset ({asset(db://internal/default_materials/missing-effect-material.mtl)})
4-18-2023 14:24:17-debug: getSerializedJSON: Use cache serialized JSON of asset ({asset(db://internal/default_materials/missing-material.mtl)})
4-18-2023 14:24:17-debug: getSerializedJSON: Use cache serialized JSON of asset ({asset(db://internal/default_materials/ui-sprite-gray-alpha-sep-material.mtl)})
4-18-2023 14:24:17-debug: getSerializedJSON: Use cache serialized JSON of asset ({asset(db://internal/default_materials/ui-base-material.mtl)})
4-18-2023 14:24:17-debug: getSerializedJSON: Use cache serialized JSON of asset ({asset(db://internal/default_materials/ui-sprite-gray-material.mtl)})
4-18-2023 14:24:17-debug: getSerializedJSON: Use cache serialized JSON of asset ({asset(db://internal/default_materials/ui-graphics-material.mtl)})
4-18-2023 14:24:17-debug: getSerializedJSON: Use cache serialized JSON of asset ({asset(db://internal/default_materials/ui-sprite-alpha-sep-material.mtl)})
4-18-2023 14:24:17-debug: getSerializedJSON: Use cache serialized JSON of asset ({asset(db://internal/default_materials/ui-sprite-material.mtl)})
4-18-2023 14:24:17-debug: Json group(0846c28f0) compile success，json number: 6
4-18-2023 14:24:17-groupEnd: handle json group
4-18-2023 14:24:17-group: handle single json
4-18-2023 14:24:17-groupEnd: handle single json
4-18-2023 14:24:17-groupEnd: Handle all json groups in bundle internal
4-18-2023 14:24:17-group: Handle all json groups in bundle main
4-18-2023 14:24:17-group: handle json group
4-18-2023 14:24:17-debug: getSerializedJSON: Use cache serialized JSON of asset ({asset(db://assets/Image/setting.png)})
4-18-2023 14:24:17-debug: getSerializedJSON: Use cache serialized JSON of asset ({asset(db://assets/Image/BgWhite.png)})
4-18-2023 14:24:17-debug: getSerializedJSON: Use cache serialized JSON of asset ({asset(db://internal/default_ui/default_btn_pressed.png)})
4-18-2023 14:24:17-debug: getSerializedJSON: Use cache serialized JSON of asset ({asset(db://assets/Image/ValueBoard.png)})
4-18-2023 14:24:17-debug: getSerializedJSON: Use cache serialized JSON of asset ({asset(db://internal/default_ui/default_btn_normal.png)})
4-18-2023 14:24:17-debug: getSerializedJSON: Use cache serialized JSON of asset ({asset(db://internal/default_ui/default_scrollbar_bg.png)})
4-18-2023 14:24:17-debug: getSerializedJSON: Use cache serialized JSON of asset ({asset(db://internal/default_ui/default_btn_disabled.png)})
4-18-2023 14:24:17-debug: getSerializedJSON: Use cache serialized JSON of asset ({asset(db://assets/Image/backgroundSudoku.png)})
4-18-2023 14:24:17-debug: getSerializedJSON: Use cache serialized JSON of asset ({asset(db://internal/default_ui/default_radio_button_off.png)})
4-18-2023 14:24:17-debug: getSerializedJSON: Use cache serialized JSON of asset ({asset(db://assets/Image/BgStartGame.jpg)})
4-18-2023 14:24:17-debug: getSerializedJSON: Use cache serialized JSON of asset ({asset(db://assets/Image/ValueBoard.png/spriteFrame)})
4-18-2023 14:24:17-debug: getSerializedJSON: Use cache serialized JSON of asset ({asset(db://internal/default_ui/default_btn_normal.png/spriteFrame)})
4-18-2023 14:24:17-debug: getSerializedJSON: Use cache serialized JSON of asset ({asset(db://internal/default_ui/default_scrollbar_bg.png/spriteFrame)})
4-18-2023 14:24:17-debug: getSerializedJSON: Use cache serialized JSON of asset ({asset(db://assets/Image/BgWhite.png/spriteFrame)})
4-18-2023 14:24:17-debug: getSerializedJSON: Use cache serialized JSON of asset ({asset(db://assets/Image/setting.png/spriteFrame)})
4-18-2023 14:24:17-debug: getSerializedJSON: Use cache serialized JSON of asset ({asset(db://internal/default_ui/default_btn_pressed.png/spriteFrame)})
4-18-2023 14:24:17-debug: getSerializedJSON: Use cache serialized JSON of asset ({asset(db://assets/Music Game/SudoKuBackgroundMusic.mp3)})
4-18-2023 14:24:17-debug: getSerializedJSON: Use cache serialized JSON of asset ({asset(db://assets/Prefab/frameNodeNum.prefab)})
4-18-2023 14:24:17-debug: getSerializedJSON: Use cache serialized JSON of asset ({asset(db://internal/default_ui/default_btn_disabled.png/spriteFrame)})
4-18-2023 14:24:17-debug: getSerializedJSON: Use cache serialized JSON of asset ({asset(db://assets/Music Game/LoseSudoku.mp3)})
4-18-2023 14:24:17-debug: getSerializedJSON: Use cache serialized JSON of asset ({asset(db://assets/Prefab/frameNode.prefab)})
4-18-2023 14:24:17-debug: getSerializedJSON: Use cache serialized JSON of asset ({asset(db://assets/Music Game/Tada-sound.mp3)})
4-18-2023 14:24:17-debug: getSerializedJSON: Use cache serialized JSON of asset ({asset(db://assets/Music Game/selectNode.mp3)})
4-18-2023 14:24:17-debug: getSerializedJSON: Use cache serialized JSON of asset ({asset(db://assets/Music Game/game-start.mp3)})
4-18-2023 14:24:17-debug: getSerializedJSON: Use cache serialized JSON of asset ({asset(db://internal/default_ui/default_radio_button_off.png/spriteFrame)})
4-18-2023 14:24:17-debug: getSerializedJSON: Use cache serialized JSON of asset ({asset(db://assets/Image/backgroundSudoku.png/spriteFrame)})
4-18-2023 14:24:17-debug: getSerializedJSON: Use cache serialized JSON of asset ({asset(db://assets/Image/BgStartGame.jpg/spriteFrame)})
4-18-2023 14:24:17-debug: Json group(048a65e30) compile success，json number: 6
4-18-2023 14:24:17-debug: getSerializedJSON: Use cache serialized JSON of asset ({asset(db://assets/Image/setting.png/texture)})
4-18-2023 14:24:17-debug: getSerializedJSON: Use cache serialized JSON of asset ({asset(db://assets/Image/BgWhite.png/texture)})
4-18-2023 14:24:17-debug: getSerializedJSON: Use cache serialized JSON of asset ({asset(db://internal/default_ui/default_btn_pressed.png/texture)})
4-18-2023 14:24:17-debug: getSerializedJSON: Use cache serialized JSON of asset ({asset(db://assets/Image/ValueBoard.png/texture)})
4-18-2023 14:24:17-debug: getSerializedJSON: Use cache serialized JSON of asset ({asset(db://internal/default_ui/default_btn_normal.png/texture)})
4-18-2023 14:24:17-debug: getSerializedJSON: Use cache serialized JSON of asset ({asset(db://internal/default_ui/default_scrollbar_bg.png/texture)})
4-18-2023 14:24:17-debug: getSerializedJSON: Use cache serialized JSON of asset ({asset(db://internal/default_ui/default_btn_disabled.png/texture)})
4-18-2023 14:24:17-debug: getSerializedJSON: Use cache serialized JSON of asset ({asset(db://assets/Image/backgroundSudoku.png/texture)})
4-18-2023 14:24:17-debug: getSerializedJSON: Use cache serialized JSON of asset ({asset(db://internal/default_ui/default_radio_button_off.png/texture)})
4-18-2023 14:24:17-debug: getSerializedJSON: Use cache serialized JSON of asset ({asset(db://assets/Image/BgStartGame.jpg/texture)})
4-18-2023 14:24:17-groupEnd: handle json group
4-18-2023 14:24:17-group: handle single json
4-18-2023 14:24:17-debug: getSerializedJSON: Use cache serialized JSON of asset ({asset(db://internal/physics/default-physics-material.pmtl)})
4-18-2023 14:24:17-debug: getSerializedJSON: Use cache serialized JSON of asset ({asset(db://internal/default_renderpipeline/builtin-forward.rpp)})
4-18-2023 14:24:17-groupEnd: handle single json
4-18-2023 14:24:17-groupEnd: Handle all json groups in bundle main
4-18-2023 14:24:17-groupEnd: Build Json
4-18-2023 14:24:17-debug: // ---- build task Build the grouped json and scatter files to the specified location ---- (748ms)
4-18-2023 14:24:17-debug: run build task Build the grouped json and scatter files to the specified location success in 748 ms √43%
4-18-2023 14:24:17-debug: Build script start43%
4-18-2023 14:24:17-debug: // ---- build task Build script ----
4-18-2023 14:24:17-debug: Process: heapTotal 235.30MB heapUsed 206.26MB rss 235.65MB
4-18-2023 14:24:27-debug: Build project script start...43%
4-18-2023 14:24:27-debug: Process: heapTotal 285.89MB heapUsed 254.41MB rss 339.24MB
4-18-2023 14:24:27-log: Run build task(build-script) in child, see: chrome://inspect/#devices
4-18-2023 14:24:28-log: [build-script]enter sub process 2476, C:\ProgramData\cocos\editors\Creator\3.7.2\CocosCreator.exe,C:\ProgramData\cocos\editors\Creator\3.7.2\resources\app.asar\builtin\builder\static\sub-process-index
4-18-2023 14:24:34-log: [build-script]Create cjs interop url for 'file:///D:/gameCocos/SudokuMain2/node_modules/@dattenlagiday/oc_gamecenter_sdk_pkg/index.js'
4-18-2023 14:24:40-debug: excute-script over with build-script 12867ms
4-18-2023 14:24:40-debug: Copy externalScripts success!
4-18-2023 14:24:40-debug: Build project script in (12923 ms) √43%
4-18-2023 14:24:40-debug: Build engine start...43%
4-18-2023 14:24:40-debug: Process: heapTotal 285.89MB heapUsed 254.64MB rss 334.93MB
4-18-2023 14:24:40-debug: Use cache engine: {link(C:\Users\phamv\AppData\Local\Temp\CocosCreator\3.7.2\builder\engine\bfd7aa8b4ff4ae6306e9c4e441bcb743)}
4-18-2023 14:24:40-debug: {"debug":false,"sourceMaps":false,"includeModules":["2d","animation","audio","base","dragon-bones","gfx-webgl","gfx-webgl2","intersection-2d","light-probe","particle-2d","physics-2d-box2d","profiler","spine","tiled-map","tween","ui","video","websocket","webview"],"engineVersion":"3.7.2","platform":"HTML5","md5Map":[],"engineName":"cocos-js","useCache":true,"ammoJsWasm":"fallback","assetURLFormat":"runtime-resolved","flags":{"DEBUG":false,"WEBGPU":false},"entry":"C:\\ProgramData\\cocos\\editors\\Creator\\3.7.2\\resources\\resources\\3d\\engine"}
4-18-2023 14:24:40-debug: Build engine in (373 ms) √43%
4-18-2023 14:24:40-debug: // ---- build task Build script ---- (22821ms)
4-18-2023 14:24:40-debug: run build task Build script success in 22821 ms √50%
4-18-2023 14:24:40-debug: Compress zip bundle start50%
4-18-2023 14:24:40-debug: // ---- build task Compress zip bundle ----
4-18-2023 14:24:40-debug: Process: heapTotal 285.89MB heapUsed 257.06MB rss 335.21MB
4-18-2023 14:24:40-debug: // ---- build task Compress zip bundle ---- (1ms)
4-18-2023 14:24:40-debug: run build task Compress zip bundle success in 1 ms √57%
4-18-2023 14:24:40-debug: Add md5 suffix to assets start57%
4-18-2023 14:24:40-debug: // ---- build task Add md5 suffix to assets ----
4-18-2023 14:24:40-debug: Process: heapTotal 285.89MB heapUsed 257.18MB rss 335.21MB
4-18-2023 14:24:40-debug: run build task Add md5 suffix to assets success in 0 ms √67%
4-18-2023 14:24:40-debug: Init settings and config start67%
4-18-2023 14:24:40-debug: // ---- build task Init settings and config ----
4-18-2023 14:24:40-debug: Process: heapTotal 285.89MB heapUsed 257.26MB rss 335.22MB
4-18-2023 14:24:40-debug: // ---- build task Init settings and config ---- (1ms)
4-18-2023 14:24:40-debug: run build task Init settings and config success in 1 ms √67%
4-18-2023 14:24:40-debug: builder.tasks.settings.macro does not defined in i18n
4-18-2023 14:24:40-debug: builder.tasks.settings.macro start67%
4-18-2023 14:24:40-debug: // ---- build task builder.tasks.settings.macro ----
4-18-2023 14:24:40-debug: Process: heapTotal 285.89MB heapUsed 257.37MB rss 335.22MB
4-18-2023 14:24:40-debug: // ---- build task builder.tasks.settings.macro ---- (48ms)
4-18-2023 14:24:40-debug: run build task builder.tasks.settings.macro success in 48 ms √68%
4-18-2023 14:24:40-debug: Sort some build options to settings.json start68%
4-18-2023 14:24:40-debug: // ---- build task Sort some build options to settings.json ----
4-18-2023 14:24:40-debug: Process: heapTotal 285.89MB heapUsed 257.46MB rss 335.22MB
4-18-2023 14:24:40-debug: // ---- build task Sort some build options to settings.json ---- (43ms)
4-18-2023 14:24:40-debug: run build task Sort some build options to settings.json success in 43 ms √68%
4-18-2023 14:24:40-debug: custom joint texture layouts start68%
4-18-2023 14:24:40-debug: // ---- build task custom joint texture layouts ----
4-18-2023 14:24:40-debug: Process: heapTotal 285.89MB heapUsed 257.60MB rss 335.27MB
4-18-2023 14:24:41-debug: // ---- build task custom joint texture layouts ---- (44ms)
4-18-2023 14:24:41-debug: run build task custom joint texture layouts success in 44 ms √69%
4-18-2023 14:24:41-debug: custom joint physics start69%
4-18-2023 14:24:41-debug: // ---- build task custom joint physics ----
4-18-2023 14:24:41-debug: Process: heapTotal 285.89MB heapUsed 257.69MB rss 335.28MB
4-18-2023 14:24:41-debug: // ---- build task custom joint physics ---- (1ms)
4-18-2023 14:24:41-debug: run build task custom joint physics success in 1 ms √69%
4-18-2023 14:24:41-debug: Fill script data to settings start69%
4-18-2023 14:24:41-debug: // ---- build task Fill script data to settings ----
4-18-2023 14:24:41-debug: Process: heapTotal 285.89MB heapUsed 257.79MB rss 335.29MB
4-18-2023 14:24:41-debug: // ---- build task Fill script data to settings ---- (1ms)
4-18-2023 14:24:41-debug: run build task Fill script data to settings success in 1 ms √70%
4-18-2023 14:24:41-debug: Fill scene data to settings start70%
4-18-2023 14:24:41-debug: // ---- build task Fill scene data to settings ----
4-18-2023 14:24:41-debug: Process: heapTotal 239.44MB heapUsed 212.66MB rss 305.74MB
4-18-2023 14:24:41-debug: // ---- build task Fill scene data to settings ---- (2ms)
4-18-2023 14:24:41-debug: run build task Fill scene data to settings success in 2 ms √71%
4-18-2023 14:24:41-debug: Organize assets groups，generate packedAssets and rawAssets data start71%
4-18-2023 14:24:41-debug: // ---- build task Organize assets groups，generate packedAssets and rawAssets data ----
4-18-2023 14:24:41-debug: Process: heapTotal 239.44MB heapUsed 212.75MB rss 278.45MB
4-18-2023 14:24:41-debug: // ---- build task Organize assets groups，generate packedAssets and rawAssets data ---- (1ms)
4-18-2023 14:24:41-debug: run build task Organize assets groups，generate packedAssets and rawAssets data success in 1 ms √71%
4-18-2023 14:24:41-debug: Generate md5AssetsMap from suffixMap to settings start71%
4-18-2023 14:24:41-debug: // ---- build task Generate md5AssetsMap from suffixMap to settings ----
4-18-2023 14:24:41-debug: Process: heapTotal 239.44MB heapUsed 212.87MB rss 278.04MB
4-18-2023 14:24:41-debug: options.md5Cache is false.
4-18-2023 14:24:41-debug: // ---- build task Generate md5AssetsMap from suffixMap to settings ---- (1ms)
4-18-2023 14:24:41-debug: run build task Generate md5AssetsMap from suffixMap to settings success in 1 ms √72%
4-18-2023 14:24:41-debug: web-desktop:(onBeforeCompressSettings) start...72%
4-18-2023 14:24:41-debug: // ---- build task web-desktop：onBeforeCompressSettings ----
4-18-2023 14:24:41-debug: Process: heapTotal 239.44MB heapUsed 212.98MB rss 278.04MB
4-18-2023 14:24:41-debug: // ---- build task web-desktop：onBeforeCompressSettings ---- (1ms)
4-18-2023 14:24:41-debug: web-desktop:(onBeforeCompressSettings) in 1 ms73%
4-18-2023 14:24:41-debug: cocos-service:(onBeforeCompressSettings) start...73%
4-18-2023 14:24:41-debug: // ---- build task cocos-service：onBeforeCompressSettings ----
4-18-2023 14:24:41-debug: Process: heapTotal 239.44MB heapUsed 213.08MB rss 278.04MB
4-18-2023 14:24:42-debug: // ---- build task cocos-service：onBeforeCompressSettings ---- (782ms)
4-18-2023 14:24:42-debug: cocos-service:(onBeforeCompressSettings) in 782 ms74%
4-18-2023 14:24:42-debug: // ---- build task Build import-map.json ----
4-18-2023 14:24:42-debug: Process: heapTotal 226.19MB heapUsed 211.12MB rss 273.70MB
4-18-2023 14:24:42-debug: Build import-map.json start74%
4-18-2023 14:24:42-debug: // ---- build task Build import-map.json ---- (4ms)
4-18-2023 14:24:42-debug: run build task Build import-map.json success in 4 ms √75%
4-18-2023 14:24:42-debug: Compress settings.json and config.json start75%
4-18-2023 14:24:42-debug: // ---- build task Compress settings.json and config.json ----
4-18-2023 14:24:42-debug: Process: heapTotal 226.19MB heapUsed 211.22MB rss 273.63MB
4-18-2023 14:24:42-debug: // ---- build task Compress settings.json and config.json ---- (3ms)
4-18-2023 14:24:42-debug: run build task Compress settings.json and config.json success in 3 ms √76%
4-18-2023 14:24:42-debug: Save config.json start76%
4-18-2023 14:24:42-debug: // ---- build task Save config.json ----
4-18-2023 14:24:42-debug: Process: heapTotal 226.19MB heapUsed 211.37MB rss 273.79MB
4-18-2023 14:24:42-debug: // ---- build task Save config.json ---- (3ms)
4-18-2023 14:24:42-debug: run build task Save config.json success in 3 ms √76%
4-18-2023 14:24:42-debug: Save Settings.json start76%
4-18-2023 14:24:42-debug: // ---- build task Save Settings.json ----
4-18-2023 14:24:42-debug: Process: heapTotal 226.19MB heapUsed 211.48MB rss 273.89MB
4-18-2023 14:24:42-debug: // ---- build task Save Settings.json ---- (1ms)
4-18-2023 14:24:42-debug: run build task Save Settings.json success in 1 ms √77%
4-18-2023 14:24:42-debug: Save Settings.json start77%
4-18-2023 14:24:42-debug: // ---- build task Save Settings.json ----
4-18-2023 14:24:42-debug: Process: heapTotal 226.19MB heapUsed 211.63MB rss 274.09MB
4-18-2023 14:24:42-debug: // ---- build task Save Settings.json ---- (1ms)
4-18-2023 14:24:42-debug: run build task Save Settings.json success in 1 ms √78%
4-18-2023 14:24:42-debug: Sort build template start78%
4-18-2023 14:24:42-debug: // ---- build task Sort build template ----
4-18-2023 14:24:42-debug: Process: heapTotal 226.19MB heapUsed 211.72MB rss 274.19MB
4-18-2023 14:24:42-debug: // ---- build task Sort build template ---- (257ms)
4-18-2023 14:24:42-debug: run build task Sort build template success in 257 ms √79%
4-18-2023 14:24:42-debug: cocos-service:(onAfterCompressSettings) start...79%
4-18-2023 14:24:42-debug: // ---- build task cocos-service：onAfterCompressSettings ----
4-18-2023 14:24:42-debug: Process: heapTotal 226.44MB heapUsed 212.06MB rss 274.49MB
4-18-2023 14:24:43-debug: // ---- build task cocos-service：onAfterCompressSettings ---- (587ms)
4-18-2023 14:24:43-debug: cocos-service:(onAfterCompressSettings) in 587 ms81%
4-18-2023 14:24:43-debug: web-desktop:(onAfterBuild) start...81%
4-18-2023 14:24:43-debug: // ---- build task web-desktop：onAfterBuild ----
4-18-2023 14:24:43-debug: Process: heapTotal 225.94MB heapUsed 210.87MB rss 274.56MB
4-18-2023 14:24:43-debug: // ---- build task web-desktop：onAfterBuild ---- (113ms)
4-18-2023 14:24:43-debug: web-desktop:(onAfterBuild) in 113 ms82%
4-18-2023 14:24:43-debug: cocos-service:(onAfterBuild) start...82%
4-18-2023 14:24:43-debug: // ---- build task cocos-service：onAfterBuild ----
4-18-2023 14:24:43-debug: Process: heapTotal 225.94MB heapUsed 211.36MB rss 274.48MB
4-18-2023 14:24:43-debug: // ---- build task cocos-service：onAfterBuild ---- (252ms)
4-18-2023 14:24:43-debug: cocos-service:(onAfterBuild) in 252 ms83%
4-18-2023 14:24:43-log: Asset DB is resume!
4-18-2023 14:24:43-debug: builder:build-project-total (29176ms)
4-18-2023 14:24:43-debug: build success in 29176 ms!
4-18-2023 14:24:43-debug: ================================ build Task (web-desktop-002) Finished in (29248)ms ================================
4-18-2023 14:24:46-debug: // ---- builder:run-build-stage-run ----
4-18-2023 14:24:46-log: [task:run]: init options success, 10%
4-18-2023 14:24:46-debug: init options success
4-18-2023 14:24:46-log: [task:run]: web-desktop:(run) start..., 10%
4-18-2023 14:24:46-debug: web-desktop:(run) start...
4-18-2023 14:24:46-debug: // ---- build task web-desktop：run ----
4-18-2023 14:24:46-log: [task:run]: web-desktop:(run) in null ms √, 10%
4-18-2023 14:24:46-debug: web-desktop:(run) in null ms √
4-18-2023 14:24:46-log: [task:run]: success!
4-18-2023 14:27:52-debug: // ---- builder:run-build-stage-run ----
4-18-2023 14:27:52-log: [task:run]: init options success, 10%
4-18-2023 14:27:52-debug: init options success
4-18-2023 14:27:52-log: [task:run]: web-desktop:(run) start..., 10%
4-18-2023 14:27:52-debug: web-desktop:(run) start...
4-18-2023 14:27:52-debug: // ---- build task web-desktop：run ----
4-18-2023 14:27:53-log: [task:run]: web-desktop:(run) in null ms √, 10%
4-18-2023 14:27:53-debug: web-desktop:(run) in null ms √
4-18-2023 14:27:53-log: [task:run]: success!
