debug: Tue, 25 Apr 2023 03:45:23 GMT
debug: Project: C:\Users\ADMIN\OneDrive\Máy tính\SudokuMain2\SudokuMain2
debug: Targets: editor,preview
debug: Incremental file seems great.
debug: Engine path: C:\ProgramData\cocos\editors\Creator\3.7.2\resources\resources\3d\engine
debug: Initializing target [Editor]
debug: Loading cache
debug: Loading cache costs 1.4570000171661377ms.
debug: Engine features shipped in editor: base,gfx-webgl,gfx-webgl2,gfx-empty,3d,animation,skeletal-animation,2d,ui,particle,particle-2d,physics-framework,physics-2d-framework,intersection-2d,primitive,profiler,occlusion-query,geometry-renderer,debug-renderer,audio,video,xr,light-probe,terrain,webview,tween,tiled-map,spine,dragon-bones,marionette,custom-pipeline,websocket,websocket-server
debug: Our import map(foo:/bar): {
  "imports": {
    "cc": "cce:/internal/x/cc"
  }
}
debug: Initializing target [Preview]
debug: Loading cache
debug: Loading cache costs 0.9932000637054443ms.
debug: Our import map(foo:/bar): {
  "imports": {
    "cc": "cce:/internal/x/cc"
  }
}
debug: Sync engine features: 2d,animation,audio,base,dragon-bones,gfx-webgl,gfx-webgl2,intersection-2d,light-probe,particle-2d,physics-2d-box2d,profiler,spine,tiled-map,tween,ui,video,websocket,webview
debug: Reset databases. Enumerated domains: [
  {
    "root": "db://internal/",
    "physical": "C:\\ProgramData\\cocos\\editors\\Creator\\3.7.2\\resources\\resources\\3d\\engine\\editor\\assets"
  },
  {
    "root": "db://assets/",
    "physical": "C:\\Users\\ADMIN\\OneDrive\\Máy tính\\SudokuMain2\\SudokuMain2\\assets"
  }
]
debug: Our import map(foo:/bar): {
  "imports": {
    "cc": "cce:/internal/x/cc",
    "db://internal/": "file:///C:/ProgramData/cocos/editors/Creator/3.7.2/resources/resources/3d/engine/editor/assets/",
    "db://assets/": "file:///C:/Users/ADMIN/OneDrive/M%C3%A1y%20t%C3%ADnh/SudokuMain2/SudokuMain2/assets/"
  }
}
debug: Our import map(foo:/bar): {
  "imports": {
    "cc": "cce:/internal/x/cc",
    "db://internal/": "file:///C:/ProgramData/cocos/editors/Creator/3.7.2/resources/resources/3d/engine/editor/assets/",
    "db://assets/": "file:///C:/Users/ADMIN/OneDrive/M%C3%A1y%20t%C3%ADnh/SudokuMain2/SudokuMain2/assets/"
  }
}
debug: Pulling asset-db.
debug: Fetch asset-db cost: 8.424399852752686ms.
debug: Build iteration starts.
Number of accumulated asset changes: 8
Feature changed: false
debug: Target(editor) build started.
debug: Detected change: cce:/internal/x/cc. Last mtime: Thu Jan 01 1970 08:00:10 GMT+0800 (Indochina Time), Current mtime: Thu Jan 01 1970 08:00:09 GMT+0800 (Indochina Time)
debug: Inspect cce:/internal/x/cc
debug: Resolve cce:/internal/x/cc-fu/base from cce:/internal/x/cc as external dependency cce:/internal/x/cc-fu/base.
debug: Resolve cce:/internal/x/cc-fu/gfx-webgl from cce:/internal/x/cc as external dependency cce:/internal/x/cc-fu/gfx-webgl.
debug: Resolve cce:/internal/x/cc-fu/gfx-webgl2 from cce:/internal/x/cc as external dependency cce:/internal/x/cc-fu/gfx-webgl2.
debug: Resolve cce:/internal/x/cc-fu/gfx-empty from cce:/internal/x/cc as external dependency cce:/internal/x/cc-fu/gfx-empty.
debug: Resolve cce:/internal/x/cc-fu/3d from cce:/internal/x/cc as external dependency cce:/internal/x/cc-fu/3d.
debug: Resolve cce:/internal/x/cc-fu/animation from cce:/internal/x/cc as external dependency cce:/internal/x/cc-fu/animation.
debug: Resolve cce:/internal/x/cc-fu/skeletal-animation from cce:/internal/x/cc as external dependency cce:/internal/x/cc-fu/skeletal-animation.
debug: Resolve cce:/internal/x/cc-fu/2d from cce:/internal/x/cc as external dependency cce:/internal/x/cc-fu/2d.
debug: Resolve cce:/internal/x/cc-fu/sorting from cce:/internal/x/cc as external dependency cce:/internal/x/cc-fu/sorting.
debug: Resolve cce:/internal/x/cc-fu/ui from cce:/internal/x/cc as external dependency cce:/internal/x/cc-fu/ui.
debug: Resolve cce:/internal/x/cc-fu/particle from cce:/internal/x/cc as external dependency cce:/internal/x/cc-fu/particle.
debug: Resolve cce:/internal/x/cc-fu/particle-2d from cce:/internal/x/cc as external dependency cce:/internal/x/cc-fu/particle-2d.
debug: Resolve cce:/internal/x/cc-fu/physics-framework from cce:/internal/x/cc as external dependency cce:/internal/x/cc-fu/physics-framework.
debug: Resolve cce:/internal/x/cc-fu/physics-2d-framework from cce:/internal/x/cc as external dependency cce:/internal/x/cc-fu/physics-2d-framework.
debug: Resolve cce:/internal/x/cc-fu/intersection-2d from cce:/internal/x/cc as external dependency cce:/internal/x/cc-fu/intersection-2d.
debug: Resolve cce:/internal/x/cc-fu/primitive from cce:/internal/x/cc as external dependency cce:/internal/x/cc-fu/primitive.
debug: Resolve cce:/internal/x/cc-fu/profiler from cce:/internal/x/cc as external dependency cce:/internal/x/cc-fu/profiler.
debug: Resolve cce:/internal/x/cc-fu/geometry-renderer from cce:/internal/x/cc as external dependency cce:/internal/x/cc-fu/geometry-renderer.
debug: Resolve cce:/internal/x/cc-fu/audio from cce:/internal/x/cc as external dependency cce:/internal/x/cc-fu/audio.
debug: Resolve cce:/internal/x/cc-fu/video from cce:/internal/x/cc as external dependency cce:/internal/x/cc-fu/video.
debug: Resolve cce:/internal/x/cc-fu/xr from cce:/internal/x/cc as external dependency cce:/internal/x/cc-fu/xr.
debug: Resolve cce:/internal/x/cc-fu/light-probe from cce:/internal/x/cc as external dependency cce:/internal/x/cc-fu/light-probe.
debug: Resolve cce:/internal/x/cc-fu/terrain from cce:/internal/x/cc as external dependency cce:/internal/x/cc-fu/terrain.
debug: Resolve cce:/internal/x/cc-fu/webview from cce:/internal/x/cc as external dependency cce:/internal/x/cc-fu/webview.
debug: Resolve cce:/internal/x/cc-fu/tween from cce:/internal/x/cc as external dependency cce:/internal/x/cc-fu/tween.
debug: Resolve cce:/internal/x/cc-fu/tiled-map from cce:/internal/x/cc as external dependency cce:/internal/x/cc-fu/tiled-map.
debug: Resolve cce:/internal/x/cc-fu/spine from cce:/internal/x/cc as external dependency cce:/internal/x/cc-fu/spine.
debug: Resolve cce:/internal/x/cc-fu/dragon-bones from cce:/internal/x/cc as external dependency cce:/internal/x/cc-fu/dragon-bones.
debug: Resolve cce:/internal/x/cc-fu/custom-pipeline from cce:/internal/x/cc as external dependency cce:/internal/x/cc-fu/custom-pipeline.
debug: Detected change: cce:/internal/x/prerequisite-imports. Last mtime: Thu Jan 01 1970 09:19:12 GMT+0800 (Indochina Time), Current mtime: Thu Jan 01 1970 08:00:09 GMT+0800 (Indochina Time)
debug: Inspect cce:/internal/x/prerequisite-imports
debug: Resolve file:///C:/ProgramData/cocos/editors/Creator/3.7.2/resources/resources/3d/engine/editor/assets/tools/debug-view-runtime-control.ts from cce:/internal/x/prerequisite-imports as file:///C:/ProgramData/cocos/editors/Creator/3.7.2/resources/resources/3d/engine/editor/assets/tools/debug-view-runtime-control.ts.
debug: Resolve cc from file:///C:/ProgramData/cocos/editors/Creator/3.7.2/resources/resources/3d/engine/editor/assets/tools/debug-view-runtime-control.ts as cce:/internal/x/cc.
debug: Resolve cc from file:///C:/ProgramData/cocos/editors/Creator/3.7.2/resources/resources/3d/engine/editor/assets/tools/debug-view-runtime-control.ts as cce:/internal/x/cc.
debug: Resolve cc from file:///C:/ProgramData/cocos/editors/Creator/3.7.2/resources/resources/3d/engine/editor/assets/tools/debug-view-runtime-control.ts as cce:/internal/x/cc.
debug: Resolve file:///C:/Users/ADMIN/OneDrive/M%C3%A1y%20t%C3%ADnh/SudokuMain2/SudokuMain2/assets/Script/GameController.ts from cce:/internal/x/prerequisite-imports as file:///C:/Users/ADMIN/OneDrive/M%C3%A1y%20t%C3%ADnh/SudokuMain2/SudokuMain2/assets/Script/GameController.ts.
debug: Resolve cce:/internal/code-quality/cr.mjs from file:///C:/Users/ADMIN/OneDrive/M%C3%A1y%20t%C3%ADnh/SudokuMain2/SudokuMain2/assets/Script/GameController.ts as cce:/internal/code-quality/cr.mjs.
debug: Detected change: cce:/internal/code-quality/cr.mjs. Last mtime: Tue Apr 25 2023 09:25:25 GMT+0700 (Indochina Time), Current mtime: Tue Apr 25 2023 10:45:14 GMT+0700 (Indochina Time)
debug: Inspect cce:/internal/code-quality/cr.mjs
debug: Resolve cc from file:///C:/Users/ADMIN/OneDrive/M%C3%A1y%20t%C3%ADnh/SudokuMain2/SudokuMain2/assets/Script/GameController.ts as cce:/internal/x/cc.
debug: Resolve cc from file:///C:/Users/ADMIN/OneDrive/M%C3%A1y%20t%C3%ADnh/SudokuMain2/SudokuMain2/assets/Script/GameController.ts as cce:/internal/x/cc.
debug: Resolve cc from file:///C:/Users/ADMIN/OneDrive/M%C3%A1y%20t%C3%ADnh/SudokuMain2/SudokuMain2/assets/Script/GameController.ts as cce:/internal/x/cc.
debug: Resolve @algorithm.ts/sudoku from file:///C:/Users/ADMIN/OneDrive/M%C3%A1y%20t%C3%ADnh/SudokuMain2/SudokuMain2/assets/Script/GameController.ts as file:///C:/Users/ADMIN/OneDrive/M%C3%A1y%20t%C3%ADnh/SudokuMain2/SudokuMain2/node_modules/@algorithm.ts/sudoku/lib/esm/index.mjs.
debug: Resolve @algorithm.ts/shuffle from file:///C:/Users/ADMIN/OneDrive/M%C3%A1y%20t%C3%ADnh/SudokuMain2/SudokuMain2/node_modules/@algorithm.ts/sudoku/lib/esm/index.mjs as file:///C:/Users/ADMIN/OneDrive/M%C3%A1y%20t%C3%ADnh/SudokuMain2/SudokuMain2/node_modules/@algorithm.ts/shuffle/lib/esm/index.mjs.
debug: Resolve @algorithm.ts/dlx from file:///C:/Users/ADMIN/OneDrive/M%C3%A1y%20t%C3%ADnh/SudokuMain2/SudokuMain2/node_modules/@algorithm.ts/sudoku/lib/esm/index.mjs as file:///C:/Users/ADMIN/OneDrive/M%C3%A1y%20t%C3%ADnh/SudokuMain2/SudokuMain2/node_modules/@algorithm.ts/dlx/lib/esm/index.mjs.
debug: Resolve ./GameView from file:///C:/Users/ADMIN/OneDrive/M%C3%A1y%20t%C3%ADnh/SudokuMain2/SudokuMain2/assets/Script/GameController.ts as file:///C:/Users/ADMIN/OneDrive/M%C3%A1y%20t%C3%ADnh/SudokuMain2/SudokuMain2/assets/Script/GameView.ts.
debug: Resolve cc from file:///C:/Users/ADMIN/OneDrive/M%C3%A1y%20t%C3%ADnh/SudokuMain2/SudokuMain2/assets/Script/GameView.ts as cce:/internal/x/cc.
debug: Resolve cc from file:///C:/Users/ADMIN/OneDrive/M%C3%A1y%20t%C3%ADnh/SudokuMain2/SudokuMain2/assets/Script/GameView.ts as cce:/internal/x/cc.
debug: Resolve cc from file:///C:/Users/ADMIN/OneDrive/M%C3%A1y%20t%C3%ADnh/SudokuMain2/SudokuMain2/assets/Script/GameView.ts as cce:/internal/x/cc.
debug: Resolve ./StoredPersistNode from file:///C:/Users/ADMIN/OneDrive/M%C3%A1y%20t%C3%ADnh/SudokuMain2/SudokuMain2/assets/Script/GameController.ts as file:///C:/Users/ADMIN/OneDrive/M%C3%A1y%20t%C3%ADnh/SudokuMain2/SudokuMain2/assets/Script/StoredPersistNode.ts.
debug: Resolve cce:/internal/code-quality/cr.mjs from file:///C:/Users/ADMIN/OneDrive/M%C3%A1y%20t%C3%ADnh/SudokuMain2/SudokuMain2/assets/Script/StoredPersistNode.ts as cce:/internal/code-quality/cr.mjs.
debug: Resolve cc from file:///C:/Users/ADMIN/OneDrive/M%C3%A1y%20t%C3%ADnh/SudokuMain2/SudokuMain2/assets/Script/StoredPersistNode.ts as cce:/internal/x/cc.
debug: Resolve cc from file:///C:/Users/ADMIN/OneDrive/M%C3%A1y%20t%C3%ADnh/SudokuMain2/SudokuMain2/assets/Script/StoredPersistNode.ts as cce:/internal/x/cc.
debug: Resolve cc from file:///C:/Users/ADMIN/OneDrive/M%C3%A1y%20t%C3%ADnh/SudokuMain2/SudokuMain2/assets/Script/StoredPersistNode.ts as cce:/internal/x/cc.
debug: Create cjs interop url for 'file:///C:/Users/ADMIN/OneDrive/M%C3%A1y%20t%C3%ADnh/SudokuMain2/SudokuMain2/node_modules/@dattenlagiday/oc_gamecenter_sdk_pkg/index.js'
debug: Resolve @dattenlagiday/oc_gamecenter_sdk_pkg from file:///C:/Users/ADMIN/OneDrive/M%C3%A1y%20t%C3%ADnh/SudokuMain2/SudokuMain2/assets/Script/StoredPersistNode.ts as file:///C:/Users/ADMIN/OneDrive/M%C3%A1y%20t%C3%ADnh/SudokuMain2/SudokuMain2/node_modules/@dattenlagiday/oc_gamecenter_sdk_pkg/index.mjs?cjs=&original=.js.
debug: Resolve ./index.js from file:///C:/Users/ADMIN/OneDrive/M%C3%A1y%20t%C3%ADnh/SudokuMain2/SudokuMain2/node_modules/@dattenlagiday/oc_gamecenter_sdk_pkg/index.mjs?cjs=&original=.js as file:///C:/Users/ADMIN/OneDrive/M%C3%A1y%20t%C3%ADnh/SudokuMain2/SudokuMain2/node_modules/@dattenlagiday/oc_gamecenter_sdk_pkg/index.js.
debug: Resolve cce:/internal/ml/cjs-loader.mjs from file:///C:/Users/ADMIN/OneDrive/M%C3%A1y%20t%C3%ADnh/SudokuMain2/SudokuMain2/node_modules/@dattenlagiday/oc_gamecenter_sdk_pkg/index.js as cce:/internal/ml/cjs-loader.mjs.
debug: Detected change: cce:/internal/ml/cjs-loader.mjs. Last mtime: Tue Apr 25 2023 09:25:25 GMT+0700 (Indochina Time), Current mtime: Tue Apr 25 2023 10:45:14 GMT+0700 (Indochina Time)
debug: Inspect cce:/internal/ml/cjs-loader.mjs
debug: Resolve cce:/internal/ml/cjs-loader.mjs from file:///C:/Users/ADMIN/OneDrive/M%C3%A1y%20t%C3%ADnh/SudokuMain2/SudokuMain2/node_modules/@dattenlagiday/oc_gamecenter_sdk_pkg/index.mjs?cjs=&original=.js as cce:/internal/ml/cjs-loader.mjs.
debug: Resolve ./index.js from file:///C:/Users/ADMIN/OneDrive/M%C3%A1y%20t%C3%ADnh/SudokuMain2/SudokuMain2/node_modules/@dattenlagiday/oc_gamecenter_sdk_pkg/index.mjs?cjs=&original=.js as file:///C:/Users/ADMIN/OneDrive/M%C3%A1y%20t%C3%ADnh/SudokuMain2/SudokuMain2/node_modules/@dattenlagiday/oc_gamecenter_sdk_pkg/index.js.
debug: Resolve ./index.js from file:///C:/Users/ADMIN/OneDrive/M%C3%A1y%20t%C3%ADnh/SudokuMain2/SudokuMain2/node_modules/@dattenlagiday/oc_gamecenter_sdk_pkg/index.mjs?cjs=&original=.js as file:///C:/Users/ADMIN/OneDrive/M%C3%A1y%20t%C3%ADnh/SudokuMain2/SudokuMain2/node_modules/@dattenlagiday/oc_gamecenter_sdk_pkg/index.js.
debug: Resolve file:///C:/Users/ADMIN/OneDrive/M%C3%A1y%20t%C3%ADnh/SudokuMain2/SudokuMain2/assets/Script/GameModel.ts from cce:/internal/x/prerequisite-imports as file:///C:/Users/ADMIN/OneDrive/M%C3%A1y%20t%C3%ADnh/SudokuMain2/SudokuMain2/assets/Script/GameModel.ts.
debug: Resolve cc from file:///C:/Users/ADMIN/OneDrive/M%C3%A1y%20t%C3%ADnh/SudokuMain2/SudokuMain2/assets/Script/GameModel.ts as cce:/internal/x/cc.
debug: Resolve cc from file:///C:/Users/ADMIN/OneDrive/M%C3%A1y%20t%C3%ADnh/SudokuMain2/SudokuMain2/assets/Script/GameModel.ts as cce:/internal/x/cc.
debug: Resolve cc from file:///C:/Users/ADMIN/OneDrive/M%C3%A1y%20t%C3%ADnh/SudokuMain2/SudokuMain2/assets/Script/GameModel.ts as cce:/internal/x/cc.
debug: Resolve file:///C:/Users/ADMIN/OneDrive/M%C3%A1y%20t%C3%ADnh/SudokuMain2/SudokuMain2/assets/Script/GameView.ts from cce:/internal/x/prerequisite-imports as file:///C:/Users/ADMIN/OneDrive/M%C3%A1y%20t%C3%ADnh/SudokuMain2/SudokuMain2/assets/Script/GameView.ts.
debug: Resolve file:///C:/Users/ADMIN/OneDrive/M%C3%A1y%20t%C3%ADnh/SudokuMain2/SudokuMain2/assets/Script/MenuController.ts from cce:/internal/x/prerequisite-imports as file:///C:/Users/ADMIN/OneDrive/M%C3%A1y%20t%C3%ADnh/SudokuMain2/SudokuMain2/assets/Script/MenuController.ts.
debug: Resolve cce:/internal/code-quality/cr.mjs from file:///C:/Users/ADMIN/OneDrive/M%C3%A1y%20t%C3%ADnh/SudokuMain2/SudokuMain2/assets/Script/MenuController.ts as cce:/internal/code-quality/cr.mjs.
debug: Resolve cc from file:///C:/Users/ADMIN/OneDrive/M%C3%A1y%20t%C3%ADnh/SudokuMain2/SudokuMain2/assets/Script/MenuController.ts as cce:/internal/x/cc.
debug: Resolve cc from file:///C:/Users/ADMIN/OneDrive/M%C3%A1y%20t%C3%ADnh/SudokuMain2/SudokuMain2/assets/Script/MenuController.ts as cce:/internal/x/cc.
debug: Resolve cc from file:///C:/Users/ADMIN/OneDrive/M%C3%A1y%20t%C3%ADnh/SudokuMain2/SudokuMain2/assets/Script/MenuController.ts as cce:/internal/x/cc.
debug: Resolve ./MenuModel from file:///C:/Users/ADMIN/OneDrive/M%C3%A1y%20t%C3%ADnh/SudokuMain2/SudokuMain2/assets/Script/MenuController.ts as file:///C:/Users/ADMIN/OneDrive/M%C3%A1y%20t%C3%ADnh/SudokuMain2/SudokuMain2/assets/Script/MenuModel.ts.
debug: Resolve cc from file:///C:/Users/ADMIN/OneDrive/M%C3%A1y%20t%C3%ADnh/SudokuMain2/SudokuMain2/assets/Script/MenuModel.ts as cce:/internal/x/cc.
debug: Resolve cc from file:///C:/Users/ADMIN/OneDrive/M%C3%A1y%20t%C3%ADnh/SudokuMain2/SudokuMain2/assets/Script/MenuModel.ts as cce:/internal/x/cc.
debug: Resolve cc from file:///C:/Users/ADMIN/OneDrive/M%C3%A1y%20t%C3%ADnh/SudokuMain2/SudokuMain2/assets/Script/MenuModel.ts as cce:/internal/x/cc.
debug: Resolve ./MenuView from file:///C:/Users/ADMIN/OneDrive/M%C3%A1y%20t%C3%ADnh/SudokuMain2/SudokuMain2/assets/Script/MenuController.ts as file:///C:/Users/ADMIN/OneDrive/M%C3%A1y%20t%C3%ADnh/SudokuMain2/SudokuMain2/assets/Script/MenuView.ts.
debug: Resolve cc from file:///C:/Users/ADMIN/OneDrive/M%C3%A1y%20t%C3%ADnh/SudokuMain2/SudokuMain2/assets/Script/MenuView.ts as cce:/internal/x/cc.
debug: Resolve cc from file:///C:/Users/ADMIN/OneDrive/M%C3%A1y%20t%C3%ADnh/SudokuMain2/SudokuMain2/assets/Script/MenuView.ts as cce:/internal/x/cc.
debug: Resolve cc from file:///C:/Users/ADMIN/OneDrive/M%C3%A1y%20t%C3%ADnh/SudokuMain2/SudokuMain2/assets/Script/MenuView.ts as cce:/internal/x/cc.
debug: Resolve ./StoredPersistNode from file:///C:/Users/ADMIN/OneDrive/M%C3%A1y%20t%C3%ADnh/SudokuMain2/SudokuMain2/assets/Script/MenuController.ts as file:///C:/Users/ADMIN/OneDrive/M%C3%A1y%20t%C3%ADnh/SudokuMain2/SudokuMain2/assets/Script/StoredPersistNode.ts.
debug: Resolve file:///C:/Users/ADMIN/OneDrive/M%C3%A1y%20t%C3%ADnh/SudokuMain2/SudokuMain2/assets/Script/MenuModel.ts from cce:/internal/x/prerequisite-imports as file:///C:/Users/ADMIN/OneDrive/M%C3%A1y%20t%C3%ADnh/SudokuMain2/SudokuMain2/assets/Script/MenuModel.ts.
debug: Resolve file:///C:/Users/ADMIN/OneDrive/M%C3%A1y%20t%C3%ADnh/SudokuMain2/SudokuMain2/assets/Script/MenuView.ts from cce:/internal/x/prerequisite-imports as file:///C:/Users/ADMIN/OneDrive/M%C3%A1y%20t%C3%ADnh/SudokuMain2/SudokuMain2/assets/Script/MenuView.ts.
debug: Resolve file:///C:/Users/ADMIN/OneDrive/M%C3%A1y%20t%C3%ADnh/SudokuMain2/SudokuMain2/assets/Script/StoredPersistNode.ts from cce:/internal/x/prerequisite-imports as file:///C:/Users/ADMIN/OneDrive/M%C3%A1y%20t%C3%ADnh/SudokuMain2/SudokuMain2/assets/Script/StoredPersistNode.ts.
debug: Target(editor) ends with cost 176.44389986991882ms.
debug: Target(preview) build started.
debug: Detected change: cce:/internal/x/cc. Last mtime: Thu Jan 01 1970 08:00:10 GMT+0800 (Indochina Time), Current mtime: Thu Jan 01 1970 08:00:09 GMT+0800 (Indochina Time)
debug: Inspect cce:/internal/x/cc
debug: Resolve cce:/internal/x/cc-fu/2d from cce:/internal/x/cc as external dependency cce:/internal/x/cc-fu/2d.
debug: Resolve cce:/internal/x/cc-fu/sorting from cce:/internal/x/cc as external dependency cce:/internal/x/cc-fu/sorting.
debug: Resolve cce:/internal/x/cc-fu/animation from cce:/internal/x/cc as external dependency cce:/internal/x/cc-fu/animation.
debug: Resolve cce:/internal/x/cc-fu/audio from cce:/internal/x/cc as external dependency cce:/internal/x/cc-fu/audio.
debug: Resolve cce:/internal/x/cc-fu/base from cce:/internal/x/cc as external dependency cce:/internal/x/cc-fu/base.
debug: Resolve cce:/internal/x/cc-fu/dragon-bones from cce:/internal/x/cc as external dependency cce:/internal/x/cc-fu/dragon-bones.
debug: Resolve cce:/internal/x/cc-fu/gfx-webgl from cce:/internal/x/cc as external dependency cce:/internal/x/cc-fu/gfx-webgl.
debug: Resolve cce:/internal/x/cc-fu/gfx-webgl2 from cce:/internal/x/cc as external dependency cce:/internal/x/cc-fu/gfx-webgl2.
debug: Resolve cce:/internal/x/cc-fu/intersection-2d from cce:/internal/x/cc as external dependency cce:/internal/x/cc-fu/intersection-2d.
debug: Resolve cce:/internal/x/cc-fu/light-probe from cce:/internal/x/cc as external dependency cce:/internal/x/cc-fu/light-probe.
debug: Resolve cce:/internal/x/cc-fu/particle-2d from cce:/internal/x/cc as external dependency cce:/internal/x/cc-fu/particle-2d.
debug: Resolve cce:/internal/x/cc-fu/physics-2d-box2d from cce:/internal/x/cc as external dependency cce:/internal/x/cc-fu/physics-2d-box2d.
debug: Resolve cce:/internal/x/cc-fu/physics-2d-framework from cce:/internal/x/cc as external dependency cce:/internal/x/cc-fu/physics-2d-framework.
debug: Resolve cce:/internal/x/cc-fu/profiler from cce:/internal/x/cc as external dependency cce:/internal/x/cc-fu/profiler.
debug: Resolve cce:/internal/x/cc-fu/spine from cce:/internal/x/cc as external dependency cce:/internal/x/cc-fu/spine.
debug: Resolve cce:/internal/x/cc-fu/tiled-map from cce:/internal/x/cc as external dependency cce:/internal/x/cc-fu/tiled-map.
debug: Resolve cce:/internal/x/cc-fu/tween from cce:/internal/x/cc as external dependency cce:/internal/x/cc-fu/tween.
debug: Resolve cce:/internal/x/cc-fu/ui from cce:/internal/x/cc as external dependency cce:/internal/x/cc-fu/ui.
debug: Resolve cce:/internal/x/cc-fu/video from cce:/internal/x/cc as external dependency cce:/internal/x/cc-fu/video.
debug: Resolve cce:/internal/x/cc-fu/webview from cce:/internal/x/cc as external dependency cce:/internal/x/cc-fu/webview.
debug: Detected change: cce:/internal/x/prerequisite-imports. Last mtime: Thu Jan 01 1970 09:19:13 GMT+0800 (Indochina Time), Current mtime: Thu Jan 01 1970 08:00:10 GMT+0800 (Indochina Time)
debug: Inspect cce:/internal/x/prerequisite-imports
debug: Resolve file:///C:/ProgramData/cocos/editors/Creator/3.7.2/resources/resources/3d/engine/editor/assets/tools/debug-view-runtime-control.ts from cce:/internal/x/prerequisite-imports as file:///C:/ProgramData/cocos/editors/Creator/3.7.2/resources/resources/3d/engine/editor/assets/tools/debug-view-runtime-control.ts.
debug: Resolve cc from file:///C:/ProgramData/cocos/editors/Creator/3.7.2/resources/resources/3d/engine/editor/assets/tools/debug-view-runtime-control.ts as cce:/internal/x/cc.
debug: Resolve cc from file:///C:/ProgramData/cocos/editors/Creator/3.7.2/resources/resources/3d/engine/editor/assets/tools/debug-view-runtime-control.ts as cce:/internal/x/cc.
debug: Resolve cc from file:///C:/ProgramData/cocos/editors/Creator/3.7.2/resources/resources/3d/engine/editor/assets/tools/debug-view-runtime-control.ts as cce:/internal/x/cc.
debug: Resolve file:///C:/Users/ADMIN/OneDrive/M%C3%A1y%20t%C3%ADnh/SudokuMain2/SudokuMain2/assets/Script/GameController.ts from cce:/internal/x/prerequisite-imports as file:///C:/Users/ADMIN/OneDrive/M%C3%A1y%20t%C3%ADnh/SudokuMain2/SudokuMain2/assets/Script/GameController.ts.
debug: Resolve cce:/internal/code-quality/cr.mjs from file:///C:/Users/ADMIN/OneDrive/M%C3%A1y%20t%C3%ADnh/SudokuMain2/SudokuMain2/assets/Script/GameController.ts as cce:/internal/code-quality/cr.mjs.
debug: Detected change: cce:/internal/code-quality/cr.mjs. Last mtime: Tue Apr 25 2023 09:25:25 GMT+0700 (Indochina Time), Current mtime: Tue Apr 25 2023 10:45:14 GMT+0700 (Indochina Time)
debug: Inspect cce:/internal/code-quality/cr.mjs
debug: Resolve cc from file:///C:/Users/ADMIN/OneDrive/M%C3%A1y%20t%C3%ADnh/SudokuMain2/SudokuMain2/assets/Script/GameController.ts as cce:/internal/x/cc.
debug: Resolve cc from file:///C:/Users/ADMIN/OneDrive/M%C3%A1y%20t%C3%ADnh/SudokuMain2/SudokuMain2/assets/Script/GameController.ts as cce:/internal/x/cc.
debug: Resolve cc from file:///C:/Users/ADMIN/OneDrive/M%C3%A1y%20t%C3%ADnh/SudokuMain2/SudokuMain2/assets/Script/GameController.ts as cce:/internal/x/cc.
debug: Resolve @algorithm.ts/sudoku from file:///C:/Users/ADMIN/OneDrive/M%C3%A1y%20t%C3%ADnh/SudokuMain2/SudokuMain2/assets/Script/GameController.ts as file:///C:/Users/ADMIN/OneDrive/M%C3%A1y%20t%C3%ADnh/SudokuMain2/SudokuMain2/node_modules/@algorithm.ts/sudoku/lib/esm/index.mjs.
debug: Resolve @algorithm.ts/shuffle from file:///C:/Users/ADMIN/OneDrive/M%C3%A1y%20t%C3%ADnh/SudokuMain2/SudokuMain2/node_modules/@algorithm.ts/sudoku/lib/esm/index.mjs as file:///C:/Users/ADMIN/OneDrive/M%C3%A1y%20t%C3%ADnh/SudokuMain2/SudokuMain2/node_modules/@algorithm.ts/shuffle/lib/esm/index.mjs.
debug: Resolve @algorithm.ts/dlx from file:///C:/Users/ADMIN/OneDrive/M%C3%A1y%20t%C3%ADnh/SudokuMain2/SudokuMain2/node_modules/@algorithm.ts/sudoku/lib/esm/index.mjs as file:///C:/Users/ADMIN/OneDrive/M%C3%A1y%20t%C3%ADnh/SudokuMain2/SudokuMain2/node_modules/@algorithm.ts/dlx/lib/esm/index.mjs.
debug: Resolve ./GameView from file:///C:/Users/ADMIN/OneDrive/M%C3%A1y%20t%C3%ADnh/SudokuMain2/SudokuMain2/assets/Script/GameController.ts as file:///C:/Users/ADMIN/OneDrive/M%C3%A1y%20t%C3%ADnh/SudokuMain2/SudokuMain2/assets/Script/GameView.ts.
debug: Resolve cc from file:///C:/Users/ADMIN/OneDrive/M%C3%A1y%20t%C3%ADnh/SudokuMain2/SudokuMain2/assets/Script/GameView.ts as cce:/internal/x/cc.
debug: Resolve cc from file:///C:/Users/ADMIN/OneDrive/M%C3%A1y%20t%C3%ADnh/SudokuMain2/SudokuMain2/assets/Script/GameView.ts as cce:/internal/x/cc.
debug: Resolve cc from file:///C:/Users/ADMIN/OneDrive/M%C3%A1y%20t%C3%ADnh/SudokuMain2/SudokuMain2/assets/Script/GameView.ts as cce:/internal/x/cc.
debug: Resolve ./StoredPersistNode from file:///C:/Users/ADMIN/OneDrive/M%C3%A1y%20t%C3%ADnh/SudokuMain2/SudokuMain2/assets/Script/GameController.ts as file:///C:/Users/ADMIN/OneDrive/M%C3%A1y%20t%C3%ADnh/SudokuMain2/SudokuMain2/assets/Script/StoredPersistNode.ts.
debug: Resolve cce:/internal/code-quality/cr.mjs from file:///C:/Users/ADMIN/OneDrive/M%C3%A1y%20t%C3%ADnh/SudokuMain2/SudokuMain2/assets/Script/StoredPersistNode.ts as cce:/internal/code-quality/cr.mjs.
debug: Resolve cc from file:///C:/Users/ADMIN/OneDrive/M%C3%A1y%20t%C3%ADnh/SudokuMain2/SudokuMain2/assets/Script/StoredPersistNode.ts as cce:/internal/x/cc.
debug: Resolve cc from file:///C:/Users/ADMIN/OneDrive/M%C3%A1y%20t%C3%ADnh/SudokuMain2/SudokuMain2/assets/Script/StoredPersistNode.ts as cce:/internal/x/cc.
debug: Resolve cc from file:///C:/Users/ADMIN/OneDrive/M%C3%A1y%20t%C3%ADnh/SudokuMain2/SudokuMain2/assets/Script/StoredPersistNode.ts as cce:/internal/x/cc.
debug: Create cjs interop url for 'file:///C:/Users/ADMIN/OneDrive/M%C3%A1y%20t%C3%ADnh/SudokuMain2/SudokuMain2/node_modules/@dattenlagiday/oc_gamecenter_sdk_pkg/index.js'
debug: Resolve @dattenlagiday/oc_gamecenter_sdk_pkg from file:///C:/Users/ADMIN/OneDrive/M%C3%A1y%20t%C3%ADnh/SudokuMain2/SudokuMain2/assets/Script/StoredPersistNode.ts as file:///C:/Users/ADMIN/OneDrive/M%C3%A1y%20t%C3%ADnh/SudokuMain2/SudokuMain2/node_modules/@dattenlagiday/oc_gamecenter_sdk_pkg/index.mjs?cjs=&original=.js.
debug: Resolve ./index.js from file:///C:/Users/ADMIN/OneDrive/M%C3%A1y%20t%C3%ADnh/SudokuMain2/SudokuMain2/node_modules/@dattenlagiday/oc_gamecenter_sdk_pkg/index.mjs?cjs=&original=.js as file:///C:/Users/ADMIN/OneDrive/M%C3%A1y%20t%C3%ADnh/SudokuMain2/SudokuMain2/node_modules/@dattenlagiday/oc_gamecenter_sdk_pkg/index.js.
debug: Resolve cce:/internal/ml/cjs-loader.mjs from file:///C:/Users/ADMIN/OneDrive/M%C3%A1y%20t%C3%ADnh/SudokuMain2/SudokuMain2/node_modules/@dattenlagiday/oc_gamecenter_sdk_pkg/index.js as cce:/internal/ml/cjs-loader.mjs.
debug: Detected change: cce:/internal/ml/cjs-loader.mjs. Last mtime: Tue Apr 25 2023 09:25:25 GMT+0700 (Indochina Time), Current mtime: Tue Apr 25 2023 10:45:14 GMT+0700 (Indochina Time)
debug: Inspect cce:/internal/ml/cjs-loader.mjs
debug: Resolve cce:/internal/ml/cjs-loader.mjs from file:///C:/Users/ADMIN/OneDrive/M%C3%A1y%20t%C3%ADnh/SudokuMain2/SudokuMain2/node_modules/@dattenlagiday/oc_gamecenter_sdk_pkg/index.mjs?cjs=&original=.js as cce:/internal/ml/cjs-loader.mjs.
debug: Resolve ./index.js from file:///C:/Users/ADMIN/OneDrive/M%C3%A1y%20t%C3%ADnh/SudokuMain2/SudokuMain2/node_modules/@dattenlagiday/oc_gamecenter_sdk_pkg/index.mjs?cjs=&original=.js as file:///C:/Users/ADMIN/OneDrive/M%C3%A1y%20t%C3%ADnh/SudokuMain2/SudokuMain2/node_modules/@dattenlagiday/oc_gamecenter_sdk_pkg/index.js.
debug: Resolve ./index.js from file:///C:/Users/ADMIN/OneDrive/M%C3%A1y%20t%C3%ADnh/SudokuMain2/SudokuMain2/node_modules/@dattenlagiday/oc_gamecenter_sdk_pkg/index.mjs?cjs=&original=.js as file:///C:/Users/ADMIN/OneDrive/M%C3%A1y%20t%C3%ADnh/SudokuMain2/SudokuMain2/node_modules/@dattenlagiday/oc_gamecenter_sdk_pkg/index.js.
debug: Resolve file:///C:/Users/ADMIN/OneDrive/M%C3%A1y%20t%C3%ADnh/SudokuMain2/SudokuMain2/assets/Script/GameModel.ts from cce:/internal/x/prerequisite-imports as file:///C:/Users/ADMIN/OneDrive/M%C3%A1y%20t%C3%ADnh/SudokuMain2/SudokuMain2/assets/Script/GameModel.ts.
debug: Resolve cc from file:///C:/Users/ADMIN/OneDrive/M%C3%A1y%20t%C3%ADnh/SudokuMain2/SudokuMain2/assets/Script/GameModel.ts as cce:/internal/x/cc.
debug: Resolve cc from file:///C:/Users/ADMIN/OneDrive/M%C3%A1y%20t%C3%ADnh/SudokuMain2/SudokuMain2/assets/Script/GameModel.ts as cce:/internal/x/cc.
debug: Resolve cc from file:///C:/Users/ADMIN/OneDrive/M%C3%A1y%20t%C3%ADnh/SudokuMain2/SudokuMain2/assets/Script/GameModel.ts as cce:/internal/x/cc.
debug: Resolve file:///C:/Users/ADMIN/OneDrive/M%C3%A1y%20t%C3%ADnh/SudokuMain2/SudokuMain2/assets/Script/GameView.ts from cce:/internal/x/prerequisite-imports as file:///C:/Users/ADMIN/OneDrive/M%C3%A1y%20t%C3%ADnh/SudokuMain2/SudokuMain2/assets/Script/GameView.ts.
debug: Resolve file:///C:/Users/ADMIN/OneDrive/M%C3%A1y%20t%C3%ADnh/SudokuMain2/SudokuMain2/assets/Script/MenuController.ts from cce:/internal/x/prerequisite-imports as file:///C:/Users/ADMIN/OneDrive/M%C3%A1y%20t%C3%ADnh/SudokuMain2/SudokuMain2/assets/Script/MenuController.ts.
debug: Resolve cce:/internal/code-quality/cr.mjs from file:///C:/Users/ADMIN/OneDrive/M%C3%A1y%20t%C3%ADnh/SudokuMain2/SudokuMain2/assets/Script/MenuController.ts as cce:/internal/code-quality/cr.mjs.
debug: Resolve cc from file:///C:/Users/ADMIN/OneDrive/M%C3%A1y%20t%C3%ADnh/SudokuMain2/SudokuMain2/assets/Script/MenuController.ts as cce:/internal/x/cc.
debug: Resolve cc from file:///C:/Users/ADMIN/OneDrive/M%C3%A1y%20t%C3%ADnh/SudokuMain2/SudokuMain2/assets/Script/MenuController.ts as cce:/internal/x/cc.
debug: Resolve cc from file:///C:/Users/ADMIN/OneDrive/M%C3%A1y%20t%C3%ADnh/SudokuMain2/SudokuMain2/assets/Script/MenuController.ts as cce:/internal/x/cc.
debug: Resolve ./MenuModel from file:///C:/Users/ADMIN/OneDrive/M%C3%A1y%20t%C3%ADnh/SudokuMain2/SudokuMain2/assets/Script/MenuController.ts as file:///C:/Users/ADMIN/OneDrive/M%C3%A1y%20t%C3%ADnh/SudokuMain2/SudokuMain2/assets/Script/MenuModel.ts.
debug: Resolve cc from file:///C:/Users/ADMIN/OneDrive/M%C3%A1y%20t%C3%ADnh/SudokuMain2/SudokuMain2/assets/Script/MenuModel.ts as cce:/internal/x/cc.
debug: Resolve cc from file:///C:/Users/ADMIN/OneDrive/M%C3%A1y%20t%C3%ADnh/SudokuMain2/SudokuMain2/assets/Script/MenuModel.ts as cce:/internal/x/cc.
debug: Resolve cc from file:///C:/Users/ADMIN/OneDrive/M%C3%A1y%20t%C3%ADnh/SudokuMain2/SudokuMain2/assets/Script/MenuModel.ts as cce:/internal/x/cc.
debug: Resolve ./MenuView from file:///C:/Users/ADMIN/OneDrive/M%C3%A1y%20t%C3%ADnh/SudokuMain2/SudokuMain2/assets/Script/MenuController.ts as file:///C:/Users/ADMIN/OneDrive/M%C3%A1y%20t%C3%ADnh/SudokuMain2/SudokuMain2/assets/Script/MenuView.ts.
debug: Resolve cc from file:///C:/Users/ADMIN/OneDrive/M%C3%A1y%20t%C3%ADnh/SudokuMain2/SudokuMain2/assets/Script/MenuView.ts as cce:/internal/x/cc.
debug: Resolve cc from file:///C:/Users/ADMIN/OneDrive/M%C3%A1y%20t%C3%ADnh/SudokuMain2/SudokuMain2/assets/Script/MenuView.ts as cce:/internal/x/cc.
debug: Resolve cc from file:///C:/Users/ADMIN/OneDrive/M%C3%A1y%20t%C3%ADnh/SudokuMain2/SudokuMain2/assets/Script/MenuView.ts as cce:/internal/x/cc.
debug: Resolve ./StoredPersistNode from file:///C:/Users/ADMIN/OneDrive/M%C3%A1y%20t%C3%ADnh/SudokuMain2/SudokuMain2/assets/Script/MenuController.ts as file:///C:/Users/ADMIN/OneDrive/M%C3%A1y%20t%C3%ADnh/SudokuMain2/SudokuMain2/assets/Script/StoredPersistNode.ts.
debug: Resolve file:///C:/Users/ADMIN/OneDrive/M%C3%A1y%20t%C3%ADnh/SudokuMain2/SudokuMain2/assets/Script/MenuModel.ts from cce:/internal/x/prerequisite-imports as file:///C:/Users/ADMIN/OneDrive/M%C3%A1y%20t%C3%ADnh/SudokuMain2/SudokuMain2/assets/Script/MenuModel.ts.
debug: Resolve file:///C:/Users/ADMIN/OneDrive/M%C3%A1y%20t%C3%ADnh/SudokuMain2/SudokuMain2/assets/Script/MenuView.ts from cce:/internal/x/prerequisite-imports as file:///C:/Users/ADMIN/OneDrive/M%C3%A1y%20t%C3%ADnh/SudokuMain2/SudokuMain2/assets/Script/MenuView.ts.
debug: Resolve file:///C:/Users/ADMIN/OneDrive/M%C3%A1y%20t%C3%ADnh/SudokuMain2/SudokuMain2/assets/Script/StoredPersistNode.ts from cce:/internal/x/prerequisite-imports as file:///C:/Users/ADMIN/OneDrive/M%C3%A1y%20t%C3%ADnh/SudokuMain2/SudokuMain2/assets/Script/StoredPersistNode.ts.
debug: Target(preview) ends with cost 188.23469996452332ms.
debug: Pulling asset-db.
debug: Fetch asset-db cost: 2015.2607998847961ms.
debug: Build iteration starts.
Number of accumulated asset changes: 8
Feature changed: false
debug: Target(editor) build started.
debug: Detected change: cce:/internal/x/prerequisite-imports. Last mtime: Thu Jan 01 1970 08:00:09 GMT+0800 (Indochina Time), Current mtime: Thu Jan 01 1970 08:00:15 GMT+0800 (Indochina Time)
debug: Inspect cce:/internal/x/prerequisite-imports
debug: Resolve file:///C:/ProgramData/cocos/editors/Creator/3.7.2/resources/resources/3d/engine/editor/assets/tools/debug-view-runtime-control.ts from cce:/internal/x/prerequisite-imports as file:///C:/ProgramData/cocos/editors/Creator/3.7.2/resources/resources/3d/engine/editor/assets/tools/debug-view-runtime-control.ts.
debug: Resolve file:///C:/Users/ADMIN/OneDrive/M%C3%A1y%20t%C3%ADnh/SudokuMain2/SudokuMain2/assets/Script/GameController.ts from cce:/internal/x/prerequisite-imports as file:///C:/Users/ADMIN/OneDrive/M%C3%A1y%20t%C3%ADnh/SudokuMain2/SudokuMain2/assets/Script/GameController.ts.
debug: Resolve file:///C:/Users/ADMIN/OneDrive/M%C3%A1y%20t%C3%ADnh/SudokuMain2/SudokuMain2/assets/Script/GameModel.ts from cce:/internal/x/prerequisite-imports as file:///C:/Users/ADMIN/OneDrive/M%C3%A1y%20t%C3%ADnh/SudokuMain2/SudokuMain2/assets/Script/GameModel.ts.
debug: Resolve file:///C:/Users/ADMIN/OneDrive/M%C3%A1y%20t%C3%ADnh/SudokuMain2/SudokuMain2/assets/Script/GameView.ts from cce:/internal/x/prerequisite-imports as file:///C:/Users/ADMIN/OneDrive/M%C3%A1y%20t%C3%ADnh/SudokuMain2/SudokuMain2/assets/Script/GameView.ts.
debug: Resolve file:///C:/Users/ADMIN/OneDrive/M%C3%A1y%20t%C3%ADnh/SudokuMain2/SudokuMain2/assets/Script/MenuController.ts from cce:/internal/x/prerequisite-imports as file:///C:/Users/ADMIN/OneDrive/M%C3%A1y%20t%C3%ADnh/SudokuMain2/SudokuMain2/assets/Script/MenuController.ts.
debug: Resolve file:///C:/Users/ADMIN/OneDrive/M%C3%A1y%20t%C3%ADnh/SudokuMain2/SudokuMain2/assets/Script/MenuModel.ts from cce:/internal/x/prerequisite-imports as file:///C:/Users/ADMIN/OneDrive/M%C3%A1y%20t%C3%ADnh/SudokuMain2/SudokuMain2/assets/Script/MenuModel.ts.
debug: Resolve file:///C:/Users/ADMIN/OneDrive/M%C3%A1y%20t%C3%ADnh/SudokuMain2/SudokuMain2/assets/Script/MenuView.ts from cce:/internal/x/prerequisite-imports as file:///C:/Users/ADMIN/OneDrive/M%C3%A1y%20t%C3%ADnh/SudokuMain2/SudokuMain2/assets/Script/MenuView.ts.
debug: Resolve file:///C:/Users/ADMIN/OneDrive/M%C3%A1y%20t%C3%ADnh/SudokuMain2/SudokuMain2/assets/Script/StoredPersistNode.ts from cce:/internal/x/prerequisite-imports as file:///C:/Users/ADMIN/OneDrive/M%C3%A1y%20t%C3%ADnh/SudokuMain2/SudokuMain2/assets/Script/StoredPersistNode.ts.
debug: Target(editor) ends with cost 46.93589997291565ms.
debug: Target(preview) build started.
debug: Detected change: cce:/internal/x/prerequisite-imports. Last mtime: Thu Jan 01 1970 08:00:10 GMT+0800 (Indochina Time), Current mtime: Thu Jan 01 1970 08:00:16 GMT+0800 (Indochina Time)
debug: Inspect cce:/internal/x/prerequisite-imports
debug: Resolve file:///C:/ProgramData/cocos/editors/Creator/3.7.2/resources/resources/3d/engine/editor/assets/tools/debug-view-runtime-control.ts from cce:/internal/x/prerequisite-imports as file:///C:/ProgramData/cocos/editors/Creator/3.7.2/resources/resources/3d/engine/editor/assets/tools/debug-view-runtime-control.ts.
debug: Resolve file:///C:/Users/ADMIN/OneDrive/M%C3%A1y%20t%C3%ADnh/SudokuMain2/SudokuMain2/assets/Script/GameController.ts from cce:/internal/x/prerequisite-imports as file:///C:/Users/ADMIN/OneDrive/M%C3%A1y%20t%C3%ADnh/SudokuMain2/SudokuMain2/assets/Script/GameController.ts.
debug: Resolve file:///C:/Users/ADMIN/OneDrive/M%C3%A1y%20t%C3%ADnh/SudokuMain2/SudokuMain2/assets/Script/GameModel.ts from cce:/internal/x/prerequisite-imports as file:///C:/Users/ADMIN/OneDrive/M%C3%A1y%20t%C3%ADnh/SudokuMain2/SudokuMain2/assets/Script/GameModel.ts.
debug: Resolve file:///C:/Users/ADMIN/OneDrive/M%C3%A1y%20t%C3%ADnh/SudokuMain2/SudokuMain2/assets/Script/GameView.ts from cce:/internal/x/prerequisite-imports as file:///C:/Users/ADMIN/OneDrive/M%C3%A1y%20t%C3%ADnh/SudokuMain2/SudokuMain2/assets/Script/GameView.ts.
debug: Resolve file:///C:/Users/ADMIN/OneDrive/M%C3%A1y%20t%C3%ADnh/SudokuMain2/SudokuMain2/assets/Script/MenuController.ts from cce:/internal/x/prerequisite-imports as file:///C:/Users/ADMIN/OneDrive/M%C3%A1y%20t%C3%ADnh/SudokuMain2/SudokuMain2/assets/Script/MenuController.ts.
debug: Resolve file:///C:/Users/ADMIN/OneDrive/M%C3%A1y%20t%C3%ADnh/SudokuMain2/SudokuMain2/assets/Script/MenuModel.ts from cce:/internal/x/prerequisite-imports as file:///C:/Users/ADMIN/OneDrive/M%C3%A1y%20t%C3%ADnh/SudokuMain2/SudokuMain2/assets/Script/MenuModel.ts.
debug: Resolve file:///C:/Users/ADMIN/OneDrive/M%C3%A1y%20t%C3%ADnh/SudokuMain2/SudokuMain2/assets/Script/MenuView.ts from cce:/internal/x/prerequisite-imports as file:///C:/Users/ADMIN/OneDrive/M%C3%A1y%20t%C3%ADnh/SudokuMain2/SudokuMain2/assets/Script/MenuView.ts.
debug: Resolve file:///C:/Users/ADMIN/OneDrive/M%C3%A1y%20t%C3%ADnh/SudokuMain2/SudokuMain2/assets/Script/StoredPersistNode.ts from cce:/internal/x/prerequisite-imports as file:///C:/Users/ADMIN/OneDrive/M%C3%A1y%20t%C3%ADnh/SudokuMain2/SudokuMain2/assets/Script/StoredPersistNode.ts.
debug: Target(preview) ends with cost 56.581000089645386ms.
