3-23-2023 17:42:10-debug: asset-db:worker-init (2915ms)
3-23-2023 17:42:10-debug: Preimport db internal success
3-23-2023 17:42:10-debug: %cImport%c: D:\gameCocos\SudokuMain2\assets\Script\GameController.tsbackground: #aaff85; color: #000;color: #000;
3-23-2023 17:42:10-debug: Preimport db assets success
3-23-2023 17:42:11-debug: asset-db:worker-effect-data-processing (960ms)
3-23-2023 17:42:18-debug: Set detail map pack:///resolution-detail-map.json: {}
3-23-2023 17:42:19-debug: asset-db:worker-init-script (3309ms)
3-23-2023 17:42:19-debug: Start up the 'internal' database...
3-23-2023 17:42:19-debug: Start up the 'assets' database...
3-23-2023 17:42:19-debug: Asset DB is ready!
3-23-2023 17:42:19-debug: init worker message success
3-23-2023 17:42:19-debug: programming:execute-script (1ms)
3-23-2023 17:42:22-debug: builder:worker-init (375ms)
3-23-2023 17:42:25-debug: programming:execute-script (5ms)
3-23-2023 17:42:42-debug: Query all assets info in project
3-23-2023 17:42:42-debug: init custom config: keepNodeUuid: false, useCache: true
3-23-2023 17:42:42-debug:   Number of all scenes: 2
3-23-2023 17:42:42-debug:   Number of all scripts: 2
3-23-2023 17:42:42-debug:   Number of other assets: 302
3-23-2023 17:42:42-debug: Query asset bundle start0%
3-23-2023 17:42:42-debug: // ---- build task Query asset bundle ----
3-23-2023 17:42:42-debug: Process: heapTotal 247.89MB heapUsed 227.06MB rss 561.27MB
3-23-2023 17:42:42-debug: // ---- build task Query asset bundle ---- (17ms)
3-23-2023 17:42:42-debug: run build task Query asset bundle success in 17 ms √3%
3-23-2023 17:42:42-debug: Query and organize assets start3%
3-23-2023 17:42:42-debug: // ---- build task Query and organize assets ----
3-23-2023 17:42:42-debug: Process: heapTotal 232.89MB heapUsed 219.89MB rss 545.66MB
3-23-2023 17:42:42-debug: Query preload assets from cc.config.json: 60f7195c-ec2a-45eb-ba94-8955f60e81d0,1c02ae6f-4492-4915-b8f8-7492a3b1e4cd,810e96e4-e456-4468-9b59-f4e8f39732c0,efe8e2a3-eace-427b-b4f1-cb8a937ec77d,e9aa9a3e-5b2b-4ac7-a2c7-073de2b2b24f,8bbdbcdd-5cd4-4100-b6d5-b7c9625b6107,50f4348b-c883-4e2f-8f11-ce233b859fa1,fda095cb-831d-4601-ad94-846013963de8,f92806d7-1768-443f-afe8-12bcde84d0f0,dd3a144d-ab7f-41f0-82b8-2e43a090d496,f0416e68-0200-4b77-a926-4f9d16e494da,ff9be190-20a4-4e48-b68c-76e3c7cff085,970b0598-bcb0-4714-91fb-2e81440dccd8,bcd64cc6-2dd9-43f6-abbe-66318d332032,d930590d-bb92-4cc8-8bd1-23cd027f9edf,a3cd009f-0ab0-420d-9278-b9fdab939bbc,9361fd90-ba52-4f84-aa93-6e878fd576ca,c27215d8-6835-4b68-bfbb-bdeac6100c04,b5d6115f-0370-4d7c-aad3-c194cc71cf98,871c3b6c-7379-419d-bda3-794b239ab90d
3-23-2023 17:42:42-debug: Number of scenes: 2
3-23-2023 17:42:42-debug: // ---- build task Query and organize assets ---- (16ms)
3-23-2023 17:42:42-debug: run build task Query and organize assets success in 16 ms √7%
3-23-2023 17:42:42-debug: Organize scripts start7%
3-23-2023 17:42:42-debug: // ---- build task Organize scripts ----
3-23-2023 17:42:42-debug: Process: heapTotal 232.89MB heapUsed 220.38MB rss 546.16MB
3-23-2023 17:42:42-debug: sort script group...
3-23-2023 17:42:42-debug: // ---- build task Organize scripts ---- (2ms)
3-23-2023 17:42:42-debug: run build task Organize scripts success in 2 ms √10%
3-23-2023 17:42:42-debug: // ---- build task Init settings and config ----
3-23-2023 17:42:42-debug: Init settings and config start10%
3-23-2023 17:42:42-debug: Process: heapTotal 232.89MB heapUsed 220.42MB rss 546.20MB
3-23-2023 17:42:42-debug: // ---- build task Init settings and config ---- (1ms)
3-23-2023 17:42:42-debug: run build task Init settings and config success in 1 ms √11%
3-23-2023 17:42:42-debug: builder.tasks.settings.macro does not defined in i18n
3-23-2023 17:42:42-debug: builder.tasks.settings.macro start11%
3-23-2023 17:42:42-debug: // ---- build task builder.tasks.settings.macro ----
3-23-2023 17:42:42-debug: Process: heapTotal 232.89MB heapUsed 220.45MB rss 546.24MB
3-23-2023 17:42:42-debug: // ---- build task builder.tasks.settings.macro ---- (2ms)
3-23-2023 17:42:42-debug: Sort some build options to settings.json start11%
3-23-2023 17:42:42-debug: run build task builder.tasks.settings.macro success in 2 ms √11%
3-23-2023 17:42:42-debug: Process: heapTotal 232.89MB heapUsed 220.48MB rss 546.27MB
3-23-2023 17:42:42-debug: // ---- build task Sort some build options to settings.json ----
3-23-2023 17:42:44-debug: // ---- build task Sort some build options to settings.json ---- (1236ms)
3-23-2023 17:42:44-debug: run build task Sort some build options to settings.json success in 1236 ms √12%
3-23-2023 17:42:44-debug: // ---- build task custom joint texture layouts ----
3-23-2023 17:42:44-debug: Process: heapTotal 232.89MB heapUsed 220.55MB rss 546.38MB
3-23-2023 17:42:44-debug: custom joint texture layouts start12%
3-23-2023 17:42:44-debug: // ---- build task custom joint texture layouts ---- (1ms)
3-23-2023 17:42:44-debug: run build task custom joint texture layouts success in 1 ms √12%
3-23-2023 17:42:44-debug: custom joint physics start12%
3-23-2023 17:42:44-debug: Process: heapTotal 232.89MB heapUsed 220.58MB rss 546.41MB
3-23-2023 17:42:44-debug: // ---- build task custom joint physics ----
3-23-2023 17:42:44-debug: // ---- build task custom joint physics ---- (1ms)
3-23-2023 17:42:44-debug: run build task custom joint physics success in 1 ms √13%
3-23-2023 17:42:44-debug: // ---- build task Fill script data to settings ----
3-23-2023 17:42:44-debug: Process: heapTotal 232.89MB heapUsed 220.61MB rss 546.43MB
3-23-2023 17:42:44-debug: Fill script data to settings start13%
3-23-2023 17:42:44-debug: // ---- build task Fill script data to settings ---- (1ms)
3-23-2023 17:42:44-debug: run build task Fill script data to settings success in 1 ms √13%
3-23-2023 17:42:44-debug: // ---- build task Fill scene data to settings ----
3-23-2023 17:42:44-debug: Process: heapTotal 232.89MB heapUsed 220.63MB rss 546.46MB
3-23-2023 17:42:44-debug: Fill scene data to settings start13%
3-23-2023 17:42:44-debug: // ---- build task Fill scene data to settings ---- (1ms)
3-23-2023 17:42:44-debug: Organize assets groups，generate packedAssets and rawAssets data start14%
3-23-2023 17:42:44-debug: run build task Fill scene data to settings success in 1 ms √14%
3-23-2023 17:42:44-debug: // ---- build task Organize assets groups，generate packedAssets and rawAssets data ----
3-23-2023 17:42:44-debug: Process: heapTotal 232.89MB heapUsed 220.67MB rss 546.50MB
3-23-2023 17:42:44-debug: // ---- build task Organize assets groups，generate packedAssets and rawAssets data ---- (1ms)
3-23-2023 17:42:44-debug: run build task Organize assets groups，generate packedAssets and rawAssets data success in 1 ms √14%
3-23-2023 17:42:44-debug: Generate md5AssetsMap from suffixMap to settings start14%
3-23-2023 17:42:44-debug: // ---- build task Generate md5AssetsMap from suffixMap to settings ----
3-23-2023 17:42:44-debug: Process: heapTotal 232.89MB heapUsed 220.77MB rss 546.62MB
3-23-2023 17:42:44-debug: options.md5Cache is false.
3-23-2023 17:42:44-debug: run build task Generate md5AssetsMap from suffixMap to settings success in 0 ms √15%
3-23-2023 17:43:08-debug: refresh db internal success
3-23-2023 17:43:08-debug: asset-db:worker-effect-data-processing (197ms)
3-23-2023 17:43:08-debug: refresh db assets success
3-23-2023 17:43:08-debug: asset-db:refresh-all-database (296ms)
3-23-2023 17:43:20-debug: Query all assets info in project
3-23-2023 17:43:20-debug: init custom config: keepNodeUuid: false, useCache: true
3-23-2023 17:43:20-debug:   Number of all scenes: 2
3-23-2023 17:43:20-debug:   Number of all scripts: 2
3-23-2023 17:43:20-debug:   Number of other assets: 302
3-23-2023 17:43:20-debug: Query asset bundle start0%
3-23-2023 17:43:20-debug: // ---- build task Query asset bundle ----
3-23-2023 17:43:20-debug: Process: heapTotal 210.42MB heapUsed 191.29MB rss 524.36MB
3-23-2023 17:43:20-debug: // ---- build task Query asset bundle ---- (31ms)
3-23-2023 17:43:20-debug: run build task Query asset bundle success in 31 ms √3%
3-23-2023 17:43:20-debug: Query and organize assets start3%
3-23-2023 17:43:20-debug: // ---- build task Query and organize assets ----
3-23-2023 17:43:20-debug: Process: heapTotal 210.42MB heapUsed 191.40MB rss 525.37MB
3-23-2023 17:43:20-debug: Query preload assets from cc.config.json: 60f7195c-ec2a-45eb-ba94-8955f60e81d0,1c02ae6f-4492-4915-b8f8-7492a3b1e4cd,810e96e4-e456-4468-9b59-f4e8f39732c0,efe8e2a3-eace-427b-b4f1-cb8a937ec77d,e9aa9a3e-5b2b-4ac7-a2c7-073de2b2b24f,8bbdbcdd-5cd4-4100-b6d5-b7c9625b6107,50f4348b-c883-4e2f-8f11-ce233b859fa1,fda095cb-831d-4601-ad94-846013963de8,f92806d7-1768-443f-afe8-12bcde84d0f0,dd3a144d-ab7f-41f0-82b8-2e43a090d496,f0416e68-0200-4b77-a926-4f9d16e494da,ff9be190-20a4-4e48-b68c-76e3c7cff085,970b0598-bcb0-4714-91fb-2e81440dccd8,bcd64cc6-2dd9-43f6-abbe-66318d332032,d930590d-bb92-4cc8-8bd1-23cd027f9edf,a3cd009f-0ab0-420d-9278-b9fdab939bbc,9361fd90-ba52-4f84-aa93-6e878fd576ca,c27215d8-6835-4b68-bfbb-bdeac6100c04,b5d6115f-0370-4d7c-aad3-c194cc71cf98,871c3b6c-7379-419d-bda3-794b239ab90d
3-23-2023 17:43:20-debug: Number of scenes: 2
3-23-2023 17:43:20-debug: // ---- build task Query and organize assets ---- (34ms)
3-23-2023 17:43:20-debug: run build task Query and organize assets success in 34 ms √7%
3-23-2023 17:43:20-debug: Organize scripts start7%
3-23-2023 17:43:20-debug: // ---- build task Organize scripts ----
3-23-2023 17:43:20-debug: Process: heapTotal 210.42MB heapUsed 191.02MB rss 527.39MB
3-23-2023 17:43:20-debug: sort script group...
3-23-2023 17:43:20-debug: run build task Organize scripts success in 5 ms √10%
3-23-2023 17:43:20-debug: // ---- build task Organize scripts ---- (5ms)
3-23-2023 17:43:20-debug: Process: heapTotal 210.42MB heapUsed 191.07MB rss 524.91MB
3-23-2023 17:43:20-debug: Init settings and config start10%
3-23-2023 17:43:20-debug: // ---- build task Init settings and config ----
3-23-2023 17:43:20-debug: // ---- build task Init settings and config ---- (2ms)
3-23-2023 17:43:20-debug: run build task Init settings and config success in 2 ms √11%
3-23-2023 17:43:20-debug: builder.tasks.settings.macro start11%
3-23-2023 17:43:20-debug: // ---- build task builder.tasks.settings.macro ----
3-23-2023 17:43:20-debug: Process: heapTotal 210.42MB heapUsed 191.11MB rss 525.89MB
3-23-2023 17:43:20-debug: builder.tasks.settings.macro does not defined in i18n
3-23-2023 17:43:20-debug: // ---- build task builder.tasks.settings.macro ---- (9ms)
3-23-2023 17:43:20-debug: run build task builder.tasks.settings.macro success in 9 ms √11%
3-23-2023 17:43:20-debug: Sort some build options to settings.json start11%
3-23-2023 17:43:20-debug: // ---- build task Sort some build options to settings.json ----
3-23-2023 17:43:20-debug: Process: heapTotal 210.42MB heapUsed 191.21MB rss 523.89MB
3-23-2023 17:43:21-debug: // ---- build task Sort some build options to settings.json ---- (489ms)
3-23-2023 17:43:21-debug: run build task Sort some build options to settings.json success in 489 ms √12%
3-23-2023 17:43:21-debug: // ---- build task custom joint texture layouts ----
3-23-2023 17:43:21-debug: Process: heapTotal 210.42MB heapUsed 191.28MB rss 523.93MB
3-23-2023 17:43:21-debug: custom joint texture layouts start12%
3-23-2023 17:43:21-debug: // ---- build task custom joint texture layouts ---- (1ms)
3-23-2023 17:43:21-debug: run build task custom joint texture layouts success in 1 ms √12%
3-23-2023 17:43:21-debug: custom joint physics start12%
3-23-2023 17:43:21-debug: // ---- build task custom joint physics ----
3-23-2023 17:43:21-debug: Process: heapTotal 210.42MB heapUsed 191.31MB rss 523.97MB
3-23-2023 17:43:21-debug: // ---- build task custom joint physics ---- (1ms)
3-23-2023 17:43:21-debug: run build task custom joint physics success in 1 ms √13%
3-23-2023 17:43:21-debug: Fill script data to settings start13%
3-23-2023 17:43:21-debug: // ---- build task Fill script data to settings ----
3-23-2023 17:43:21-debug: Process: heapTotal 210.42MB heapUsed 191.34MB rss 524.00MB
3-23-2023 17:43:21-debug: run build task Fill script data to settings success in 0 ms √13%
3-23-2023 17:43:21-debug: // ---- build task Fill scene data to settings ----
3-23-2023 17:43:21-debug: Process: heapTotal 210.42MB heapUsed 191.36MB rss 524.03MB
3-23-2023 17:43:21-debug: Fill scene data to settings start13%
3-23-2023 17:43:21-debug: // ---- build task Fill scene data to settings ---- (1ms)
3-23-2023 17:43:21-debug: run build task Fill scene data to settings success in 1 ms √14%
3-23-2023 17:43:21-debug: Process: heapTotal 210.42MB heapUsed 191.39MB rss 524.06MB
3-23-2023 17:43:21-debug: Organize assets groups，generate packedAssets and rawAssets data start14%
3-23-2023 17:43:21-debug: // ---- build task Organize assets groups，generate packedAssets and rawAssets data ----
3-23-2023 17:43:21-debug: // ---- build task Organize assets groups，generate packedAssets and rawAssets data ---- (1ms)
3-23-2023 17:43:21-debug: // ---- build task Generate md5AssetsMap from suffixMap to settings ----
3-23-2023 17:43:21-debug: run build task Organize assets groups，generate packedAssets and rawAssets data success in 1 ms √14%
3-23-2023 17:43:21-debug: Process: heapTotal 210.42MB heapUsed 191.49MB rss 524.16MB
3-23-2023 17:43:21-debug: options.md5Cache is false.
3-23-2023 17:43:21-debug: Generate md5AssetsMap from suffixMap to settings start14%
3-23-2023 17:43:21-debug: // ---- build task Generate md5AssetsMap from suffixMap to settings ---- (1ms)
3-23-2023 17:43:21-debug: run build task Generate md5AssetsMap from suffixMap to settings success in 1 ms √15%
3-23-2023 17:43:29-debug: refresh db internal success
3-23-2023 17:43:29-debug: asset-db:worker-effect-data-processing (188ms)
3-23-2023 17:43:29-debug: refresh db assets success
3-23-2023 17:43:29-debug: asset-db:refresh-all-database (276ms)
3-23-2023 17:47:06-debug: refresh db internal success
3-23-2023 17:47:06-debug: asset-db:worker-effect-data-processing (228ms)
3-23-2023 17:47:06-debug: refresh db assets success
3-23-2023 17:47:06-debug: asset-db:refresh-all-database (304ms)
3-23-2023 17:56:17-debug: refresh db internal success
3-23-2023 17:56:18-debug: Query all assets info in project
3-23-2023 17:56:18-debug: init custom config: keepNodeUuid: false, useCache: true
3-23-2023 17:56:18-debug:   Number of all scenes: 2
3-23-2023 17:56:18-debug:   Number of all scripts: 2
3-23-2023 17:56:18-debug:   Number of other assets: 302
3-23-2023 17:56:18-debug: Query asset bundle start0%
3-23-2023 17:56:18-debug: // ---- build task Query asset bundle ----
3-23-2023 17:56:18-debug: Process: heapTotal 219.98MB heapUsed 194.98MB rss 483.69MB
3-23-2023 17:56:18-debug: // ---- build task Query asset bundle ---- (57ms)
3-23-2023 17:56:18-debug: run build task Query asset bundle success in 57 ms √3%
3-23-2023 17:56:18-debug: Query and organize assets start3%
3-23-2023 17:56:18-debug: // ---- build task Query and organize assets ----
3-23-2023 17:56:18-debug: Process: heapTotal 218.98MB heapUsed 192.70MB rss 481.35MB
3-23-2023 17:56:18-debug: Query preload assets from cc.config.json: 60f7195c-ec2a-45eb-ba94-8955f60e81d0,1c02ae6f-4492-4915-b8f8-7492a3b1e4cd,810e96e4-e456-4468-9b59-f4e8f39732c0,efe8e2a3-eace-427b-b4f1-cb8a937ec77d,e9aa9a3e-5b2b-4ac7-a2c7-073de2b2b24f,8bbdbcdd-5cd4-4100-b6d5-b7c9625b6107,50f4348b-c883-4e2f-8f11-ce233b859fa1,fda095cb-831d-4601-ad94-846013963de8,f92806d7-1768-443f-afe8-12bcde84d0f0,dd3a144d-ab7f-41f0-82b8-2e43a090d496,f0416e68-0200-4b77-a926-4f9d16e494da,ff9be190-20a4-4e48-b68c-76e3c7cff085,970b0598-bcb0-4714-91fb-2e81440dccd8,bcd64cc6-2dd9-43f6-abbe-66318d332032,d930590d-bb92-4cc8-8bd1-23cd027f9edf,a3cd009f-0ab0-420d-9278-b9fdab939bbc,9361fd90-ba52-4f84-aa93-6e878fd576ca,c27215d8-6835-4b68-bfbb-bdeac6100c04,b5d6115f-0370-4d7c-aad3-c194cc71cf98,871c3b6c-7379-419d-bda3-794b239ab90d
3-23-2023 17:56:18-debug: Number of scenes: 2
3-23-2023 17:56:18-debug: Organize scripts start7%
3-23-2023 17:56:18-debug: run build task Query and organize assets success in 28 ms √7%
3-23-2023 17:56:18-debug: // ---- build task Organize scripts ----
3-23-2023 17:56:18-debug: Process: heapTotal 218.98MB heapUsed 190.93MB rss 481.63MB
3-23-2023 17:56:18-debug: sort script group...
3-23-2023 17:56:18-debug: // ---- build task Query and organize assets ---- (28ms)
3-23-2023 17:56:18-debug: // ---- build task Organize scripts ---- (12ms)
3-23-2023 17:56:18-debug: run build task Organize scripts success in 12 ms √10%
3-23-2023 17:56:18-debug: Init settings and config start10%
3-23-2023 17:56:18-debug: // ---- build task Init settings and config ----
3-23-2023 17:56:18-debug: Process: heapTotal 218.98MB heapUsed 190.97MB rss 481.40MB
3-23-2023 17:56:18-debug: // ---- build task Init settings and config ---- (21ms)
3-23-2023 17:56:18-debug: run build task Init settings and config success in 21 ms √11%
3-23-2023 17:56:18-debug: builder.tasks.settings.macro does not defined in i18n
3-23-2023 17:56:18-debug: builder.tasks.settings.macro start11%
3-23-2023 17:56:18-debug: // ---- build task builder.tasks.settings.macro ----
3-23-2023 17:56:18-debug: Process: heapTotal 218.98MB heapUsed 191.07MB rss 481.43MB
3-23-2023 17:56:18-debug: // ---- build task builder.tasks.settings.macro ---- (3ms)
3-23-2023 17:56:18-debug: run build task builder.tasks.settings.macro success in 3 ms √11%
3-23-2023 17:56:18-debug: Sort some build options to settings.json start11%
3-23-2023 17:56:18-debug: // ---- build task Sort some build options to settings.json ----
3-23-2023 17:56:18-debug: Process: heapTotal 219.40MB heapUsed 192.03MB rss 482.18MB
3-23-2023 17:56:18-debug: asset-db:worker-effect-data-processing (552ms)
3-23-2023 17:56:18-debug: refresh db assets success
3-23-2023 17:56:18-debug: asset-db:refresh-all-database (646ms)
3-23-2023 17:56:18-debug: // ---- build task Sort some build options to settings.json ---- (238ms)
3-23-2023 17:56:18-debug: run build task Sort some build options to settings.json success in 238 ms √12%
3-23-2023 17:56:18-debug: custom joint texture layouts start12%
3-23-2023 17:56:18-debug: Process: heapTotal 218.98MB heapUsed 193.04MB rss 482.57MB
3-23-2023 17:56:18-debug: // ---- build task custom joint texture layouts ----
3-23-2023 17:56:18-debug: // ---- build task custom joint texture layouts ---- (3ms)
3-23-2023 17:56:18-debug: run build task custom joint texture layouts success in 3 ms √12%
3-23-2023 17:56:18-debug: custom joint physics start12%
3-23-2023 17:56:18-debug: // ---- build task custom joint physics ----
3-23-2023 17:56:18-debug: Process: heapTotal 218.98MB heapUsed 193.07MB rss 482.58MB
3-23-2023 17:56:18-debug: run build task custom joint physics success in 1 ms √13%
3-23-2023 17:56:18-debug: Fill script data to settings start13%
3-23-2023 17:56:18-debug: // ---- build task Fill script data to settings ----
3-23-2023 17:56:18-debug: // ---- build task custom joint physics ---- (1ms)
3-23-2023 17:56:18-debug: Process: heapTotal 218.98MB heapUsed 193.09MB rss 482.58MB
3-23-2023 17:56:18-debug: // ---- build task Fill script data to settings ---- (1ms)
3-23-2023 17:56:18-debug: Process: heapTotal 218.98MB heapUsed 193.12MB rss 482.59MB
3-23-2023 17:56:18-debug: // ---- build task Fill scene data to settings ----
3-23-2023 17:56:18-debug: run build task Fill script data to settings success in 1 ms √13%
3-23-2023 17:56:18-debug: Fill scene data to settings start13%
3-23-2023 17:56:18-debug: // ---- build task Fill scene data to settings ---- (1ms)
3-23-2023 17:56:18-debug: run build task Fill scene data to settings success in 1 ms √14%
3-23-2023 17:56:18-debug: Organize assets groups，generate packedAssets and rawAssets data start14%
3-23-2023 17:56:18-debug: // ---- build task Organize assets groups，generate packedAssets and rawAssets data ----
3-23-2023 17:56:18-debug: Process: heapTotal 218.98MB heapUsed 193.15MB rss 482.59MB
3-23-2023 17:56:18-debug: // ---- build task Organize assets groups，generate packedAssets and rawAssets data ---- (2ms)
3-23-2023 17:56:18-debug: Generate md5AssetsMap from suffixMap to settings start14%
3-23-2023 17:56:18-debug: run build task Organize assets groups，generate packedAssets and rawAssets data success in 2 ms √14%
3-23-2023 17:56:18-debug: // ---- build task Generate md5AssetsMap from suffixMap to settings ----
3-23-2023 17:56:18-debug: Process: heapTotal 218.98MB heapUsed 193.25MB rss 482.60MB
3-23-2023 17:56:18-debug: options.md5Cache is false.
3-23-2023 17:56:18-debug: run build task Generate md5AssetsMap from suffixMap to settings success in 1 ms √15%
3-23-2023 17:56:18-debug: // ---- build task Generate md5AssetsMap from suffixMap to settings ---- (1ms)
3-23-2023 17:56:38-debug: refresh db internal success
3-23-2023 17:56:39-debug: asset-db:worker-effect-data-processing (194ms)
3-23-2023 17:56:39-debug: refresh db assets success
3-23-2023 17:56:39-debug: asset-db:refresh-all-database (284ms)
