3-24-2023 10:36:40-debug: asset-db:worker-init (2868ms)
3-24-2023 10:36:41-debug: Preimport db internal success
3-24-2023 10:36:41-debug: Preimport db assets success
3-24-2023 10:36:42-debug: asset-db:worker-effect-data-processing (529ms)
3-24-2023 10:36:47-debug: Set detail map pack:///resolution-detail-map.json: {}
3-24-2023 10:36:47-debug: Start up the 'internal' database...
3-24-2023 10:36:47-debug: asset-db:worker-init-script (50ms)
3-24-2023 10:36:47-debug: Start up the 'assets' database...
3-24-2023 10:36:47-debug: Asset DB is ready!
3-24-2023 10:36:47-debug: init worker message success
3-24-2023 10:36:50-debug: programming:execute-script (1ms)
3-24-2023 10:36:50-debug: builder:worker-init (2597ms)
3-24-2023 10:36:53-debug: programming:execute-script (4ms)
3-24-2023 10:47:47-debug: refresh db internal success
3-24-2023 10:47:48-debug: asset-db:worker-effect-data-processing (766ms)
3-24-2023 10:47:48-debug: %cImport%c: D:\gameCocos\SudokuMain2\assets\Script\GameController.tsbackground: #aaff85; color: #000;color: #000;
3-24-2023 10:47:48-debug: refresh db assets success
3-24-2023 10:47:48-debug: asset-db:refresh-all-database (885ms)
3-24-2023 10:47:50-debug: start refresh asset from D:\gameCocos\SudokuMain2\assets\Scene\MainGame.scene...
3-24-2023 10:47:50-debug: %cImport%c: D:\gameCocos\SudokuMain2\assets\Scene\MainGame.scenebackground: #aaff85; color: #000;color: #000;
3-24-2023 10:47:50-debug: refresh asset D:\gameCocos\SudokuMain2\assets\Scene\MainGame.scene success
3-24-2023 10:47:50-debug: start refresh asset from D:\gameCocos\SudokuMain2\assets\Scene\MainGame.scene...
3-24-2023 10:47:50-debug: %cImport%c: D:\gameCocos\SudokuMain2\assets\Scene\MainGame.scenebackground: #aaff85; color: #000;color: #000;
3-24-2023 10:47:50-debug: refresh asset D:\gameCocos\SudokuMain2\assets\Scene\MainGame.scene success
3-24-2023 10:47:53-debug: Query all assets info in project
3-24-2023 10:47:53-debug: init custom config: keepNodeUuid: false, useCache: true
3-24-2023 10:47:53-debug:   Number of all scripts: 2
3-24-2023 10:47:53-debug:   Number of all scenes: 2
3-24-2023 10:47:53-debug:   Number of other assets: 302
3-24-2023 10:47:53-debug: // ---- build task Query asset bundle ----
3-24-2023 10:47:53-debug: Query asset bundle start0%
3-24-2023 10:47:53-debug: Process: heapTotal 217.32MB heapUsed 191.48MB rss 437.67MB
3-24-2023 10:47:53-debug: // ---- build task Query asset bundle ---- (28ms)
3-24-2023 10:47:53-debug: run build task Query asset bundle success in 28 ms √3%
3-24-2023 10:47:53-debug: Query and organize assets start3%
3-24-2023 10:47:53-debug: // ---- build task Query and organize assets ----
3-24-2023 10:47:53-debug: Process: heapTotal 217.32MB heapUsed 193.06MB rss 439.06MB
3-24-2023 10:47:53-debug: Query preload assets from cc.config.json: 60f7195c-ec2a-45eb-ba94-8955f60e81d0,1c02ae6f-4492-4915-b8f8-7492a3b1e4cd,810e96e4-e456-4468-9b59-f4e8f39732c0,efe8e2a3-eace-427b-b4f1-cb8a937ec77d,e9aa9a3e-5b2b-4ac7-a2c7-073de2b2b24f,8bbdbcdd-5cd4-4100-b6d5-b7c9625b6107,50f4348b-c883-4e2f-8f11-ce233b859fa1,fda095cb-831d-4601-ad94-846013963de8,f92806d7-1768-443f-afe8-12bcde84d0f0,dd3a144d-ab7f-41f0-82b8-2e43a090d496,f0416e68-0200-4b77-a926-4f9d16e494da,ff9be190-20a4-4e48-b68c-76e3c7cff085,970b0598-bcb0-4714-91fb-2e81440dccd8,bcd64cc6-2dd9-43f6-abbe-66318d332032,d930590d-bb92-4cc8-8bd1-23cd027f9edf,a3cd009f-0ab0-420d-9278-b9fdab939bbc,9361fd90-ba52-4f84-aa93-6e878fd576ca,c27215d8-6835-4b68-bfbb-bdeac6100c04,b5d6115f-0370-4d7c-aad3-c194cc71cf98,871c3b6c-7379-419d-bda3-794b239ab90d
3-24-2023 10:47:53-debug: Number of scenes: 2
3-24-2023 10:47:54-debug: run build task Query and organize assets success in 17 ms √7%
3-24-2023 10:47:54-debug: Organize scripts start7%
3-24-2023 10:47:54-debug: // ---- build task Query and organize assets ---- (17ms)
3-24-2023 10:47:54-debug: Process: heapTotal 217.32MB heapUsed 194.53MB rss 440.30MB
3-24-2023 10:47:54-debug: // ---- build task Organize scripts ----
3-24-2023 10:47:54-debug: sort script group...
3-24-2023 10:47:54-debug: run build task Organize scripts success in 0 ms √10%
3-24-2023 10:47:54-debug: Process: heapTotal 217.32MB heapUsed 194.56MB rss 440.90MB
3-24-2023 10:47:54-debug: Init settings and config start10%
3-24-2023 10:47:54-debug: // ---- build task Init settings and config ----
3-24-2023 10:47:54-debug: // ---- build task Init settings and config ---- (2ms)
3-24-2023 10:47:54-debug: run build task Init settings and config success in 2 ms √11%
3-24-2023 10:47:54-debug: builder.tasks.settings.macro start11%
3-24-2023 10:47:54-debug: // ---- build task builder.tasks.settings.macro ----
3-24-2023 10:47:54-debug: Process: heapTotal 217.32MB heapUsed 191.08MB rss 440.30MB
3-24-2023 10:47:54-debug: builder.tasks.settings.macro does not defined in i18n
3-24-2023 10:47:54-debug: // ---- build task builder.tasks.settings.macro ---- (4ms)
3-24-2023 10:47:54-debug: run build task builder.tasks.settings.macro success in 4 ms √11%
3-24-2023 10:47:54-debug: Sort some build options to settings.json start11%
3-24-2023 10:47:54-debug: // ---- build task Sort some build options to settings.json ----
3-24-2023 10:47:54-debug: Process: heapTotal 217.32MB heapUsed 191.11MB rss 439.14MB
3-24-2023 10:47:55-debug: // ---- build task Sort some build options to settings.json ---- (1045ms)
3-24-2023 10:47:55-debug: run build task Sort some build options to settings.json success in 1045 ms √12%
3-24-2023 10:47:55-debug: custom joint texture layouts start12%
3-24-2023 10:47:55-debug: Process: heapTotal 217.57MB heapUsed 191.53MB rss 438.00MB
3-24-2023 10:47:55-debug: // ---- build task custom joint texture layouts ----
3-24-2023 10:47:55-debug: // ---- build task custom joint texture layouts ---- (1ms)
3-24-2023 10:47:55-debug: run build task custom joint texture layouts success in 1 ms √12%
3-24-2023 10:47:55-debug: Process: heapTotal 217.57MB heapUsed 191.56MB rss 438.01MB
3-24-2023 10:47:55-debug: custom joint physics start12%
3-24-2023 10:47:55-debug: // ---- build task custom joint physics ----
3-24-2023 10:47:55-debug: // ---- build task custom joint physics ---- (1ms)
3-24-2023 10:47:55-debug: run build task custom joint physics success in 1 ms √13%
3-24-2023 10:47:55-debug: Fill script data to settings start13%
3-24-2023 10:47:55-debug: // ---- build task Fill script data to settings ----
3-24-2023 10:47:55-debug: Process: heapTotal 217.57MB heapUsed 191.59MB rss 438.02MB
3-24-2023 10:47:55-debug: run build task Fill script data to settings success in 0 ms √13%
3-24-2023 10:47:55-debug: Fill scene data to settings start13%
3-24-2023 10:47:55-debug: // ---- build task Fill scene data to settings ----
3-24-2023 10:47:55-debug: Process: heapTotal 217.57MB heapUsed 191.61MB rss 438.02MB
3-24-2023 10:47:55-debug: run build task Fill scene data to settings success in 0 ms √14%
3-24-2023 10:47:55-debug: Organize assets groups，generate packedAssets and rawAssets data start14%
3-24-2023 10:47:55-debug: // ---- build task Organize assets groups，generate packedAssets and rawAssets data ----
3-24-2023 10:47:55-debug: Process: heapTotal 217.57MB heapUsed 191.64MB rss 438.02MB
3-24-2023 10:47:55-debug: // ---- build task Organize assets groups，generate packedAssets and rawAssets data ---- (1ms)
3-24-2023 10:47:55-debug: run build task Organize assets groups，generate packedAssets and rawAssets data success in 1 ms √14%
3-24-2023 10:47:55-debug: // ---- build task Generate md5AssetsMap from suffixMap to settings ----
3-24-2023 10:47:55-debug: Process: heapTotal 217.57MB heapUsed 191.74MB rss 438.03MB
3-24-2023 10:47:55-debug: Generate md5AssetsMap from suffixMap to settings start14%
3-24-2023 10:47:55-debug: options.md5Cache is false.
3-24-2023 10:47:55-debug: // ---- build task Generate md5AssetsMap from suffixMap to settings ---- (1ms)
3-24-2023 10:47:55-debug: run build task Generate md5AssetsMap from suffixMap to settings success in 1 ms √15%
3-24-2023 10:48:50-debug: refresh db internal success
3-24-2023 10:48:51-debug: asset-db:worker-effect-data-processing (936ms)
3-24-2023 10:48:51-debug: refresh db assets success
3-24-2023 10:48:51-debug: asset-db:refresh-all-database (2439ms)
3-24-2023 10:50:04-debug: Query all assets info in project
3-24-2023 10:50:04-debug: init custom config: keepNodeUuid: false, useCache: true
3-24-2023 10:50:04-debug:   Number of all scenes: 2
3-24-2023 10:50:04-debug:   Number of all scripts: 2
3-24-2023 10:50:04-debug:   Number of other assets: 302
3-24-2023 10:50:04-debug: Query asset bundle start0%
3-24-2023 10:50:04-debug: // ---- build task Query asset bundle ----
3-24-2023 10:50:04-debug: Process: heapTotal 214.43MB heapUsed 196.59MB rss 204.19MB
3-24-2023 10:50:04-debug: // ---- build task Query asset bundle ---- (62ms)
3-24-2023 10:50:04-debug: run build task Query asset bundle success in 62 ms √3%
3-24-2023 10:50:04-debug: Query and organize assets start3%
3-24-2023 10:50:04-debug: // ---- build task Query and organize assets ----
3-24-2023 10:50:04-debug: Process: heapTotal 214.43MB heapUsed 196.54MB rss 195.49MB
3-24-2023 10:50:04-debug: Query preload assets from cc.config.json: 60f7195c-ec2a-45eb-ba94-8955f60e81d0,1c02ae6f-4492-4915-b8f8-7492a3b1e4cd,810e96e4-e456-4468-9b59-f4e8f39732c0,efe8e2a3-eace-427b-b4f1-cb8a937ec77d,e9aa9a3e-5b2b-4ac7-a2c7-073de2b2b24f,8bbdbcdd-5cd4-4100-b6d5-b7c9625b6107,50f4348b-c883-4e2f-8f11-ce233b859fa1,fda095cb-831d-4601-ad94-846013963de8,f92806d7-1768-443f-afe8-12bcde84d0f0,dd3a144d-ab7f-41f0-82b8-2e43a090d496,f0416e68-0200-4b77-a926-4f9d16e494da,ff9be190-20a4-4e48-b68c-76e3c7cff085,970b0598-bcb0-4714-91fb-2e81440dccd8,bcd64cc6-2dd9-43f6-abbe-66318d332032,d930590d-bb92-4cc8-8bd1-23cd027f9edf,a3cd009f-0ab0-420d-9278-b9fdab939bbc,9361fd90-ba52-4f84-aa93-6e878fd576ca,c27215d8-6835-4b68-bfbb-bdeac6100c04,b5d6115f-0370-4d7c-aad3-c194cc71cf98,871c3b6c-7379-419d-bda3-794b239ab90d
3-24-2023 10:50:04-debug: Number of scenes: 2
3-24-2023 10:50:04-debug: // ---- build task Query and organize assets ---- (47ms)
3-24-2023 10:50:04-debug: run build task Query and organize assets success in 47 ms √7%
3-24-2023 10:50:04-debug: Organize scripts start7%
3-24-2023 10:50:04-debug: // ---- build task Organize scripts ----
3-24-2023 10:50:04-debug: Process: heapTotal 214.43MB heapUsed 197.13MB rss 196.28MB
3-24-2023 10:50:04-debug: sort script group...
3-24-2023 10:50:04-debug: // ---- build task Organize scripts ---- (1ms)
3-24-2023 10:50:04-debug: run build task Organize scripts success in 1 ms √10%
3-24-2023 10:50:04-debug: Init settings and config start10%
3-24-2023 10:50:04-debug: // ---- build task Init settings and config ----
3-24-2023 10:50:04-debug: Process: heapTotal 214.43MB heapUsed 197.17MB rss 196.32MB
3-24-2023 10:50:04-debug: // ---- build task Init settings and config ---- (1ms)
3-24-2023 10:50:04-debug: run build task Init settings and config success in 1 ms √11%
3-24-2023 10:50:04-debug: builder.tasks.settings.macro does not defined in i18n
3-24-2023 10:50:04-debug: builder.tasks.settings.macro start11%
3-24-2023 10:50:04-debug: // ---- build task builder.tasks.settings.macro ----
3-24-2023 10:50:04-debug: Process: heapTotal 214.43MB heapUsed 197.20MB rss 196.35MB
3-24-2023 10:50:04-debug: // ---- build task builder.tasks.settings.macro ---- (4ms)
3-24-2023 10:50:04-debug: run build task builder.tasks.settings.macro success in 4 ms √11%
3-24-2023 10:50:04-debug: Sort some build options to settings.json start11%
3-24-2023 10:50:04-debug: // ---- build task Sort some build options to settings.json ----
3-24-2023 10:50:04-debug: Process: heapTotal 214.43MB heapUsed 197.23MB rss 196.39MB
3-24-2023 10:50:05-debug: // ---- build task Sort some build options to settings.json ---- (1005ms)
3-24-2023 10:50:05-debug: run build task Sort some build options to settings.json success in 1005 ms √12%
3-24-2023 10:50:05-debug: // ---- build task custom joint texture layouts ----
3-24-2023 10:50:05-debug: custom joint texture layouts start12%
3-24-2023 10:50:05-debug: Process: heapTotal 214.43MB heapUsed 197.30MB rss 196.49MB
3-24-2023 10:50:05-debug: // ---- build task custom joint texture layouts ---- (2ms)
3-24-2023 10:50:05-debug: run build task custom joint texture layouts success in 2 ms √12%
3-24-2023 10:50:05-debug: Process: heapTotal 214.43MB heapUsed 196.47MB rss 195.50MB
3-24-2023 10:50:05-debug: custom joint physics start12%
3-24-2023 10:50:05-debug: // ---- build task custom joint physics ----
3-24-2023 10:50:05-debug: run build task custom joint physics success in 0 ms √13%
3-24-2023 10:50:05-debug: Fill script data to settings start13%
3-24-2023 10:50:05-debug: // ---- build task Fill script data to settings ----
3-24-2023 10:50:05-debug: Process: heapTotal 214.43MB heapUsed 196.49MB rss 195.52MB
3-24-2023 10:50:05-debug: // ---- build task Fill script data to settings ---- (1ms)
3-24-2023 10:50:05-debug: run build task Fill script data to settings success in 1 ms √13%
3-24-2023 10:50:05-debug: Process: heapTotal 214.43MB heapUsed 196.52MB rss 195.55MB
3-24-2023 10:50:05-debug: // ---- build task Fill scene data to settings ----
3-24-2023 10:50:05-debug: Fill scene data to settings start13%
3-24-2023 10:50:05-debug: run build task Fill scene data to settings success in 0 ms √14%
3-24-2023 10:50:05-debug: Organize assets groups，generate packedAssets and rawAssets data start14%
3-24-2023 10:50:05-debug: Process: heapTotal 214.43MB heapUsed 196.54MB rss 195.58MB
3-24-2023 10:50:05-debug: // ---- build task Organize assets groups，generate packedAssets and rawAssets data ----
3-24-2023 10:50:05-debug: // ---- build task Organize assets groups，generate packedAssets and rawAssets data ---- (2ms)
3-24-2023 10:50:05-debug: run build task Organize assets groups，generate packedAssets and rawAssets data success in 2 ms √14%
3-24-2023 10:50:05-debug: Generate md5AssetsMap from suffixMap to settings start14%
3-24-2023 10:50:05-debug: // ---- build task Generate md5AssetsMap from suffixMap to settings ----
3-24-2023 10:50:05-debug: Process: heapTotal 214.43MB heapUsed 196.64MB rss 195.68MB
3-24-2023 10:50:05-debug: options.md5Cache is false.
3-24-2023 10:50:05-debug: run build task Generate md5AssetsMap from suffixMap to settings success in 0 ms √15%
3-24-2023 10:50:08-debug: refresh db internal success
3-24-2023 10:50:09-debug: asset-db:worker-effect-data-processing (190ms)
3-24-2023 10:50:09-debug: refresh db assets success
3-24-2023 10:50:09-debug: asset-db:refresh-all-database (268ms)
3-24-2023 10:50:42-debug: refresh db internal success
3-24-2023 10:50:43-debug: asset-db:worker-effect-data-processing (513ms)
3-24-2023 10:50:43-debug: refresh db assets success
3-24-2023 10:50:43-debug: asset-db:refresh-all-database (602ms)
3-24-2023 10:51:11-debug: refresh db internal success
3-24-2023 10:51:11-debug: asset-db:worker-effect-data-processing (186ms)
3-24-2023 10:51:11-debug: refresh db assets success
3-24-2023 10:51:11-debug: asset-db:refresh-all-database (308ms)
3-24-2023 10:51:36-debug: refresh db internal success
3-24-2023 10:51:36-debug: asset-db:worker-effect-data-processing (180ms)
3-24-2023 10:51:36-debug: refresh db assets success
3-24-2023 10:51:36-debug: asset-db:refresh-all-database (249ms)
3-24-2023 10:52:30-debug: refresh db internal success
3-24-2023 10:52:30-debug: asset-db:worker-effect-data-processing (237ms)
3-24-2023 10:52:30-debug: refresh db assets success
3-24-2023 10:52:30-debug: asset-db:refresh-all-database (302ms)
3-24-2023 10:55:10-debug: refresh db internal success
3-24-2023 10:55:10-debug: asset-db:worker-effect-data-processing (169ms)
3-24-2023 10:55:10-debug: refresh db assets success
3-24-2023 10:55:10-debug: asset-db:refresh-all-database (241ms)
3-24-2023 10:56:34-debug: refresh db internal success
3-24-2023 10:56:36-debug: asset-db:worker-effect-data-processing (173ms)
3-24-2023 10:56:36-debug: refresh db assets success
3-24-2023 10:56:36-debug: asset-db:refresh-all-database (1703ms)
3-24-2023 10:56:48-debug: refresh db internal success
3-24-2023 10:56:49-debug: asset-db:worker-effect-data-processing (167ms)
3-24-2023 10:56:49-debug: refresh db assets success
3-24-2023 10:56:49-debug: asset-db:refresh-all-database (236ms)
3-24-2023 11:04:51-debug: refresh db internal success
3-24-2023 11:04:53-debug: asset-db:worker-effect-data-processing (224ms)
3-24-2023 11:04:53-debug: refresh db assets success
3-24-2023 11:04:53-debug: asset-db:refresh-all-database (1701ms)
3-24-2023 11:06:38-debug: refresh db internal success
3-24-2023 11:06:38-debug: asset-db:worker-effect-data-processing (165ms)
3-24-2023 11:06:38-debug: refresh db assets success
3-24-2023 11:06:38-debug: asset-db:refresh-all-database (224ms)
3-24-2023 11:06:40-debug: refresh db internal success
3-24-2023 11:06:40-debug: asset-db:worker-effect-data-processing (158ms)
3-24-2023 11:06:40-debug: refresh db assets success
3-24-2023 11:06:40-debug: asset-db:refresh-all-database (209ms)
3-24-2023 11:06:50-debug: refresh db internal success
3-24-2023 11:06:51-debug: asset-db:worker-effect-data-processing (178ms)
3-24-2023 11:06:51-debug: refresh db assets success
3-24-2023 11:06:51-debug: asset-db:refresh-all-database (236ms)
