3-27-2023 16:12:02-debug: asset-db:worker-init (4502ms)
3-27-2023 16:12:07-debug: Preimport db internal success
3-27-2023 16:12:07-debug: %cImport%c: D:\gameCocos\SudokuMain2\assets\Script\GameController.tsbackground: #aaff85; color: #000;color: #000;
3-27-2023 16:12:07-debug: Preimport db assets success
3-27-2023 16:12:09-debug: asset-db:worker-effect-data-processing (2042ms)
3-27-2023 16:12:16-debug: Set detail map pack:///resolution-detail-map.json: {}
3-27-2023 16:12:16-debug: Start up the 'internal' database...
3-27-2023 16:12:17-debug: asset-db:worker-init-script (31ms)
3-27-2023 16:12:17-debug: Start up the 'assets' database...
3-27-2023 16:12:17-debug: Asset DB is ready!
3-27-2023 16:12:17-debug: init worker message success
3-27-2023 16:12:20-debug: builder:worker-init (378ms)
3-27-2023 16:12:25-debug: programming:execute-script (4ms)
3-27-2023 16:35:48-debug: Query all assets info in project
3-27-2023 16:35:48-debug: init custom config: keepNodeUuid: false, useCache: true
3-27-2023 16:35:48-debug:   Number of all scripts: 2
3-27-2023 16:35:48-debug: Query asset bundle start0%
3-27-2023 16:35:48-debug:   Number of other assets: 305
3-27-2023 16:35:48-debug: // ---- build task Query asset bundle ----
3-27-2023 16:35:48-debug: Process: heapTotal 204.64MB heapUsed 192.40MB rss 515.38MB
3-27-2023 16:35:48-debug:   Number of all scenes: 2
3-27-2023 16:35:48-debug: // ---- build task Query asset bundle ---- (36ms)
3-27-2023 16:35:48-debug: run build task Query asset bundle success in 36 ms √3%
3-27-2023 16:35:48-debug: Query and organize assets start3%
3-27-2023 16:35:48-debug: Process: heapTotal 204.64MB heapUsed 192.54MB rss 517.97MB
3-27-2023 16:35:48-debug: // ---- build task Query and organize assets ----
3-27-2023 16:35:48-debug: Query preload assets from cc.config.json: 60f7195c-ec2a-45eb-ba94-8955f60e81d0,1c02ae6f-4492-4915-b8f8-7492a3b1e4cd,810e96e4-e456-4468-9b59-f4e8f39732c0,efe8e2a3-eace-427b-b4f1-cb8a937ec77d,e9aa9a3e-5b2b-4ac7-a2c7-073de2b2b24f,8bbdbcdd-5cd4-4100-b6d5-b7c9625b6107,50f4348b-c883-4e2f-8f11-ce233b859fa1,fda095cb-831d-4601-ad94-846013963de8,f92806d7-1768-443f-afe8-12bcde84d0f0,dd3a144d-ab7f-41f0-82b8-2e43a090d496,f0416e68-0200-4b77-a926-4f9d16e494da,ff9be190-20a4-4e48-b68c-76e3c7cff085,970b0598-bcb0-4714-91fb-2e81440dccd8,bcd64cc6-2dd9-43f6-abbe-66318d332032,d930590d-bb92-4cc8-8bd1-23cd027f9edf,a3cd009f-0ab0-420d-9278-b9fdab939bbc,9361fd90-ba52-4f84-aa93-6e878fd576ca,c27215d8-6835-4b68-bfbb-bdeac6100c04,b5d6115f-0370-4d7c-aad3-c194cc71cf98,871c3b6c-7379-419d-bda3-794b239ab90d
3-27-2023 16:35:48-debug: Number of scenes: 2
3-27-2023 16:35:48-debug: // ---- build task Query and organize assets ---- (26ms)
3-27-2023 16:35:48-debug: run build task Query and organize assets success in 26 ms √7%
3-27-2023 16:35:48-debug: Organize scripts start7%
3-27-2023 16:35:48-debug: // ---- build task Organize scripts ----
3-27-2023 16:35:48-debug: Process: heapTotal 204.64MB heapUsed 193.19MB rss 518.95MB
3-27-2023 16:35:48-debug: sort script group...
3-27-2023 16:35:48-debug: // ---- build task Organize scripts ---- (2ms)
3-27-2023 16:35:48-debug: run build task Organize scripts success in 2 ms √10%
3-27-2023 16:35:48-debug: Init settings and config start10%
3-27-2023 16:35:48-debug: // ---- build task Init settings and config ----
3-27-2023 16:35:48-debug: Process: heapTotal 204.64MB heapUsed 193.23MB rss 519.00MB
3-27-2023 16:35:48-debug: // ---- build task Init settings and config ---- (1ms)
3-27-2023 16:35:48-debug: run build task Init settings and config success in 1 ms √11%
3-27-2023 16:35:48-debug: builder.tasks.settings.macro does not defined in i18n
3-27-2023 16:35:48-debug: builder.tasks.settings.macro start11%
3-27-2023 16:35:48-debug: // ---- build task builder.tasks.settings.macro ----
3-27-2023 16:35:48-debug: Process: heapTotal 204.64MB heapUsed 192.46MB rss 516.85MB
3-27-2023 16:35:48-debug: // ---- build task builder.tasks.settings.macro ---- (2ms)
3-27-2023 16:35:48-debug: run build task builder.tasks.settings.macro success in 2 ms √11%
3-27-2023 16:35:48-debug: Sort some build options to settings.json start11%
3-27-2023 16:35:48-debug: Process: heapTotal 204.64MB heapUsed 192.49MB rss 517.61MB
3-27-2023 16:35:48-debug: // ---- build task Sort some build options to settings.json ----
3-27-2023 16:35:50-debug: // ---- build task Sort some build options to settings.json ---- (1775ms)
3-27-2023 16:35:50-debug: run build task Sort some build options to settings.json success in 1775 ms √12%
3-27-2023 16:35:50-debug: Process: heapTotal 204.89MB heapUsed 192.81MB rss 515.81MB
3-27-2023 16:35:50-debug: // ---- build task custom joint texture layouts ----
3-27-2023 16:35:50-debug: custom joint texture layouts start12%
3-27-2023 16:35:50-debug: // ---- build task custom joint texture layouts ---- (1ms)
3-27-2023 16:35:50-debug: run build task custom joint texture layouts success in 1 ms √12%
3-27-2023 16:35:50-debug: custom joint physics start12%
3-27-2023 16:35:50-debug: // ---- build task custom joint physics ----
3-27-2023 16:35:50-debug: Process: heapTotal 204.89MB heapUsed 192.84MB rss 515.85MB
3-27-2023 16:35:50-debug: // ---- build task custom joint physics ---- (1ms)
3-27-2023 16:35:50-debug: run build task custom joint physics success in 1 ms √13%
3-27-2023 16:35:50-debug: // ---- build task Fill script data to settings ----
3-27-2023 16:35:50-debug: Fill script data to settings start13%
3-27-2023 16:35:50-debug: Process: heapTotal 204.89MB heapUsed 192.86MB rss 515.87MB
3-27-2023 16:35:50-debug: run build task Fill script data to settings success in 0 ms √13%
3-27-2023 16:35:50-debug: Fill scene data to settings start13%
3-27-2023 16:35:50-debug: // ---- build task Fill scene data to settings ----
3-27-2023 16:35:50-debug: Process: heapTotal 204.89MB heapUsed 192.89MB rss 515.90MB
3-27-2023 16:35:50-debug: run build task Fill scene data to settings success in 0 ms √14%
3-27-2023 16:35:50-debug: Organize assets groups，generate packedAssets and rawAssets data start14%
3-27-2023 16:35:50-debug: Process: heapTotal 204.89MB heapUsed 192.91MB rss 515.92MB
3-27-2023 16:35:50-debug: // ---- build task Organize assets groups，generate packedAssets and rawAssets data ----
3-27-2023 16:35:50-debug: // ---- build task Organize assets groups，generate packedAssets and rawAssets data ---- (1ms)
3-27-2023 16:35:50-debug: run build task Organize assets groups，generate packedAssets and rawAssets data success in 1 ms √14%
3-27-2023 16:35:50-debug: // ---- build task Generate md5AssetsMap from suffixMap to settings ----
3-27-2023 16:35:50-debug: Generate md5AssetsMap from suffixMap to settings start14%
3-27-2023 16:35:50-debug: Process: heapTotal 204.89MB heapUsed 193.01MB rss 516.04MB
3-27-2023 16:35:50-debug: options.md5Cache is false.
3-27-2023 16:35:50-debug: // ---- build task Generate md5AssetsMap from suffixMap to settings ---- (1ms)
3-27-2023 16:35:50-debug: run build task Generate md5AssetsMap from suffixMap to settings success in 1 ms √15%
3-27-2023 16:36:07-debug: Query all assets info in project
3-27-2023 16:36:07-debug: init custom config: keepNodeUuid: false, useCache: true
3-27-2023 16:36:07-debug:   Number of all scripts: 2
3-27-2023 16:36:07-debug:   Number of other assets: 305
3-27-2023 16:36:07-debug: Query asset bundle start0%
3-27-2023 16:36:07-debug:   Number of all scenes: 2
3-27-2023 16:36:07-debug: // ---- build task Query asset bundle ----
3-27-2023 16:36:07-debug: Process: heapTotal 204.89MB heapUsed 193.54MB rss 516.48MB
3-27-2023 16:36:07-debug: run build task Query asset bundle success in 12 ms √3%
3-27-2023 16:36:07-debug: Query and organize assets start3%
3-27-2023 16:36:07-debug: // ---- build task Query and organize assets ----
3-27-2023 16:36:07-debug: Process: heapTotal 204.89MB heapUsed 193.45MB rss 516.31MB
3-27-2023 16:36:07-debug: // ---- build task Query asset bundle ---- (12ms)
3-27-2023 16:36:07-debug: Query preload assets from cc.config.json: 60f7195c-ec2a-45eb-ba94-8955f60e81d0,1c02ae6f-4492-4915-b8f8-7492a3b1e4cd,810e96e4-e456-4468-9b59-f4e8f39732c0,efe8e2a3-eace-427b-b4f1-cb8a937ec77d,e9aa9a3e-5b2b-4ac7-a2c7-073de2b2b24f,8bbdbcdd-5cd4-4100-b6d5-b7c9625b6107,50f4348b-c883-4e2f-8f11-ce233b859fa1,fda095cb-831d-4601-ad94-846013963de8,f92806d7-1768-443f-afe8-12bcde84d0f0,dd3a144d-ab7f-41f0-82b8-2e43a090d496,f0416e68-0200-4b77-a926-4f9d16e494da,ff9be190-20a4-4e48-b68c-76e3c7cff085,970b0598-bcb0-4714-91fb-2e81440dccd8,bcd64cc6-2dd9-43f6-abbe-66318d332032,d930590d-bb92-4cc8-8bd1-23cd027f9edf,a3cd009f-0ab0-420d-9278-b9fdab939bbc,9361fd90-ba52-4f84-aa93-6e878fd576ca,c27215d8-6835-4b68-bfbb-bdeac6100c04,b5d6115f-0370-4d7c-aad3-c194cc71cf98,871c3b6c-7379-419d-bda3-794b239ab90d
3-27-2023 16:36:07-debug: Number of scenes: 2
3-27-2023 16:36:07-debug: // ---- build task Query and organize assets ---- (13ms)
3-27-2023 16:36:07-debug: run build task Query and organize assets success in 13 ms √7%
3-27-2023 16:36:07-debug: Organize scripts start7%
3-27-2023 16:36:07-debug: // ---- build task Organize scripts ----
3-27-2023 16:36:07-debug: Process: heapTotal 204.89MB heapUsed 192.97MB rss 515.82MB
3-27-2023 16:36:07-debug: sort script group...
3-27-2023 16:36:07-debug: run build task Organize scripts success in 0 ms √10%
3-27-2023 16:36:07-debug: Init settings and config start10%
3-27-2023 16:36:07-debug: // ---- build task Init settings and config ----
3-27-2023 16:36:07-debug: Process: heapTotal 204.89MB heapUsed 193.01MB rss 515.86MB
3-27-2023 16:36:07-debug: // ---- build task Init settings and config ---- (1ms)
3-27-2023 16:36:07-debug: run build task Init settings and config success in 1 ms √11%
3-27-2023 16:36:07-debug: builder.tasks.settings.macro does not defined in i18n
3-27-2023 16:36:07-debug: builder.tasks.settings.macro start11%
3-27-2023 16:36:07-debug: Process: heapTotal 204.89MB heapUsed 193.04MB rss 515.89MB
3-27-2023 16:36:07-debug: // ---- build task builder.tasks.settings.macro ----
3-27-2023 16:36:07-debug: // ---- build task builder.tasks.settings.macro ---- (2ms)
3-27-2023 16:36:07-debug: run build task builder.tasks.settings.macro success in 2 ms √11%
3-27-2023 16:36:07-debug: // ---- build task Sort some build options to settings.json ----
3-27-2023 16:36:07-debug: Process: heapTotal 204.89MB heapUsed 193.07MB rss 515.92MB
3-27-2023 16:36:07-debug: Sort some build options to settings.json start11%
3-27-2023 16:36:08-debug: // ---- build task Sort some build options to settings.json ---- (793ms)
3-27-2023 16:36:08-debug: run build task Sort some build options to settings.json success in 793 ms √12%
3-27-2023 16:36:08-debug: Process: heapTotal 204.89MB heapUsed 193.14MB rss 515.99MB
3-27-2023 16:36:08-debug: custom joint texture layouts start12%
3-27-2023 16:36:08-debug: // ---- build task custom joint texture layouts ----
3-27-2023 16:36:08-debug: // ---- build task custom joint texture layouts ---- (1ms)
3-27-2023 16:36:08-debug: run build task custom joint texture layouts success in 1 ms √12%
3-27-2023 16:36:08-debug: custom joint physics start12%
3-27-2023 16:36:08-debug: // ---- build task custom joint physics ----
3-27-2023 16:36:08-debug: Process: heapTotal 204.89MB heapUsed 193.17MB rss 516.03MB
3-27-2023 16:36:08-debug: // ---- build task custom joint physics ---- (1ms)
3-27-2023 16:36:08-debug: run build task custom joint physics success in 1 ms √13%
3-27-2023 16:36:08-debug: Fill script data to settings start13%
3-27-2023 16:36:08-debug: // ---- build task Fill script data to settings ----
3-27-2023 16:36:08-debug: Process: heapTotal 204.89MB heapUsed 193.20MB rss 516.06MB
3-27-2023 16:36:08-debug: run build task Fill script data to settings success in 0 ms √13%
3-27-2023 16:36:08-debug: Fill scene data to settings start13%
3-27-2023 16:36:08-debug: // ---- build task Fill scene data to settings ----
3-27-2023 16:36:08-debug: Process: heapTotal 204.89MB heapUsed 193.22MB rss 516.08MB
3-27-2023 16:36:08-debug: run build task Fill scene data to settings success in 0 ms √14%
3-27-2023 16:36:08-debug: // ---- build task Organize assets groups，generate packedAssets and rawAssets data ----
3-27-2023 16:36:08-debug: Organize assets groups，generate packedAssets and rawAssets data start14%
3-27-2023 16:36:08-debug: Process: heapTotal 204.89MB heapUsed 193.25MB rss 516.11MB
3-27-2023 16:36:08-debug: // ---- build task Organize assets groups，generate packedAssets and rawAssets data ---- (1ms)
3-27-2023 16:36:08-debug: run build task Organize assets groups，generate packedAssets and rawAssets data success in 1 ms √14%
3-27-2023 16:36:08-debug: Generate md5AssetsMap from suffixMap to settings start14%
3-27-2023 16:36:08-debug: // ---- build task Generate md5AssetsMap from suffixMap to settings ----
3-27-2023 16:36:08-debug: Process: heapTotal 204.89MB heapUsed 193.35MB rss 516.21MB
3-27-2023 16:36:08-debug: options.md5Cache is false.
3-27-2023 16:36:08-debug: // ---- build task Generate md5AssetsMap from suffixMap to settings ---- (1ms)
3-27-2023 16:36:08-debug: run build task Generate md5AssetsMap from suffixMap to settings success in 1 ms √15%
3-27-2023 16:36:26-debug: refresh db internal success
3-27-2023 16:36:27-debug: asset-db:worker-effect-data-processing (1170ms)
3-27-2023 16:36:27-debug: refresh db assets success
3-27-2023 16:36:27-debug: asset-db:refresh-all-database (1575ms)
