3-28-2023 13:42:45-debug: asset-db:worker-init (1710ms)
3-28-2023 13:42:47-debug: Preimport db internal success
3-28-2023 13:42:47-debug: Preimport db assets success
3-28-2023 13:42:47-debug: asset-db:worker-effect-data-processing (182ms)
3-28-2023 13:42:54-debug: Set detail map pack:///resolution-detail-map.json: {}
3-28-2023 13:42:54-debug: Start up the 'internal' database...
3-28-2023 13:42:54-debug: asset-db:worker-init-script (2707ms)
3-28-2023 13:42:55-debug: Start up the 'assets' database...
3-28-2023 13:42:55-debug: Asset DB is ready!
3-28-2023 13:42:55-debug: init worker message success
3-28-2023 13:42:58-debug: programming:execute-script (1ms)
3-28-2023 13:42:58-debug: builder:worker-init (2643ms)
3-28-2023 13:43:03-debug: programming:execute-script (4ms)
3-28-2023 13:46:49-debug: refresh db internal success
3-28-2023 13:46:50-debug: asset-db:worker-effect-data-processing (838ms)
3-28-2023 13:46:50-debug: refresh db assets success
3-28-2023 13:46:50-debug: asset-db:refresh-all-database (2568ms)
3-28-2023 13:47:10-debug: refresh db internal success
3-28-2023 13:47:11-debug: asset-db:worker-effect-data-processing (203ms)
3-28-2023 13:47:11-debug: refresh db assets success
3-28-2023 13:47:11-debug: asset-db:refresh-all-database (283ms)
3-28-2023 13:54:55-debug: refresh db internal success
3-28-2023 13:54:56-debug: start refresh asset from D:\gameCocos\SudokuMain2\assets\Scene\MainGame.scene...
3-28-2023 13:54:56-debug: %cImport%c: D:\gameCocos\SudokuMain2\assets\Scene\MainGame.scenebackground: #aaff85; color: #000;color: #000;
3-28-2023 13:54:56-debug: refresh asset D:\gameCocos\SudokuMain2\assets\Scene\MainGame.scene success
3-28-2023 13:54:56-debug: start refresh asset from D:\gameCocos\SudokuMain2\assets\Scene\MainGame.scene...
3-28-2023 13:54:56-debug: %cImport%c: D:\gameCocos\SudokuMain2\assets\Scene\MainGame.scenebackground: #aaff85; color: #000;color: #000;
3-28-2023 13:54:56-debug: refresh asset D:\gameCocos\SudokuMain2\assets\Scene\MainGame.scene success
3-28-2023 13:54:56-debug: asset-db:worker-effect-data-processing (934ms)
3-28-2023 13:54:56-debug: %cImport%c: D:\gameCocos\SudokuMain2\assets\Script\GameController.tsbackground: #aaff85; color: #000;color: #000;
3-28-2023 13:54:56-debug: refresh db assets success
3-28-2023 13:54:56-debug: asset-db:refresh-all-database (1125ms)
3-28-2023 13:54:58-debug: programming:execute-script (8ms)
3-28-2023 13:55:01-debug: Query all assets info in project
3-28-2023 13:55:01-debug:   Number of all scenes: 1
3-28-2023 13:55:01-debug:   Number of all scripts: 2
3-28-2023 13:55:01-debug: init custom config: keepNodeUuid: false, useCache: true
3-28-2023 13:55:01-debug:   Number of other assets: 316
3-28-2023 13:55:01-debug: Process: heapTotal 224.30MB heapUsed 193.40MB rss 511.32MB
3-28-2023 13:55:01-debug: // ---- build task Query asset bundle ----
3-28-2023 13:55:01-debug: Query asset bundle start0%
3-28-2023 13:55:01-debug: // ---- build task Query asset bundle ---- (7ms)
3-28-2023 13:55:01-debug: Query and organize assets start3%
3-28-2023 13:55:01-debug: run build task Query asset bundle success in 7 ms √3%
3-28-2023 13:55:01-debug: Process: heapTotal 224.30MB heapUsed 188.06MB rss 512.83MB
3-28-2023 13:55:01-debug: // ---- build task Query and organize assets ----
3-28-2023 13:55:01-debug: Query preload assets from cc.config.json: 60f7195c-ec2a-45eb-ba94-8955f60e81d0,1c02ae6f-4492-4915-b8f8-7492a3b1e4cd,810e96e4-e456-4468-9b59-f4e8f39732c0,efe8e2a3-eace-427b-b4f1-cb8a937ec77d,e9aa9a3e-5b2b-4ac7-a2c7-073de2b2b24f,8bbdbcdd-5cd4-4100-b6d5-b7c9625b6107,50f4348b-c883-4e2f-8f11-ce233b859fa1,fda095cb-831d-4601-ad94-846013963de8,f92806d7-1768-443f-afe8-12bcde84d0f0,dd3a144d-ab7f-41f0-82b8-2e43a090d496,f0416e68-0200-4b77-a926-4f9d16e494da,ff9be190-20a4-4e48-b68c-76e3c7cff085,970b0598-bcb0-4714-91fb-2e81440dccd8,bcd64cc6-2dd9-43f6-abbe-66318d332032,d930590d-bb92-4cc8-8bd1-23cd027f9edf,a3cd009f-0ab0-420d-9278-b9fdab939bbc,9361fd90-ba52-4f84-aa93-6e878fd576ca,c27215d8-6835-4b68-bfbb-bdeac6100c04,b5d6115f-0370-4d7c-aad3-c194cc71cf98,871c3b6c-7379-419d-bda3-794b239ab90d
3-28-2023 13:55:01-debug: Number of scenes: 1
3-28-2023 13:55:01-debug: // ---- build task Query and organize assets ---- (9ms)
3-28-2023 13:55:01-debug: run build task Query and organize assets success in 9 ms √7%
3-28-2023 13:55:01-debug: Process: heapTotal 224.30MB heapUsed 189.53MB rss 512.89MB
3-28-2023 13:55:01-debug: sort script group...
3-28-2023 13:55:01-debug: // ---- build task Organize scripts ----
3-28-2023 13:55:01-debug: Organize scripts start7%
3-28-2023 13:55:01-debug: run build task Organize scripts success in 0 ms √10%
3-28-2023 13:55:01-debug: // ---- build task Init settings and config ----
3-28-2023 13:55:01-debug: Process: heapTotal 224.30MB heapUsed 189.56MB rss 512.89MB
3-28-2023 13:55:01-debug: Init settings and config start10%
3-28-2023 13:55:01-debug: // ---- build task Init settings and config ---- (1ms)
3-28-2023 13:55:01-debug: run build task Init settings and config success in 1 ms √11%
3-28-2023 13:55:01-debug: builder.tasks.settings.macro does not defined in i18n
3-28-2023 13:55:01-debug: builder.tasks.settings.macro start11%
3-28-2023 13:55:01-debug: // ---- build task builder.tasks.settings.macro ----
3-28-2023 13:55:01-debug: Process: heapTotal 224.30MB heapUsed 189.59MB rss 512.89MB
3-28-2023 13:55:01-debug: // ---- build task builder.tasks.settings.macro ---- (2ms)
3-28-2023 13:55:01-debug: Sort some build options to settings.json start11%
3-28-2023 13:55:01-debug: run build task builder.tasks.settings.macro success in 2 ms √11%
3-28-2023 13:55:01-debug: // ---- build task Sort some build options to settings.json ----
3-28-2023 13:55:01-debug: Process: heapTotal 224.30MB heapUsed 189.62MB rss 512.90MB
3-28-2023 13:55:01-debug: run build task Sort some build options to settings.json success in 319 ms √12%
3-28-2023 13:55:01-debug: // ---- build task custom joint texture layouts ----
3-28-2023 13:55:01-debug: // ---- build task Sort some build options to settings.json ---- (319ms)
3-28-2023 13:55:01-debug: custom joint texture layouts start12%
3-28-2023 13:55:01-debug: Process: heapTotal 224.30MB heapUsed 189.70MB rss 512.93MB
3-28-2023 13:55:01-debug: // ---- build task custom joint texture layouts ---- (2ms)
3-28-2023 13:55:01-debug: run build task custom joint texture layouts success in 2 ms √12%
3-28-2023 13:55:01-debug: Process: heapTotal 224.30MB heapUsed 189.72MB rss 512.94MB
3-28-2023 13:55:01-debug: // ---- build task custom joint physics ----
3-28-2023 13:55:01-debug: custom joint physics start12%
3-28-2023 13:55:01-debug: run build task custom joint physics success in 0 ms √13%
3-28-2023 13:55:01-debug: Fill script data to settings start13%
3-28-2023 13:55:01-debug: Process: heapTotal 224.30MB heapUsed 189.75MB rss 512.95MB
3-28-2023 13:55:01-debug: // ---- build task Fill script data to settings ----
3-28-2023 13:55:01-debug: // ---- build task Fill script data to settings ---- (1ms)
3-28-2023 13:55:01-debug: run build task Fill script data to settings success in 1 ms √13%
3-28-2023 13:55:01-debug: Fill scene data to settings start13%
3-28-2023 13:55:01-debug: Process: heapTotal 224.30MB heapUsed 189.77MB rss 512.95MB
3-28-2023 13:55:01-debug: // ---- build task Fill scene data to settings ----
3-28-2023 13:55:01-debug: // ---- build task Fill scene data to settings ---- (1ms)
3-28-2023 13:55:01-debug: Organize assets groups，generate packedAssets and rawAssets data start14%
3-28-2023 13:55:01-debug: run build task Fill scene data to settings success in 1 ms √14%
3-28-2023 13:55:01-debug: // ---- build task Organize assets groups，generate packedAssets and rawAssets data ----
3-28-2023 13:55:01-debug: Process: heapTotal 224.30MB heapUsed 189.80MB rss 512.96MB
3-28-2023 13:55:01-debug: // ---- build task Organize assets groups，generate packedAssets and rawAssets data ---- (1ms)
3-28-2023 13:55:01-debug: run build task Organize assets groups，generate packedAssets and rawAssets data success in 1 ms √14%
3-28-2023 13:55:01-debug: Generate md5AssetsMap from suffixMap to settings start14%
3-28-2023 13:55:01-debug: Process: heapTotal 224.30MB heapUsed 189.91MB rss 512.96MB
3-28-2023 13:55:01-debug: // ---- build task Generate md5AssetsMap from suffixMap to settings ----
3-28-2023 13:55:01-debug: options.md5Cache is false.
3-28-2023 13:55:01-debug: run build task Generate md5AssetsMap from suffixMap to settings success in 0 ms √15%
3-28-2023 13:55:07-debug: Query all assets info in project
3-28-2023 13:55:07-debug: init custom config: keepNodeUuid: false, useCache: true
3-28-2023 13:55:07-debug:   Number of all scenes: 1
3-28-2023 13:55:07-debug:   Number of all scripts: 2
3-28-2023 13:55:07-debug:   Number of other assets: 316
3-28-2023 13:55:07-debug: Process: heapTotal 224.30MB heapUsed 191.93MB rss 513.00MB
3-28-2023 13:55:07-debug: // ---- build task Query asset bundle ----
3-28-2023 13:55:07-debug: Query asset bundle start0%
3-28-2023 13:55:07-debug: // ---- build task Query asset bundle ---- (17ms)
3-28-2023 13:55:07-debug: run build task Query asset bundle success in 17 ms √3%
3-28-2023 13:55:07-debug: Query and organize assets start3%
3-28-2023 13:55:07-debug: // ---- build task Query and organize assets ----
3-28-2023 13:55:07-debug: Process: heapTotal 224.30MB heapUsed 193.50MB rss 513.25MB
3-28-2023 13:55:07-debug: Query preload assets from cc.config.json: 60f7195c-ec2a-45eb-ba94-8955f60e81d0,1c02ae6f-4492-4915-b8f8-7492a3b1e4cd,810e96e4-e456-4468-9b59-f4e8f39732c0,efe8e2a3-eace-427b-b4f1-cb8a937ec77d,e9aa9a3e-5b2b-4ac7-a2c7-073de2b2b24f,8bbdbcdd-5cd4-4100-b6d5-b7c9625b6107,50f4348b-c883-4e2f-8f11-ce233b859fa1,fda095cb-831d-4601-ad94-846013963de8,f92806d7-1768-443f-afe8-12bcde84d0f0,dd3a144d-ab7f-41f0-82b8-2e43a090d496,f0416e68-0200-4b77-a926-4f9d16e494da,ff9be190-20a4-4e48-b68c-76e3c7cff085,970b0598-bcb0-4714-91fb-2e81440dccd8,bcd64cc6-2dd9-43f6-abbe-66318d332032,d930590d-bb92-4cc8-8bd1-23cd027f9edf,a3cd009f-0ab0-420d-9278-b9fdab939bbc,9361fd90-ba52-4f84-aa93-6e878fd576ca,c27215d8-6835-4b68-bfbb-bdeac6100c04,b5d6115f-0370-4d7c-aad3-c194cc71cf98,871c3b6c-7379-419d-bda3-794b239ab90d
3-28-2023 13:55:07-debug: Number of scenes: 1
3-28-2023 13:55:07-debug: // ---- build task Query and organize assets ---- (17ms)
3-28-2023 13:55:07-debug: // ---- build task Organize scripts ----
3-28-2023 13:55:07-debug: Process: heapTotal 224.30MB heapUsed 188.13MB rss 513.14MB
3-28-2023 13:55:07-debug: sort script group...
3-28-2023 13:55:07-debug: run build task Query and organize assets success in 17 ms √7%
3-28-2023 13:55:07-debug: Organize scripts start7%
3-28-2023 13:55:07-debug: // ---- build task Organize scripts ---- (2ms)
3-28-2023 13:55:07-debug: run build task Organize scripts success in 2 ms √10%
3-28-2023 13:55:07-debug: Init settings and config start10%
3-28-2023 13:55:07-debug: Process: heapTotal 224.30MB heapUsed 188.17MB rss 513.14MB
3-28-2023 13:55:07-debug: // ---- build task Init settings and config ----
3-28-2023 13:55:07-debug: run build task Init settings and config success in 0 ms √11%
3-28-2023 13:55:07-debug: builder.tasks.settings.macro does not defined in i18n
3-28-2023 13:55:07-debug: builder.tasks.settings.macro start11%
3-28-2023 13:55:07-debug: // ---- build task builder.tasks.settings.macro ----
3-28-2023 13:55:07-debug: Process: heapTotal 224.30MB heapUsed 188.20MB rss 513.14MB
3-28-2023 13:55:07-debug: // ---- build task builder.tasks.settings.macro ---- (2ms)
3-28-2023 13:55:07-debug: run build task builder.tasks.settings.macro success in 2 ms √11%
3-28-2023 13:55:07-debug: Sort some build options to settings.json start11%
3-28-2023 13:55:07-debug: // ---- build task Sort some build options to settings.json ----
3-28-2023 13:55:07-debug: Process: heapTotal 224.30MB heapUsed 188.23MB rss 513.14MB
3-28-2023 13:55:07-debug: // ---- build task Sort some build options to settings.json ---- (64ms)
3-28-2023 13:55:07-debug: run build task Sort some build options to settings.json success in 64 ms √12%
3-28-2023 13:55:07-debug: custom joint texture layouts start12%
3-28-2023 13:55:07-debug: // ---- build task custom joint texture layouts ----
3-28-2023 13:55:07-debug: Process: heapTotal 224.30MB heapUsed 188.29MB rss 513.15MB
3-28-2023 13:55:07-debug: // ---- build task custom joint texture layouts ---- (16ms)
3-28-2023 13:55:07-debug: run build task custom joint texture layouts success in 16 ms √12%
3-28-2023 13:55:07-debug: custom joint physics start12%
3-28-2023 13:55:07-debug: // ---- build task custom joint physics ----
3-28-2023 13:55:07-debug: Process: heapTotal 224.30MB heapUsed 188.33MB rss 513.16MB
3-28-2023 13:55:07-debug: // ---- build task custom joint physics ---- (1ms)
3-28-2023 13:55:07-debug: run build task custom joint physics success in 1 ms √13%
3-28-2023 13:55:07-debug: Fill script data to settings start13%
3-28-2023 13:55:07-debug: // ---- build task Fill script data to settings ----
3-28-2023 13:55:07-debug: Process: heapTotal 224.30MB heapUsed 188.35MB rss 513.16MB
3-28-2023 13:55:07-debug: // ---- build task Fill script data to settings ---- (1ms)
3-28-2023 13:55:07-debug: run build task Fill script data to settings success in 1 ms √13%
3-28-2023 13:55:07-debug: Fill scene data to settings start13%
3-28-2023 13:55:07-debug: // ---- build task Fill scene data to settings ----
3-28-2023 13:55:07-debug: Process: heapTotal 224.30MB heapUsed 188.38MB rss 513.16MB
3-28-2023 13:55:07-debug: // ---- build task Fill scene data to settings ---- (1ms)
3-28-2023 13:55:07-debug: Organize assets groups，generate packedAssets and rawAssets data start14%
3-28-2023 13:55:07-debug: run build task Fill scene data to settings success in 1 ms √14%
3-28-2023 13:55:07-debug: // ---- build task Organize assets groups，generate packedAssets and rawAssets data ----
3-28-2023 13:55:07-debug: Process: heapTotal 224.30MB heapUsed 188.41MB rss 513.18MB
3-28-2023 13:55:07-debug: // ---- build task Organize assets groups，generate packedAssets and rawAssets data ---- (2ms)
3-28-2023 13:55:07-debug: run build task Organize assets groups，generate packedAssets and rawAssets data success in 2 ms √14%
3-28-2023 13:55:07-debug: Generate md5AssetsMap from suffixMap to settings start14%
3-28-2023 13:55:07-debug: // ---- build task Generate md5AssetsMap from suffixMap to settings ----
3-28-2023 13:55:07-debug: Process: heapTotal 224.30MB heapUsed 188.51MB rss 513.19MB
3-28-2023 13:55:07-debug: options.md5Cache is false.
3-28-2023 13:55:07-debug: // ---- build task Generate md5AssetsMap from suffixMap to settings ---- (1ms)
3-28-2023 13:55:07-debug: run build task Generate md5AssetsMap from suffixMap to settings success in 1 ms √15%
3-28-2023 13:55:07-debug: refresh db internal success
3-28-2023 13:55:08-debug: asset-db:worker-effect-data-processing (168ms)
3-28-2023 13:55:08-debug: refresh db assets success
3-28-2023 13:55:08-debug: asset-db:refresh-all-database (264ms)
