4-18-2023 15:04:01-debug: asset-db:worker-init (2725ms)
4-18-2023 15:04:02-debug: Preimport db internal success
4-18-2023 15:04:02-debug: Preimport db assets success
4-18-2023 15:04:03-debug: asset-db:worker-effect-data-processing (688ms)
4-18-2023 15:04:08-debug: Set detail map pack:///resolution-detail-map.json: {}
4-18-2023 15:04:08-debug: asset-db:worker-init-script (57ms)
4-18-2023 15:04:08-debug: Start up the 'internal' database...
4-18-2023 15:04:08-debug: start asset-db with asset: 409
4-18-2023 15:04:08-debug: Start up the 'assets' database...
4-18-2023 15:04:09-debug: start asset-db with asset: 23
4-18-2023 15:04:09-debug: asset-db:worker-startup-database[internal] (6684ms)
4-18-2023 15:04:09-debug: Asset DB is ready!
4-18-2023 15:04:09-debug: asset-db:worker-startup-database[assets] (6660ms)
4-18-2023 15:04:09-debug: init worker message success
4-18-2023 15:04:11-debug: builder:worker-init (2648ms)
4-18-2023 15:04:14-debug: programming:execute-script (5ms)
4-18-2023 15:05:11-debug: refresh db internal success
4-18-2023 15:05:12-debug: asset-db:worker-effect-data-processing (737ms)
4-18-2023 15:05:12-debug: refresh db assets success
4-18-2023 15:05:12-debug: asset-db:refresh-all-database (841ms)
4-18-2023 15:05:47-debug: refresh db internal success
4-18-2023 15:05:47-debug: asset-db:worker-effect-data-processing (285ms)
4-18-2023 15:05:47-debug: refresh db assets success
4-18-2023 15:05:47-debug: asset-db:refresh-all-database (368ms)
4-18-2023 15:11:30-debug: refresh db internal success
4-18-2023 15:11:31-debug: asset-db:worker-effect-data-processing (616ms)
4-18-2023 15:11:31-debug: refresh db assets success
4-18-2023 15:11:31-debug: asset-db:refresh-all-database (697ms)
4-18-2023 15:11:38-debug: Query all assets info in project
4-18-2023 15:11:38-debug: BuildAssetLibrary query-assets with assets 466
4-18-2023 15:11:38-debug: init custom config: keepNodeUuid: false, useCache: true
4-18-2023 15:11:38-debug:   Number of all scenes: 1
4-18-2023 15:11:38-debug:   Number of all scripts: 3
4-18-2023 15:11:38-debug:   Number of other assets: 323
4-18-2023 15:11:38-debug: Query asset bundle start0%
4-18-2023 15:11:38-debug: // ---- build task Query asset bundle ----
4-18-2023 15:11:38-debug: Process: heapTotal 224.79MB heapUsed 204.15MB rss 538.86MB
4-18-2023 15:11:38-debug: // ---- build task Query asset bundle ---- (39ms)
4-18-2023 15:11:38-debug: run build task Query asset bundle success in 39 ms √3%
4-18-2023 15:11:38-debug: Query and organize assets start3%
4-18-2023 15:11:38-debug: // ---- build task Query and organize assets ----
4-18-2023 15:11:38-debug: Process: heapTotal 224.79MB heapUsed 204.30MB rss 541.50MB
4-18-2023 15:11:38-debug: init bundle assets
4-18-2023 15:11:38-debug: Query preload assets from cc.config.json: 60f7195c-ec2a-45eb-ba94-8955f60e81d0,1c02ae6f-4492-4915-b8f8-7492a3b1e4cd,810e96e4-e456-4468-9b59-f4e8f39732c0,efe8e2a3-eace-427b-b4f1-cb8a937ec77d,e9aa9a3e-5b2b-4ac7-a2c7-073de2b2b24f,8bbdbcdd-5cd4-4100-b6d5-b7c9625b6107,50f4348b-c883-4e2f-8f11-ce233b859fa1,fda095cb-831d-4601-ad94-846013963de8,f92806d7-1768-443f-afe8-12bcde84d0f0,dd3a144d-ab7f-41f0-82b8-2e43a090d496,f0416e68-0200-4b77-a926-4f9d16e494da,ff9be190-20a4-4e48-b68c-76e3c7cff085,970b0598-bcb0-4714-91fb-2e81440dccd8,bcd64cc6-2dd9-43f6-abbe-66318d332032,d930590d-bb92-4cc8-8bd1-23cd027f9edf,a3cd009f-0ab0-420d-9278-b9fdab939bbc,9361fd90-ba52-4f84-aa93-6e878fd576ca,c27215d8-6835-4b68-bfbb-bdeac6100c04,b5d6115f-0370-4d7c-aad3-c194cc71cf98,871c3b6c-7379-419d-bda3-794b239ab90d
4-18-2023 15:11:38-debug: Number of scenes: 1
4-18-2023 15:11:38-debug: // ---- build task Query and organize assets ---- (13ms)
4-18-2023 15:11:38-debug: run build task Query and organize assets success in 13 ms √7%
4-18-2023 15:11:38-debug: Organize scripts start7%
4-18-2023 15:11:38-debug: // ---- build task Organize scripts ----
4-18-2023 15:11:38-debug: Process: heapTotal 224.79MB heapUsed 204.46MB rss 541.72MB
4-18-2023 15:11:38-debug: sort script group...
4-18-2023 15:11:38-debug: // ---- build task Organize scripts ---- (3ms)
4-18-2023 15:11:38-debug: run build task Organize scripts success in 3 ms √10%
4-18-2023 15:11:38-debug: Init settings and config start10%
4-18-2023 15:11:38-debug: // ---- build task Init settings and config ----
4-18-2023 15:11:38-debug: Process: heapTotal 224.79MB heapUsed 204.49MB rss 541.95MB
4-18-2023 15:11:38-debug: builder.tasks.settings.macro does not defined in i18n
4-18-2023 15:11:38-debug: run build task Init settings and config success in 2 ms √11%
4-18-2023 15:11:38-debug: // ---- build task builder.tasks.settings.macro ----
4-18-2023 15:11:38-debug: builder.tasks.settings.macro start11%
4-18-2023 15:11:38-debug: // ---- build task Init settings and config ---- (2ms)
4-18-2023 15:11:38-debug: Process: heapTotal 224.79MB heapUsed 204.53MB rss 542.17MB
4-18-2023 15:11:38-debug: // ---- build task builder.tasks.settings.macro ---- (5ms)
4-18-2023 15:11:38-debug: run build task builder.tasks.settings.macro success in 5 ms √11%
4-18-2023 15:11:38-debug: Sort some build options to settings.json start11%
4-18-2023 15:11:38-debug: // ---- build task Sort some build options to settings.json ----
4-18-2023 15:11:38-debug: Process: heapTotal 224.79MB heapUsed 204.56MB rss 542.29MB
4-18-2023 15:11:39-debug: // ---- build task Sort some build options to settings.json ---- (1312ms)
4-18-2023 15:11:39-debug: run build task Sort some build options to settings.json success in 1312 ms √12%
4-18-2023 15:11:39-debug: custom joint texture layouts start12%
4-18-2023 15:11:39-debug: // ---- build task custom joint texture layouts ----
4-18-2023 15:11:39-debug: Process: heapTotal 224.79MB heapUsed 204.83MB rss 539.62MB
4-18-2023 15:11:39-debug: // ---- build task custom joint texture layouts ---- (1ms)
4-18-2023 15:11:39-debug: run build task custom joint texture layouts success in 1 ms √12%
4-18-2023 15:11:39-debug: custom joint physics start12%
4-18-2023 15:11:39-debug: // ---- build task custom joint physics ----
4-18-2023 15:11:39-debug: Process: heapTotal 224.79MB heapUsed 204.86MB rss 539.48MB
4-18-2023 15:11:39-debug: // ---- build task custom joint physics ---- (1ms)
4-18-2023 15:11:39-debug: run build task custom joint physics success in 1 ms √13%
4-18-2023 15:11:39-debug: Fill script data to settings start13%
4-18-2023 15:11:39-debug: // ---- build task Fill script data to settings ----
4-18-2023 15:11:39-debug: Process: heapTotal 224.79MB heapUsed 204.89MB rss 539.38MB
4-18-2023 15:11:39-debug: run build task Fill script data to settings success in 0 ms √13%
4-18-2023 15:11:39-debug: Fill scene data to settings start13%
4-18-2023 15:11:39-debug: // ---- build task Fill scene data to settings ----
4-18-2023 15:11:39-debug: Process: heapTotal 224.79MB heapUsed 204.91MB rss 539.34MB
4-18-2023 15:11:39-debug: // ---- build task Fill scene data to settings ---- (1ms)
4-18-2023 15:11:39-debug: Organize assets groups，generate packedAssets and rawAssets data start14%
4-18-2023 15:11:39-debug: // ---- build task Organize assets groups，generate packedAssets and rawAssets data ----
4-18-2023 15:11:39-debug: Process: heapTotal 224.79MB heapUsed 204.94MB rss 539.37MB
4-18-2023 15:11:39-debug: run build task Fill scene data to settings success in 1 ms √14%
4-18-2023 15:11:39-debug: Generate md5AssetsMap from suffixMap to settings start14%
4-18-2023 15:11:39-debug: // ---- build task Organize assets groups，generate packedAssets and rawAssets data ---- (1ms)
4-18-2023 15:11:39-debug: run build task Organize assets groups，generate packedAssets and rawAssets data success in 1 ms √14%
4-18-2023 15:11:39-debug: options.md5Cache is false.
4-18-2023 15:11:39-debug: Process: heapTotal 224.79MB heapUsed 204.98MB rss 539.41MB
4-18-2023 15:11:39-debug: // ---- build task Generate md5AssetsMap from suffixMap to settings ----
4-18-2023 15:11:39-debug: // ---- build task Generate md5AssetsMap from suffixMap to settings ---- (1ms)
4-18-2023 15:11:39-debug: run build task Generate md5AssetsMap from suffixMap to settings success in 1 ms √15%
4-18-2023 15:12:27-debug: refresh db internal success
4-18-2023 15:12:27-debug: asset-db:worker-effect-data-processing (258ms)
4-18-2023 15:12:27-debug: refresh db assets success
4-18-2023 15:12:27-debug: asset-db:refresh-all-database (361ms)
4-18-2023 15:18:42-debug: refresh db internal success
4-18-2023 15:18:42-debug: asset-db:worker-effect-data-processing (254ms)
4-18-2023 15:18:42-debug: refresh db assets success
4-18-2023 15:18:42-debug: asset-db:refresh-all-database (332ms)
