4-25-2023 10:45:22-debug: asset-db:worker-init (2518ms)
4-25-2023 10:45:22-debug: Preimport db internal success
4-25-2023 10:45:22-debug: Preimport db assets success
4-25-2023 10:45:22-debug: asset-db:worker-effect-data-processing (149ms)
4-25-2023 10:45:27-debug: Set detail map pack:///resolution-detail-map.json: {}
4-25-2023 10:45:27-debug: Start up the 'internal' database...
4-25-2023 10:45:27-debug: asset-db:worker-init-script (37ms)
4-25-2023 10:45:27-debug: start asset-db with asset: 409
4-25-2023 10:45:27-debug: Start up the 'assets' database...
4-25-2023 10:45:27-debug: asset-db:worker-startup-database[internal] (6904ms)
4-25-2023 10:45:27-debug: start asset-db with asset: 31
4-25-2023 10:45:27-debug: Asset DB is ready!
4-25-2023 10:45:27-debug: asset-db:worker-startup-database[assets] (5667ms)
4-25-2023 10:45:27-debug: init worker message success
4-25-2023 10:45:29-debug: builder:worker-init (1970ms)
4-25-2023 10:45:31-debug: refresh db internal success
4-25-2023 10:45:32-debug: asset-db:worker-effect-data-processing (276ms)
4-25-2023 10:45:32-debug: refresh db assets success
4-25-2023 10:45:32-debug: asset-db:refresh-all-database (354ms)
4-25-2023 10:45:32-debug: programming:execute-script (4ms)
4-25-2023 10:45:54-debug: refresh db internal success
4-25-2023 10:45:54-debug: asset-db:worker-effect-data-processing (123ms)
4-25-2023 10:45:54-debug: refresh db assets success
4-25-2023 10:45:54-debug: asset-db:refresh-all-database (178ms)
4-25-2023 10:45:55-debug: refresh db internal success
4-25-2023 10:45:55-debug: asset-db:worker-effect-data-processing (167ms)
4-25-2023 10:45:55-debug: refresh db assets success
4-25-2023 10:45:55-debug: asset-db:refresh-all-database (221ms)
4-25-2023 10:45:57-debug: refresh db internal success
4-25-2023 10:45:57-debug: asset-db:worker-effect-data-processing (234ms)
4-25-2023 10:45:57-debug: refresh db assets success
4-25-2023 10:45:57-debug: asset-db:refresh-all-database (313ms)
4-25-2023 10:45:58-debug: refresh db internal success
4-25-2023 10:45:59-debug: asset-db:worker-effect-data-processing (283ms)
4-25-2023 10:45:59-debug: refresh db assets success
4-25-2023 10:45:59-debug: asset-db:refresh-all-database (425ms)
4-25-2023 10:45:59-debug: Start record console... {file(C:\Users\ADMIN\OneDrive\Máy tính\SudokuMain2\SudokuMain2\temp\builder\log\web-desktop4-25-2023 10-45.log)}
4-25-2023 10:45:59-debug: =================================== build Task (web-desktop-002) Start ================================
4-25-2023 10:45:59-debug: Start build task, options:{"name":"SudokuMain2","platform":"web-desktop","buildPath":"C:\\Users\\ADMIN\\OneDrive\\Máy tính\\SudokuMain2","debug":false,"md5Cache":false,"skipCompressTexture":false,"sourceMaps":false,"polyfills":{"asyncFunctions":true},"experimentalEraseModules":false,"useBuiltinServer":false,"mainBundleIsRemote":false,"mainBundleCompressionType":"merge_dep","useSplashScreen":true,"packAutoAtlas":true,"startScene":"2abec6f2-b1a6-4369-8964-1a1f0fed7b9f","outputName":"web-desktop-002","scenes":[{"url":"db://assets/Scene/MainGame.scene","uuid":"9a5bce71-9ae1-4c17-8bed-eb896cfc849c","inBundle":false},{"url":"db://assets/Scene/Menu.scene","uuid":"2abec6f2-b1a6-4369-8964-1a1f0fed7b9f","inBundle":false}],"web-desktop":[],"packages":{"web-desktop":{"useWebGPU":false,"resolution":{"designWidth":960,"designHeight":600},"__version__":"1.0.1"},"cocos-service":{"configID":"862e32","services":[{"service_id":"235","service_component_name":"service-analytics","builder":"C:\\Users\\ADMIN\\.CocosCreator\\.service\\analytics\\builder\\builder.js","enable":true,"params":{"app_id":"623224426","store_id":"H5"}}],"__version__":"3.0.6"}},"__version__":"1.3.4"}
4-25-2023 10:45:59-debug: Build with Cocos Creator 3.7.2
4-25-2023 10:46:00-debug: cocos-service:(onBeforeBuild) start...0%
4-25-2023 10:46:00-debug: // ---- build task cocos-service：onBeforeBuild ----
4-25-2023 10:46:00-debug: Process: heapTotal 239.30MB heapUsed 218.24MB rss 557.42MB
4-25-2023 10:46:01-debug: // ---- build task cocos-service：onBeforeBuild ---- (734ms)
4-25-2023 10:46:01-debug: cocos-service:(onBeforeBuild) in 734 ms1%
4-25-2023 10:46:01-debug: scene:(onBeforeBuild) start...1%
4-25-2023 10:46:01-debug: // ---- build task scene：onBeforeBuild ----
4-25-2023 10:46:01-debug: Process: heapTotal 239.33MB heapUsed 213.69MB rss 555.50MB
4-25-2023 10:46:01-debug: // ---- build task scene：onBeforeBuild ---- (55ms)
4-25-2023 10:46:01-debug: scene:(onBeforeBuild) in 55 ms2%
4-25-2023 10:46:01-debug: Start lock asset db...2%
4-25-2023 10:46:01-log: Asset DB is paused with build!
4-25-2023 10:46:01-debug: Query all assets info in project
4-25-2023 10:46:01-debug: BuildAssetLibrary query-assets with assets 478
4-25-2023 10:46:01-debug: init custom config: keepNodeUuid: false, useCache: true
4-25-2023 10:46:01-debug:   Number of all scenes: 2
4-25-2023 10:46:01-debug:   Number of all scripts: 8
4-25-2023 10:46:01-debug:   Number of other assets: 329
4-25-2023 10:46:01-debug: web-desktop:(onAfterInit) start...2%
4-25-2023 10:46:01-debug: // ---- build task web-desktop：onAfterInit ----
4-25-2023 10:46:01-debug: Process: heapTotal 239.33MB heapUsed 215.99MB rss 555.42MB
4-25-2023 10:46:01-debug: // ---- build task web-desktop：onAfterInit ---- (1ms)
4-25-2023 10:46:01-debug: web-desktop:(onAfterInit) in 1 ms3%
4-25-2023 10:46:01-debug: cocos-service:(onAfterInit) start...3%
4-25-2023 10:46:01-debug: // ---- build task cocos-service：onAfterInit ----
4-25-2023 10:46:01-debug: Process: heapTotal 239.33MB heapUsed 216.10MB rss 555.44MB
4-25-2023 10:46:01-debug: // ---- build task cocos-service：onAfterInit ---- (366ms)
4-25-2023 10:46:01-debug: cocos-service:(onAfterInit) in 366 ms4%
4-25-2023 10:46:01-debug: Reload project scripts start4%
4-25-2023 10:46:01-debug: // ---- build task Reload project scripts ----
4-25-2023 10:46:01-debug: Process: heapTotal 239.33MB heapUsed 216.35MB rss 555.56MB
4-25-2023 10:46:01-debug: reload all scripts.
4-25-2023 10:46:01-debug: Incremental keys: 
4-25-2023 10:46:01-debug: Set detail map pack:///resolution-detail-map.json: {}
4-25-2023 10:46:01-debug: C:\Users\ADMIN\OneDrive\Máy tính\SudokuMain2\SudokuMain2\temp\programming\packer-driver\targets\editor\chunks\ce\cee638a986ad8fae09398db255647defcaa6612a.js resolved to C:\Users\ADMIN\OneDrive\Máy tính\SudokuMain2\SudokuMain2\temp\programming\packer-driver\targets\editor\chunks\ce\cee638a986ad8fae09398db255647defcaa6612a.js is not in module cache!
4-25-2023 10:46:01-debug: [[Executor]] Module "cce:/internal/x/cc-fu/base" loaded.
4-25-2023 10:46:01-debug: [[Executor]] Module "cce:/internal/x/cc-fu/gfx-webgl" loaded.
4-25-2023 10:46:01-debug: [[Executor]] Module "cce:/internal/x/cc-fu/gfx-webgl2" loaded.
4-25-2023 10:46:01-debug: [[Executor]] Module "cce:/internal/x/cc-fu/gfx-empty" loaded.
4-25-2023 10:46:01-debug: [[Executor]] Module "cce:/internal/x/cc-fu/3d" loaded.
4-25-2023 10:46:01-debug: [[Executor]] Module "cce:/internal/x/cc-fu/animation" loaded.
4-25-2023 10:46:01-debug: [[Executor]] Module "cce:/internal/x/cc-fu/skeletal-animation" loaded.
4-25-2023 10:46:01-debug: [[Executor]] Module "cce:/internal/x/cc-fu/sorting" loaded.
4-25-2023 10:46:01-debug: [[Executor]] Module "cce:/internal/x/cc-fu/2d" loaded.
4-25-2023 10:46:01-debug: [[Executor]] Module "cce:/internal/x/cc-fu/particle" loaded.
4-25-2023 10:46:01-debug: [[Executor]] Module "cce:/internal/x/cc-fu/ui" loaded.
4-25-2023 10:46:01-debug: [[Executor]] Module "cce:/internal/x/cc-fu/particle-2d" loaded.
4-25-2023 10:46:01-debug: [[Executor]] Module "cce:/internal/x/cc-fu/physics-2d-framework" loaded.
4-25-2023 10:46:01-debug: [[Executor]] Module "cce:/internal/x/cc-fu/physics-framework" loaded.
4-25-2023 10:46:01-debug: [[Executor]] Module "cce:/internal/x/cc-fu/intersection-2d" loaded.
4-25-2023 10:46:01-debug: [[Executor]] Module "cce:/internal/x/cc-fu/primitive" loaded.
4-25-2023 10:46:01-debug: [[Executor]] Module "cce:/internal/x/cc-fu/profiler" loaded.
4-25-2023 10:46:01-debug: [[Executor]] Module "cce:/internal/x/cc-fu/geometry-renderer" loaded.
4-25-2023 10:46:01-debug: [[Executor]] Module "cce:/internal/x/cc-fu/audio" loaded.
4-25-2023 10:46:01-debug: [[Executor]] Module "cce:/internal/x/cc-fu/xr" loaded.
4-25-2023 10:46:01-debug: [[Executor]] Module "cce:/internal/x/cc-fu/video" loaded.
4-25-2023 10:46:01-debug: [[Executor]] Module "cce:/internal/x/cc-fu/terrain" loaded.
4-25-2023 10:46:01-debug: [[Executor]] Module "cce:/internal/x/cc-fu/light-probe" loaded.
4-25-2023 10:46:01-debug: [[Executor]] Module "cce:/internal/x/cc-fu/webview" loaded.
4-25-2023 10:46:01-debug: [[Executor]] Module "cce:/internal/x/cc-fu/tween" loaded.
4-25-2023 10:46:01-debug: [[Executor]] Module "cce:/internal/x/cc-fu/tiled-map" loaded.
4-25-2023 10:46:01-debug: [[Executor]] Module "cce:/internal/x/cc-fu/dragon-bones" loaded.
4-25-2023 10:46:01-debug: [[Executor]] Module "cce:/internal/x/cc-fu/spine" loaded.
4-25-2023 10:46:01-debug: [[Executor]] Module "cce:/internal/x/cc-fu/custom-pipeline" loaded.
4-25-2023 10:46:01-debug: [[Executor]] Module "cce:/internal/x/cc-fu/base" loaded.
4-25-2023 10:46:01-debug: [[Executor]] Module "cce:/internal/x/cc-fu/gfx-webgl" loaded.
4-25-2023 10:46:01-debug: [[Executor]] Module "cce:/internal/x/cc-fu/gfx-webgl2" loaded.
4-25-2023 10:46:01-debug: [[Executor]] Module "cce:/internal/x/cc-fu/3d" loaded.
4-25-2023 10:46:01-debug: [[Executor]] Module "cce:/internal/x/cc-fu/gfx-empty" loaded.
4-25-2023 10:46:01-debug: [[Executor]] Module "cce:/internal/x/cc-fu/animation" loaded.
4-25-2023 10:46:01-debug: [[Executor]] Module "cce:/internal/x/cc-fu/skeletal-animation" loaded.
4-25-2023 10:46:01-debug: [[Executor]] Module "cce:/internal/x/cc-fu/2d" loaded.
4-25-2023 10:46:01-debug: [[Executor]] Module "cce:/internal/x/cc-fu/sorting" loaded.
4-25-2023 10:46:01-debug: [[Executor]] Module "cce:/internal/x/cc-fu/particle" loaded.
4-25-2023 10:46:01-debug: [[Executor]] Module "cce:/internal/x/cc-fu/ui" loaded.
4-25-2023 10:46:01-debug: [[Executor]] Module "cce:/internal/x/cc-fu/physics-framework" loaded.
4-25-2023 10:46:01-debug: [[Executor]] Module "cce:/internal/x/cc-fu/particle-2d" loaded.
4-25-2023 10:46:01-debug: [[Executor]] Module "cce:/internal/x/cc-fu/physics-2d-framework" loaded.
4-25-2023 10:46:01-debug: [[Executor]] Module "cce:/internal/x/cc-fu/primitive" loaded.
4-25-2023 10:46:01-debug: [[Executor]] Module "cce:/internal/x/cc-fu/profiler" loaded.
4-25-2023 10:46:01-debug: [[Executor]] Module "cce:/internal/x/cc-fu/intersection-2d" loaded.
4-25-2023 10:46:01-debug: [[Executor]] Module "cce:/internal/x/cc-fu/geometry-renderer" loaded.
4-25-2023 10:46:01-debug: [[Executor]] Module "cce:/internal/x/cc-fu/audio" loaded.
4-25-2023 10:46:01-debug: [[Executor]] Module "cce:/internal/x/cc-fu/video" loaded.
4-25-2023 10:46:01-debug: [[Executor]] Module "cce:/internal/x/cc-fu/xr" loaded.
4-25-2023 10:46:01-debug: [[Executor]] Module "cce:/internal/x/cc-fu/light-probe" loaded.
4-25-2023 10:46:01-debug: [[Executor]] Module "cce:/internal/x/cc-fu/terrain" loaded.
4-25-2023 10:46:01-debug: [[Executor]] Module "cce:/internal/x/cc-fu/tween" loaded.
4-25-2023 10:46:01-debug: [[Executor]] Module "cce:/internal/x/cc-fu/webview" loaded.
4-25-2023 10:46:01-debug: [[Executor]] Module "cce:/internal/x/cc-fu/tiled-map" loaded.
4-25-2023 10:46:01-debug: [[Executor]] Module "cce:/internal/x/cc-fu/spine" loaded.
4-25-2023 10:46:01-debug: [[Executor]] Module "cce:/internal/x/cc-fu/dragon-bones" loaded.
4-25-2023 10:46:01-debug: [[Executor]] Module "pack:///chunks/ce/cee638a986ad8fae09398db255647defcaa6612a.js" loaded.
4-25-2023 10:46:01-debug: [[Executor]] Module "cce:/internal/x/cc-fu/custom-pipeline" loaded.
4-25-2023 10:46:01-debug: Invalidating 'pack:///chunks/ce/cee638a986ad8fae09398db255647defcaa6612a.js'
4-25-2023 10:46:01-debug: [[Executor]] Module "pack:///chunks/ce/cee638a986ad8fae09398db255647defcaa6612a.js" loaded.
4-25-2023 10:46:01-debug: C:\Users\ADMIN\OneDrive\Máy tính\SudokuMain2\SudokuMain2\temp\programming\packer-driver\targets\editor\chunks\0a\0a9720cd6802460e9ee754bdc90c884642eb8e69.js resolved to C:\Users\ADMIN\OneDrive\Máy tính\SudokuMain2\SudokuMain2\temp\programming\packer-driver\targets\editor\chunks\0a\0a9720cd6802460e9ee754bdc90c884642eb8e69.js is not in module cache!
4-25-2023 10:46:01-debug: [[Executor]] Module "pack:///chunks/0a/0a9720cd6802460e9ee754bdc90c884642eb8e69.js" loaded.
4-25-2023 10:46:01-debug: C:\Users\ADMIN\OneDrive\Máy tính\SudokuMain2\SudokuMain2\temp\programming\packer-driver\targets\editor\chunks\ce\cefe22d8b25680a2bc4b5b1af21d70d430b39051.js resolved to C:\Users\ADMIN\OneDrive\Máy tính\SudokuMain2\SudokuMain2\temp\programming\packer-driver\targets\editor\chunks\ce\cefe22d8b25680a2bc4b5b1af21d70d430b39051.js is not in module cache!
4-25-2023 10:46:01-debug: [[Executor]] Register DebugViewRuntimeControl
4-25-2023 10:46:01-debug: [[Executor]] Module "pack:///chunks/ce/cefe22d8b25680a2bc4b5b1af21d70d430b39051.js" loaded.
4-25-2023 10:46:01-debug: C:\Users\ADMIN\OneDrive\Máy tính\SudokuMain2\SudokuMain2\temp\programming\packer-driver\targets\editor\chunks\c3\c31b71311795c71d92584a308e58d414cc221003.js resolved to C:\Users\ADMIN\OneDrive\Máy tính\SudokuMain2\SudokuMain2\temp\programming\packer-driver\targets\editor\chunks\c3\c31b71311795c71d92584a308e58d414cc221003.js is not in module cache!
4-25-2023 10:46:01-debug: C:\Users\ADMIN\OneDrive\Máy tính\SudokuMain2\SudokuMain2\temp\programming\packer-driver\targets\editor\chunks\be\be027f973d8ff1c6fe3dcfebbc993118a793ec1b.js resolved to C:\Users\ADMIN\OneDrive\Máy tính\SudokuMain2\SudokuMain2\temp\programming\packer-driver\targets\editor\chunks\be\be027f973d8ff1c6fe3dcfebbc993118a793ec1b.js is not in module cache!
4-25-2023 10:46:01-debug: C:\Users\ADMIN\OneDrive\Máy tính\SudokuMain2\SudokuMain2\temp\programming\packer-driver\targets\editor\chunks\c0\c04ea474584bfbe96be77d96e4b6916d840092d1.js resolved to C:\Users\ADMIN\OneDrive\Máy tính\SudokuMain2\SudokuMain2\temp\programming\packer-driver\targets\editor\chunks\c0\c04ea474584bfbe96be77d96e4b6916d840092d1.js is not in module cache!
4-25-2023 10:46:01-debug: C:\Users\ADMIN\OneDrive\Máy tính\SudokuMain2\SudokuMain2\temp\programming\packer-driver\targets\editor\chunks\74\74e71275f99c8a01314209283e8430ed34d1ccdf.js resolved to C:\Users\ADMIN\OneDrive\Máy tính\SudokuMain2\SudokuMain2\temp\programming\packer-driver\targets\editor\chunks\74\74e71275f99c8a01314209283e8430ed34d1ccdf.js is not in module cache!
4-25-2023 10:46:01-debug: C:\Users\ADMIN\OneDrive\Máy tính\SudokuMain2\SudokuMain2\temp\programming\packer-driver\targets\editor\chunks\02\022ab65d0146ab6cf65ec49025943e83c89adbe8.js resolved to C:\Users\ADMIN\OneDrive\Máy tính\SudokuMain2\SudokuMain2\temp\programming\packer-driver\targets\editor\chunks\02\022ab65d0146ab6cf65ec49025943e83c89adbe8.js is not in module cache!
4-25-2023 10:46:01-debug: C:\Users\ADMIN\OneDrive\Máy tính\SudokuMain2\SudokuMain2\temp\programming\packer-driver\targets\editor\chunks\b6\b6df4a5a1dcd19f1032e9e4c8c4506b54c467514.js resolved to C:\Users\ADMIN\OneDrive\Máy tính\SudokuMain2\SudokuMain2\temp\programming\packer-driver\targets\editor\chunks\b6\b6df4a5a1dcd19f1032e9e4c8c4506b54c467514.js is not in module cache!
4-25-2023 10:46:01-debug: C:\Users\ADMIN\OneDrive\Máy tính\SudokuMain2\SudokuMain2\temp\programming\packer-driver\targets\editor\chunks\dc\dc48944c885f78f6dc436d30c1b9cb65aeefa30a.js resolved to C:\Users\ADMIN\OneDrive\Máy tính\SudokuMain2\SudokuMain2\temp\programming\packer-driver\targets\editor\chunks\dc\dc48944c885f78f6dc436d30c1b9cb65aeefa30a.js is not in module cache!
4-25-2023 10:46:01-debug: C:\Users\ADMIN\OneDrive\Máy tính\SudokuMain2\SudokuMain2\temp\programming\packer-driver\targets\editor\chunks\4d\4d1da9bcd4c7cad02e0ed068454513dee0599e31.js resolved to C:\Users\ADMIN\OneDrive\Máy tính\SudokuMain2\SudokuMain2\temp\programming\packer-driver\targets\editor\chunks\4d\4d1da9bcd4c7cad02e0ed068454513dee0599e31.js is not in module cache!
4-25-2023 10:46:01-debug: C:\Users\ADMIN\OneDrive\Máy tính\SudokuMain2\SudokuMain2\temp\programming\packer-driver\targets\editor\chunks\e2\e22b6f02adf5d686a7ebd142d6b23614b189f373.js resolved to C:\Users\ADMIN\OneDrive\Máy tính\SudokuMain2\SudokuMain2\temp\programming\packer-driver\targets\editor\chunks\e2\e22b6f02adf5d686a7ebd142d6b23614b189f373.js is not in module cache!
4-25-2023 10:46:01-debug: [[Executor]] Module "pack:///chunks/b6/b6df4a5a1dcd19f1032e9e4c8c4506b54c467514.js" loaded.
4-25-2023 10:46:01-debug: C:\Users\ADMIN\OneDrive\Máy tính\SudokuMain2\SudokuMain2\temp\programming\packer-driver\targets\editor\chunks\7e\7e04fd763f7c0946962819d069a8b133cdc87da2.js resolved to C:\Users\ADMIN\OneDrive\Máy tính\SudokuMain2\SudokuMain2\temp\programming\packer-driver\targets\editor\chunks\7e\7e04fd763f7c0946962819d069a8b133cdc87da2.js is not in module cache!
4-25-2023 10:46:01-debug: [[Executor]] Module "pack:///chunks/be/be027f973d8ff1c6fe3dcfebbc993118a793ec1b.js" loaded.
4-25-2023 10:46:01-debug: [[Executor]] Module "pack:///chunks/dc/dc48944c885f78f6dc436d30c1b9cb65aeefa30a.js" loaded.
4-25-2023 10:46:01-debug: [[Executor]] Register GameView
4-25-2023 10:46:01-debug: [[Executor]] Module "pack:///chunks/74/74e71275f99c8a01314209283e8430ed34d1ccdf.js" loaded.
4-25-2023 10:46:01-debug: [[Executor]] Module "pack:///chunks/c0/c04ea474584bfbe96be77d96e4b6916d840092d1.js" loaded.
4-25-2023 10:46:01-debug: [[Executor]] Module "pack:///chunks/e2/e22b6f02adf5d686a7ebd142d6b23614b189f373.js" loaded.
4-25-2023 10:46:01-debug: [[Executor]] Module "pack:///chunks/7e/7e04fd763f7c0946962819d069a8b133cdc87da2.js" loaded.
4-25-2023 10:46:01-debug: [[Executor]] Module "pack:///chunks/4d/4d1da9bcd4c7cad02e0ed068454513dee0599e31.js" loaded.
4-25-2023 10:46:01-debug: [[Executor]] Module "pack:///chunks/02/022ab65d0146ab6cf65ec49025943e83c89adbe8.js" loaded.
4-25-2023 10:46:01-debug: [[Executor]] Register StoredPersistNode
4-25-2023 10:46:01-debug: [[Executor]] Module "pack:///chunks/c3/c31b71311795c71d92584a308e58d414cc221003.js" loaded.
4-25-2023 10:46:01-debug: [[Executor]] Register GameController
4-25-2023 10:46:01-debug: C:\Users\ADMIN\OneDrive\Máy tính\SudokuMain2\SudokuMain2\temp\programming\packer-driver\targets\editor\chunks\91\91eeeae21a4b78118b5a0a14105e23d0775f3c9a.js resolved to C:\Users\ADMIN\OneDrive\Máy tính\SudokuMain2\SudokuMain2\temp\programming\packer-driver\targets\editor\chunks\91\91eeeae21a4b78118b5a0a14105e23d0775f3c9a.js is not in module cache!
4-25-2023 10:46:01-debug: [[Executor]] Register GameModel
4-25-2023 10:46:01-debug: [[Executor]] Module "pack:///chunks/91/91eeeae21a4b78118b5a0a14105e23d0775f3c9a.js" loaded.
4-25-2023 10:46:01-debug: C:\Users\ADMIN\OneDrive\Máy tính\SudokuMain2\SudokuMain2\temp\programming\packer-driver\targets\editor\chunks\ab\abd48752cf1aa387cc1e4dfd8cc5908daa2c13a4.js resolved to C:\Users\ADMIN\OneDrive\Máy tính\SudokuMain2\SudokuMain2\temp\programming\packer-driver\targets\editor\chunks\ab\abd48752cf1aa387cc1e4dfd8cc5908daa2c13a4.js is not in module cache!
4-25-2023 10:46:01-debug: C:\Users\ADMIN\OneDrive\Máy tính\SudokuMain2\SudokuMain2\temp\programming\packer-driver\targets\editor\chunks\6f\6fbf49b0d69b35f0d1a17b1fdd6c78db0ffd64c9.js resolved to C:\Users\ADMIN\OneDrive\Máy tính\SudokuMain2\SudokuMain2\temp\programming\packer-driver\targets\editor\chunks\6f\6fbf49b0d69b35f0d1a17b1fdd6c78db0ffd64c9.js is not in module cache!
4-25-2023 10:46:01-debug: C:\Users\ADMIN\OneDrive\Máy tính\SudokuMain2\SudokuMain2\temp\programming\packer-driver\targets\editor\chunks\cb\cb259c2fffe3b2e3337e84324c06205bf5f21e97.js resolved to C:\Users\ADMIN\OneDrive\Máy tính\SudokuMain2\SudokuMain2\temp\programming\packer-driver\targets\editor\chunks\cb\cb259c2fffe3b2e3337e84324c06205bf5f21e97.js is not in module cache!
4-25-2023 10:46:01-debug: [[Executor]] Register MenuModel
4-25-2023 10:46:01-debug: [[Executor]] Module "pack:///chunks/cb/cb259c2fffe3b2e3337e84324c06205bf5f21e97.js" loaded.
4-25-2023 10:46:01-debug: [[Executor]] Register MenuView
4-25-2023 10:46:01-debug: [[Executor]] Module "pack:///chunks/6f/6fbf49b0d69b35f0d1a17b1fdd6c78db0ffd64c9.js" loaded.
4-25-2023 10:46:01-debug: [[Executor]] Register MenuController
4-25-2023 10:46:01-debug: [[Executor]] Module "pack:///chunks/ab/abd48752cf1aa387cc1e4dfd8cc5908daa2c13a4.js" loaded.
4-25-2023 10:46:01-debug: [[Executor]] Module "pack:///chunks/0a/0a9720cd6802460e9ee754bdc90c884642eb8e69.js" loaded.
4-25-2023 10:46:01-debug: // ---- build task Reload project scripts ---- (128ms)
4-25-2023 10:46:01-debug: run build task Reload project scripts success in 128 ms √6%
4-25-2023 10:46:01-debug: Query asset bundle start6%
4-25-2023 10:46:01-debug: Process: heapTotal 241.23MB heapUsed 215.75MB rss 558.18MB
4-25-2023 10:46:01-debug: // ---- build task Query asset bundle ----
4-25-2023 10:46:01-debug: // ---- build task Query asset bundle ---- (47ms)
4-25-2023 10:46:01-debug: run build task Query asset bundle success in 47 ms √7%
4-25-2023 10:46:01-debug: Query and organize assets start7%
4-25-2023 10:46:01-debug: // ---- build task Query and organize assets ----
4-25-2023 10:46:01-debug: Process: heapTotal 241.23MB heapUsed 217.51MB rss 558.15MB
4-25-2023 10:46:01-debug: init bundle assets
4-25-2023 10:46:01-debug: Query preload assets from cc.config.json: 60f7195c-ec2a-45eb-ba94-8955f60e81d0,1c02ae6f-4492-4915-b8f8-7492a3b1e4cd,810e96e4-e456-4468-9b59-f4e8f39732c0,efe8e2a3-eace-427b-b4f1-cb8a937ec77d,e9aa9a3e-5b2b-4ac7-a2c7-073de2b2b24f,8bbdbcdd-5cd4-4100-b6d5-b7c9625b6107,50f4348b-c883-4e2f-8f11-ce233b859fa1,fda095cb-831d-4601-ad94-846013963de8,f92806d7-1768-443f-afe8-12bcde84d0f0,dd3a144d-ab7f-41f0-82b8-2e43a090d496,f0416e68-0200-4b77-a926-4f9d16e494da,ff9be190-20a4-4e48-b68c-76e3c7cff085,970b0598-bcb0-4714-91fb-2e81440dccd8,bcd64cc6-2dd9-43f6-abbe-66318d332032,d930590d-bb92-4cc8-8bd1-23cd027f9edf,a3cd009f-0ab0-420d-9278-b9fdab939bbc,9361fd90-ba52-4f84-aa93-6e878fd576ca,c27215d8-6835-4b68-bfbb-bdeac6100c04,b5d6115f-0370-4d7c-aad3-c194cc71cf98,871c3b6c-7379-419d-bda3-794b239ab90d
4-25-2023 10:46:01-debug: Number of scenes: 2
4-25-2023 10:46:01-debug: Start sort share asset in bundle
4-25-2023 10:46:01-debug: Number of assets: 57
4-25-2023 10:46:01-debug: Number of asset bundle: 2
4-25-2023 10:46:01-debug: // ---- build task Query and organize assets ---- (68ms)
4-25-2023 10:46:01-debug: run build task Query and organize assets success in 68 ms √8%
4-25-2023 10:46:01-debug: // ---- build task Organize scripts ----
4-25-2023 10:46:01-debug: Organize scripts start8%
4-25-2023 10:46:01-debug: Process: heapTotal 241.23MB heapUsed 213.17MB rss 558.78MB
4-25-2023 10:46:01-debug: sort script group...
4-25-2023 10:46:02-debug: // ---- build task Organize scripts ---- (1ms)
4-25-2023 10:46:02-debug: run build task Organize scripts success in 1 ms √9%
4-25-2023 10:46:02-debug: Organize texture compression tasks start9%
4-25-2023 10:46:02-debug: // ---- build task Organize texture compression tasks ----
4-25-2023 10:46:02-debug: Process: heapTotal 241.23MB heapUsed 213.33MB rss 558.89MB
4-25-2023 10:46:02-debug: Number of image-compress task: 0
4-25-2023 10:46:02-debug: // ---- build task Organize texture compression tasks ---- (44ms)
4-25-2023 10:46:02-debug: run build task Organize texture compression tasks success in 44 ms √11%
4-25-2023 10:46:02-debug: Group json start11%
4-25-2023 10:46:02-debug: // ---- build task Group json ----
4-25-2023 10:46:02-debug: Process: heapTotal 241.23MB heapUsed 213.52MB rss 558.77MB
4-25-2023 10:46:02-debug: Number of json group with bundle(internal): 1
4-25-2023 10:46:02-debug: Start sort the json group of bundle(main)...
4-25-2023 10:46:02-debug: Number of json group with bundle(main) 3
4-25-2023 10:46:02-debug: Number of json group: 3
4-25-2023 10:46:02-debug: // ---- build task Group json ---- (1ms)
4-25-2023 10:46:02-debug: run build task Group json success in 1 ms √12%
4-25-2023 10:46:02-debug: Merging Texture2D json start12%
4-25-2023 10:46:02-debug: // ---- build task Merging Texture2D json ----
4-25-2023 10:46:02-debug: Process: heapTotal 241.23MB heapUsed 213.89MB rss 558.65MB
4-25-2023 10:46:02-debug: run build task Merging Texture2D json success in 1 ms √13%
4-25-2023 10:46:02-debug: // ---- build task Sort import-map.json ----
4-25-2023 10:46:02-debug: Process: heapTotal 241.23MB heapUsed 214.04MB rss 558.69MB
4-25-2023 10:46:02-debug: Sort import-map.json start13%
4-25-2023 10:46:02-debug: // ---- build task Merging Texture2D json ---- (1ms)
4-25-2023 10:46:02-debug: // ---- build task Sort import-map.json ---- (1ms)
4-25-2023 10:46:02-debug: run build task Sort import-map.json success in 1 ms √14%
4-25-2023 10:46:02-debug: // ---- build task web-desktop：onBeforeBuildAssets ----
4-25-2023 10:46:02-debug: web-desktop:(onBeforeBuildAssets) start...14%
4-25-2023 10:46:02-debug: Process: heapTotal 241.23MB heapUsed 214.20MB rss 558.68MB
4-25-2023 10:46:02-debug: // ---- build task web-desktop：onBeforeBuildAssets ---- (1ms)
4-25-2023 10:46:02-debug: web-desktop:(onBeforeBuildAssets) in 1 ms17%
4-25-2023 10:46:02-debug: Build auto-atlas start17%
4-25-2023 10:46:02-debug: // ---- build task Build auto-atlas ----
4-25-2023 10:46:02-debug: Process: heapTotal 241.23MB heapUsed 214.34MB rss 558.69MB
4-25-2023 10:46:02-debug: Start collect pack info from bundleds
4-25-2023 10:46:02-debug: // ---- build task Build auto-atlas ---- (1ms)
4-25-2023 10:46:02-debug: run build task Build auto-atlas success in 1 ms √23%
4-25-2023 10:46:02-debug: Compress Image start23%
4-25-2023 10:46:02-debug: // ---- build task Compress Image ----
4-25-2023 10:46:02-debug: Process: heapTotal 241.23MB heapUsed 214.50MB rss 558.70MB
4-25-2023 10:46:02-debug: run build task Compress Image success in 0 ms √30%
4-25-2023 10:46:02-debug: Copy the resource start30%
4-25-2023 10:46:02-debug: // ---- build task Copy the resource ----
4-25-2023 10:46:02-debug: Process: heapTotal 241.23MB heapUsed 214.63MB rss 558.70MB
4-25-2023 10:46:02-debug: Asset Bundle(internal) handle assets: 20
4-25-2023 10:46:02-debug: Asset Bundle(main) handle assets: 37
4-25-2023 10:46:02-debug: // ---- build task Copy the resource ---- (38ms)
4-25-2023 10:46:02-debug: run build task Copy the resource success in 38 ms √37%
4-25-2023 10:46:02-debug: // ---- build task Build the grouped json and scatter files to the specified location ----
4-25-2023 10:46:02-debug: Build the grouped json and scatter files to the specified location start37%
4-25-2023 10:46:02-debug: Process: heapTotal 241.46MB heapUsed 217.11MB rss 559.99MB
4-25-2023 10:46:02-debug: getSerializedJSON: Use cache serialized JSON of asset ({asset(db://internal/default_materials/ui-alpha-test-material.mtl)})
4-25-2023 10:46:02-debug: getSerializedJSON: Use cache serialized JSON of asset ({asset(db://internal/default_materials/default-clear-stencil.mtl)})
4-25-2023 10:46:02-debug: getSerializedJSON: Use cache serialized JSON of asset ({asset(db://internal/default_materials/default-spine-material.mtl)})
4-25-2023 10:46:02-debug: getSerializedJSON: Use cache serialized JSON of asset ({asset(db://internal/default_materials/missing-effect-material.mtl)})
4-25-2023 10:46:02-debug: getSerializedJSON: Use cache serialized JSON of asset ({asset(db://internal/default_materials/missing-material.mtl)})
4-25-2023 10:46:02-debug: getSerializedJSON: Use cache serialized JSON of asset ({asset(db://internal/default_materials/ui-sprite-gray-alpha-sep-material.mtl)})
4-25-2023 10:46:02-debug: getSerializedJSON: Use cache serialized JSON of asset ({asset(db://internal/default_materials/ui-base-material.mtl)})
4-25-2023 10:46:02-debug: getSerializedJSON: Use cache serialized JSON of asset ({asset(db://internal/default_materials/ui-sprite-gray-material.mtl)})
4-25-2023 10:46:02-debug: getSerializedJSON: Use cache serialized JSON of asset ({asset(db://internal/default_materials/ui-graphics-material.mtl)})
4-25-2023 10:46:02-debug: getSerializedJSON: Use cache serialized JSON of asset ({asset(db://internal/default_materials/ui-sprite-alpha-sep-material.mtl)})
4-25-2023 10:46:02-debug: getSerializedJSON: Use cache serialized JSON of asset ({asset(db://internal/default_materials/ui-sprite-material.mtl)})
4-25-2023 10:46:02-debug: Json group(0846c28f0) compile success，json number: 6
4-25-2023 10:46:02-debug: getSerializedJSON: Use cache serialized JSON of asset ({asset(db://assets/Image/mute.png)})
4-25-2023 10:46:02-debug: getSerializedJSON: Use cache serialized JSON of asset ({asset(db://assets/Image/BgWhite.png)})
4-25-2023 10:46:02-debug: getSerializedJSON: Use cache serialized JSON of asset ({asset(db://internal/default_ui/default_btn_pressed.png)})
4-25-2023 10:46:02-debug: getSerializedJSON: Use cache serialized JSON of asset ({asset(db://assets/Image/ValueBoard.png)})
4-25-2023 10:46:02-debug: getSerializedJSON: Use cache serialized JSON of asset ({asset(db://internal/default_ui/default_btn_normal.png)})
4-25-2023 10:46:02-debug: getSerializedJSON: Use cache serialized JSON of asset ({asset(db://internal/default_ui/default_btn_disabled.png)})
4-25-2023 10:46:02-debug: getSerializedJSON: Use cache serialized JSON of asset ({asset(db://assets/Image/backgroundSudoku.png)})
4-25-2023 10:46:02-debug: getSerializedJSON: Use cache serialized JSON of asset ({asset(db://assets/Image/BgStartGame.jpg)})
4-25-2023 10:46:02-debug: getSerializedJSON: Use cache serialized JSON of asset ({asset(db://assets/Image/audio-speaker-on.png)})
4-25-2023 10:46:02-debug: getSerializedJSON: Use cache serialized JSON of asset ({asset(db://internal/default_ui/default_btn_normal.png/spriteFrame)})
4-25-2023 10:46:02-debug: getSerializedJSON: Use cache serialized JSON of asset ({asset(db://assets/Scene/Menu.scene)})
4-25-2023 10:46:02-debug: getSerializedJSON: Use cache serialized JSON of asset ({asset(db://internal/default_ui/default_btn_pressed.png/spriteFrame)})
4-25-2023 10:46:02-debug: getSerializedJSON: Use cache serialized JSON of asset ({asset(db://assets/Music Game/SudoKuBackgroundMusic.mp3)})
4-25-2023 10:46:02-debug: getSerializedJSON: Use cache serialized JSON of asset ({asset(db://assets/Image/mute.png/spriteFrame)})
4-25-2023 10:46:02-debug: getSerializedJSON: Use cache serialized JSON of asset ({asset(db://internal/default_ui/default_btn_disabled.png/spriteFrame)})
4-25-2023 10:46:02-debug: getSerializedJSON: Use cache serialized JSON of asset ({asset(db://assets/Image/audio-speaker-on.png/spriteFrame)})
4-25-2023 10:46:02-debug: getSerializedJSON: Use cache serialized JSON of asset ({asset(db://assets/Image/BgStartGame.jpg/spriteFrame)})
4-25-2023 10:46:02-debug: Json group(051412cf5) compile success，json number: 6
4-25-2023 10:46:02-debug: getSerializedJSON: Use cache serialized JSON of asset ({asset(db://assets/Image/ValueBoard.png/spriteFrame)})
4-25-2023 10:46:02-debug: getSerializedJSON: Use cache serialized JSON of asset ({asset(db://assets/Image/BgWhite.png/spriteFrame)})
4-25-2023 10:46:02-debug: getSerializedJSON: Use cache serialized JSON of asset ({asset(db://assets/Prefab/frameNodeNum.prefab)})
4-25-2023 10:46:02-debug: getSerializedJSON: Use cache serialized JSON of asset ({asset(db://assets/Scene/MainGame.scene)})
4-25-2023 10:46:02-debug: getSerializedJSON: Use cache serialized JSON of asset ({asset(db://assets/Music Game/LoseSudoku.mp3)})
4-25-2023 10:46:02-debug: getSerializedJSON: Use cache serialized JSON of asset ({asset(db://assets/Prefab/frameNode.prefab)})
4-25-2023 10:46:02-debug: getSerializedJSON: Use cache serialized JSON of asset ({asset(db://assets/Music Game/Tada-sound.mp3)})
4-25-2023 10:46:02-debug: getSerializedJSON: Use cache serialized JSON of asset ({asset(db://assets/Music Game/selectNode.mp3)})
4-25-2023 10:46:02-debug: getSerializedJSON: Use cache serialized JSON of asset ({asset(db://assets/Image/backgroundSudoku.png/spriteFrame)})
4-25-2023 10:46:02-debug: Json group(0396597f3) compile success，json number: 6
4-25-2023 10:46:02-debug: getSerializedJSON: Use cache serialized JSON of asset ({asset(db://assets/Image/mute.png/texture)})
4-25-2023 10:46:02-debug: getSerializedJSON: Use cache serialized JSON of asset ({asset(db://assets/Image/BgWhite.png/texture)})
4-25-2023 10:46:02-debug: getSerializedJSON: Use cache serialized JSON of asset ({asset(db://internal/default_ui/default_btn_pressed.png/texture)})
4-25-2023 10:46:02-debug: getSerializedJSON: Use cache serialized JSON of asset ({asset(db://assets/Image/ValueBoard.png/texture)})
4-25-2023 10:46:02-debug: getSerializedJSON: Use cache serialized JSON of asset ({asset(db://internal/default_ui/default_btn_normal.png/texture)})
4-25-2023 10:46:02-debug: getSerializedJSON: Use cache serialized JSON of asset ({asset(db://internal/default_ui/default_btn_disabled.png/texture)})
4-25-2023 10:46:02-debug: getSerializedJSON: Use cache serialized JSON of asset ({asset(db://assets/Image/BgStartGame.jpg/texture)})
4-25-2023 10:46:02-debug: getSerializedJSON: Use cache serialized JSON of asset ({asset(db://assets/Image/backgroundSudoku.png/texture)})
4-25-2023 10:46:02-debug: getSerializedJSON: Use cache serialized JSON of asset ({asset(db://assets/Image/audio-speaker-on.png/texture)})
4-25-2023 10:46:02-debug: getSerializedJSON: Use cache serialized JSON of asset ({asset(db://internal/physics/default-physics-material.pmtl)})
4-25-2023 10:46:02-debug: getSerializedJSON: Use cache serialized JSON of asset ({asset(db://internal/default_renderpipeline/builtin-forward.rpp)})
4-25-2023 10:46:02-debug: // ---- build task Build the grouped json and scatter files to the specified location ---- (77ms)
4-25-2023 10:46:02-debug: run build task Build the grouped json and scatter files to the specified location success in 77 ms √43%
4-25-2023 10:46:02-debug: Build script start43%
4-25-2023 10:46:02-debug: // ---- build task Build script ----
4-25-2023 10:46:02-debug: Process: heapTotal 242.87MB heapUsed 216.78MB rss 560.91MB
4-25-2023 10:46:08-debug: Build project script start...43%
4-25-2023 10:46:08-debug: Process: heapTotal 283.53MB heapUsed 262.99MB rss 680.82MB
4-25-2023 10:46:08-log: Run build task(build-script) in child, see: chrome://inspect/#devices
4-25-2023 10:46:09-log: [build-script]enter sub process 18428, C:\ProgramData\cocos\editors\Creator\3.7.2\CocosCreator.exe,C:\ProgramData\cocos\editors\Creator\3.7.2\resources\app.asar\builtin\builder\static\sub-process-index
4-25-2023 10:46:12-log: [build-script]Create cjs interop url for 'file:///C:/Users/ADMIN/OneDrive/M%C3%A1y%20t%C3%ADnh/SudokuMain2/SudokuMain2/node_modules/@dattenlagiday/oc_gamecenter_sdk_pkg/index.js'
4-25-2023 10:46:15-debug: excute-script over with build-script 7457ms
4-25-2023 10:46:15-debug: Copy externalScripts success!
4-25-2023 10:46:15-debug: Build project script in (7502 ms) √43%
4-25-2023 10:46:15-debug: Process: heapTotal 224.93MB heapUsed 210.76MB rss 620.57MB
4-25-2023 10:46:15-debug: Build engine start...43%
4-25-2023 10:46:16-debug: Use cache engine: {link(C:\Users\ADMIN\AppData\Local\Temp\CocosCreator\3.7.2\builder\engine\bfd7aa8b4ff4ae6306e9c4e441bcb743)}
4-25-2023 10:46:16-debug: {"debug":false,"sourceMaps":false,"includeModules":["2d","animation","audio","base","dragon-bones","gfx-webgl","gfx-webgl2","intersection-2d","light-probe","particle-2d","physics-2d-box2d","profiler","spine","tiled-map","tween","ui","video","websocket","webview"],"engineVersion":"3.7.2","platform":"HTML5","md5Map":[],"engineName":"cocos-js","useCache":true,"ammoJsWasm":"fallback","assetURLFormat":"runtime-resolved","flags":{"DEBUG":false,"WEBGPU":false},"entry":"C:\\ProgramData\\cocos\\editors\\Creator\\3.7.2\\resources\\resources\\3d\\engine"}
4-25-2023 10:46:16-debug: Build engine in (154 ms) √43%
4-25-2023 10:46:16-debug: // ---- build task Build script ---- (13567ms)
4-25-2023 10:46:16-debug: run build task Build script success in 13567 ms √50%
4-25-2023 10:46:16-debug: Compress zip bundle start50%
4-25-2023 10:46:16-debug: // ---- build task Compress zip bundle ----
4-25-2023 10:46:16-debug: Process: heapTotal 225.93MB heapUsed 211.56MB rss 622.64MB
4-25-2023 10:46:16-debug: run build task Compress zip bundle success in 0 ms √57%
4-25-2023 10:46:16-debug: Process: heapTotal 225.93MB heapUsed 211.72MB rss 622.68MB
4-25-2023 10:46:16-debug: Add md5 suffix to assets start57%
4-25-2023 10:46:16-debug: // ---- build task Add md5 suffix to assets ----
4-25-2023 10:46:16-debug: run build task Add md5 suffix to assets success in 0 ms √67%
4-25-2023 10:46:16-debug: // ---- build task Init settings and config ----
4-25-2023 10:46:16-debug: Process: heapTotal 225.93MB heapUsed 211.85MB rss 622.70MB
4-25-2023 10:46:16-debug: Init settings and config start67%
4-25-2023 10:46:16-debug: // ---- build task Init settings and config ---- (1ms)
4-25-2023 10:46:16-debug: run build task Init settings and config success in 1 ms √67%
4-25-2023 10:46:16-debug: builder.tasks.settings.macro does not defined in i18n
4-25-2023 10:46:16-debug: builder.tasks.settings.macro start67%
4-25-2023 10:46:16-debug: // ---- build task builder.tasks.settings.macro ----
4-25-2023 10:46:16-debug: Process: heapTotal 225.93MB heapUsed 212.00MB rss 622.70MB
4-25-2023 10:46:16-debug: // ---- build task builder.tasks.settings.macro ---- (41ms)
4-25-2023 10:46:16-debug: run build task builder.tasks.settings.macro success in 41 ms √68%
4-25-2023 10:46:16-debug: Sort some build options to settings.json start68%
4-25-2023 10:46:16-debug: // ---- build task Sort some build options to settings.json ----
4-25-2023 10:46:16-debug: Process: heapTotal 225.93MB heapUsed 212.14MB rss 622.65MB
4-25-2023 10:46:16-debug: // ---- build task Sort some build options to settings.json ---- (424ms)
4-25-2023 10:46:16-debug: run build task Sort some build options to settings.json success in 424 ms √68%
4-25-2023 10:46:16-debug: custom joint texture layouts start68%
4-25-2023 10:46:16-debug: // ---- build task custom joint texture layouts ----
4-25-2023 10:46:16-debug: Process: heapTotal 225.93MB heapUsed 212.32MB rss 622.71MB
4-25-2023 10:46:16-debug: // ---- build task custom joint texture layouts ---- (47ms)
4-25-2023 10:46:16-debug: run build task custom joint texture layouts success in 47 ms √69%
4-25-2023 10:46:16-debug: custom joint physics start69%
4-25-2023 10:46:16-debug: // ---- build task custom joint physics ----
4-25-2023 10:46:16-debug: Process: heapTotal 225.93MB heapUsed 211.58MB rss 622.72MB
4-25-2023 10:46:16-debug: run build task custom joint physics success in 0 ms √69%
4-25-2023 10:46:16-debug: Fill script data to settings start69%
4-25-2023 10:46:16-debug: // ---- build task Fill script data to settings ----
4-25-2023 10:46:16-debug: Process: heapTotal 225.93MB heapUsed 211.71MB rss 622.72MB
4-25-2023 10:46:16-debug: run build task Fill script data to settings success in 0 ms √70%
4-25-2023 10:46:16-debug: Fill scene data to settings start70%
4-25-2023 10:46:16-debug: // ---- build task Fill scene data to settings ----
4-25-2023 10:46:16-debug: Process: heapTotal 225.93MB heapUsed 211.84MB rss 622.72MB
4-25-2023 10:46:16-debug: run build task Fill scene data to settings success in 0 ms √71%
4-25-2023 10:46:16-debug: Organize assets groups，generate packedAssets and rawAssets data start71%
4-25-2023 10:46:16-debug: // ---- build task Organize assets groups，generate packedAssets and rawAssets data ----
4-25-2023 10:46:16-debug: Process: heapTotal 225.93MB heapUsed 211.98MB rss 622.72MB
4-25-2023 10:46:16-debug: // ---- build task Organize assets groups，generate packedAssets and rawAssets data ---- (1ms)
4-25-2023 10:46:16-debug: run build task Organize assets groups，generate packedAssets and rawAssets data success in 1 ms √71%
4-25-2023 10:46:16-debug: Generate md5AssetsMap from suffixMap to settings start71%
4-25-2023 10:46:16-debug: // ---- build task Generate md5AssetsMap from suffixMap to settings ----
4-25-2023 10:46:16-debug: Process: heapTotal 225.93MB heapUsed 212.14MB rss 622.73MB
4-25-2023 10:46:16-debug: options.md5Cache is false.
4-25-2023 10:46:16-debug: run build task Generate md5AssetsMap from suffixMap to settings success in 0 ms √72%
4-25-2023 10:46:16-debug: web-desktop:(onBeforeCompressSettings) start...72%
4-25-2023 10:46:16-debug: // ---- build task web-desktop：onBeforeCompressSettings ----
4-25-2023 10:46:16-debug: Process: heapTotal 225.93MB heapUsed 212.30MB rss 622.74MB
4-25-2023 10:46:16-debug: web-desktop:(onBeforeCompressSettings) in 0 ms73%
4-25-2023 10:46:16-debug: cocos-service:(onBeforeCompressSettings) start...73%
4-25-2023 10:46:16-debug: // ---- build task cocos-service：onBeforeCompressSettings ----
4-25-2023 10:46:16-debug: Process: heapTotal 226.18MB heapUsed 211.58MB rss 622.80MB
4-25-2023 10:46:17-debug: // ---- build task cocos-service：onBeforeCompressSettings ---- (336ms)
4-25-2023 10:46:17-debug: cocos-service:(onBeforeCompressSettings) in 336 ms74%
4-25-2023 10:46:17-debug: Build import-map.json start74%
4-25-2023 10:46:17-debug: // ---- build task Build import-map.json ----
4-25-2023 10:46:17-debug: Process: heapTotal 226.18MB heapUsed 211.84MB rss 622.91MB
4-25-2023 10:46:17-debug: // ---- build task Build import-map.json ---- (2ms)
4-25-2023 10:46:17-debug: run build task Build import-map.json success in 2 ms √75%
4-25-2023 10:46:17-debug: Compress settings.json and config.json start75%
4-25-2023 10:46:17-debug: // ---- build task Compress settings.json and config.json ----
4-25-2023 10:46:17-debug: Process: heapTotal 226.18MB heapUsed 211.98MB rss 622.91MB
4-25-2023 10:46:17-debug: // ---- build task Compress settings.json and config.json ---- (1ms)
4-25-2023 10:46:17-debug: run build task Compress settings.json and config.json success in 1 ms √76%
4-25-2023 10:46:17-debug: Save config.json start76%
4-25-2023 10:46:17-debug: // ---- build task Save config.json ----
4-25-2023 10:46:17-debug: Process: heapTotal 226.18MB heapUsed 212.17MB rss 622.92MB
4-25-2023 10:46:17-debug: // ---- build task Save config.json ---- (1ms)
4-25-2023 10:46:17-debug: run build task Save config.json success in 1 ms √76%
4-25-2023 10:46:17-debug: Save Settings.json start76%
4-25-2023 10:46:17-debug: // ---- build task Save Settings.json ----
4-25-2023 10:46:17-debug: Process: heapTotal 226.18MB heapUsed 211.61MB rss 622.92MB
4-25-2023 10:46:17-debug: // ---- build task Save Settings.json ---- (1ms)
4-25-2023 10:46:17-debug: run build task Save Settings.json success in 1 ms √77%
4-25-2023 10:46:17-debug: Save Settings.json start77%
4-25-2023 10:46:17-debug: // ---- build task Save Settings.json ----
4-25-2023 10:46:17-debug: Process: heapTotal 226.18MB heapUsed 211.82MB rss 622.98MB
4-25-2023 10:46:17-debug: run build task Save Settings.json success in 0 ms √78%
4-25-2023 10:46:17-debug: Sort build template start78%
4-25-2023 10:46:17-debug: // ---- build task Sort build template ----
4-25-2023 10:46:17-debug: Process: heapTotal 226.18MB heapUsed 211.96MB rss 622.98MB
4-25-2023 10:46:17-debug: // ---- build task Sort build template ---- (87ms)
4-25-2023 10:46:17-debug: run build task Sort build template success in 87 ms √79%
4-25-2023 10:46:17-debug: // ---- build task cocos-service：onAfterCompressSettings ----
4-25-2023 10:46:17-debug: Process: heapTotal 228.18MB heapUsed 212.52MB rss 624.12MB
4-25-2023 10:46:17-debug: cocos-service:(onAfterCompressSettings) start...79%
4-25-2023 10:46:17-debug: // ---- build task cocos-service：onAfterCompressSettings ---- (331ms)
4-25-2023 10:46:17-debug: cocos-service:(onAfterCompressSettings) in 331 ms81%
4-25-2023 10:46:17-debug: web-desktop:(onAfterBuild) start...81%
4-25-2023 10:46:17-debug: // ---- build task web-desktop：onAfterBuild ----
4-25-2023 10:46:17-debug: Process: heapTotal 228.18MB heapUsed 213.38MB rss 624.34MB
4-25-2023 10:46:17-debug: Use build-template {link(C:\Users\ADMIN\OneDrive\Máy tính\SudokuMain2\SudokuMain2\build-templates\web-desktop)}.
4-25-2023 10:46:17-debug: // ---- build task web-desktop：onAfterBuild ---- (73ms)
4-25-2023 10:46:17-debug: web-desktop:(onAfterBuild) in 73 ms82%
4-25-2023 10:46:17-debug: cocos-service:(onAfterBuild) start...82%
4-25-2023 10:46:17-debug: // ---- build task cocos-service：onAfterBuild ----
4-25-2023 10:46:17-debug: Process: heapTotal 228.18MB heapUsed 213.61MB rss 625.32MB
4-25-2023 10:46:18-debug: // ---- build task cocos-service：onAfterBuild ---- (329ms)
4-25-2023 10:46:18-debug: cocos-service:(onAfterBuild) in 329 ms83%
4-25-2023 10:46:18-log: Asset DB is resume!
4-25-2023 10:46:18-debug: builder:build-project-total (18517ms)
4-25-2023 10:46:18-debug: build success in 18517 ms!
4-25-2023 10:46:18-debug: ================================ build Task (web-desktop-002) Finished in (18547)ms ================================
4-25-2023 10:46:18-debug: Stop record console. {file(C:\Users\ADMIN\OneDrive\Máy tính\SudokuMain2\SudokuMain2\temp\builder\log\web-desktop4-25-2023 10-45.log)}
4-25-2023 10:47:01-debug: Query all assets info in project
4-25-2023 10:47:01-debug: BuildAssetLibrary query-assets with assets 478
4-25-2023 10:47:01-debug: init custom config: keepNodeUuid: false, useCache: true
4-25-2023 10:47:01-debug:   Number of other assets: 329
4-25-2023 10:47:01-debug:   Number of all scripts: 8
4-25-2023 10:47:01-debug: Query asset bundle start0%
4-25-2023 10:47:01-debug: // ---- build task Query asset bundle ----
4-25-2023 10:47:01-debug: Process: heapTotal 228.18MB heapUsed 214.44MB rss 624.82MB
4-25-2023 10:47:01-debug:   Number of all scenes: 2
4-25-2023 10:47:01-debug: run build task Query asset bundle success in 10 ms √3%
4-25-2023 10:47:01-debug: // ---- build task Query asset bundle ---- (10ms)
4-25-2023 10:47:01-debug: Process: heapTotal 225.43MB heapUsed 213.76MB rss 621.89MB
4-25-2023 10:47:01-debug: // ---- build task Query and organize assets ----
4-25-2023 10:47:01-debug: Query and organize assets start3%
4-25-2023 10:47:01-debug: init bundle assets
4-25-2023 10:47:01-debug: Query preload assets from cc.config.json: 60f7195c-ec2a-45eb-ba94-8955f60e81d0,1c02ae6f-4492-4915-b8f8-7492a3b1e4cd,810e96e4-e456-4468-9b59-f4e8f39732c0,efe8e2a3-eace-427b-b4f1-cb8a937ec77d,e9aa9a3e-5b2b-4ac7-a2c7-073de2b2b24f,8bbdbcdd-5cd4-4100-b6d5-b7c9625b6107,50f4348b-c883-4e2f-8f11-ce233b859fa1,fda095cb-831d-4601-ad94-846013963de8,f92806d7-1768-443f-afe8-12bcde84d0f0,dd3a144d-ab7f-41f0-82b8-2e43a090d496,f0416e68-0200-4b77-a926-4f9d16e494da,ff9be190-20a4-4e48-b68c-76e3c7cff085,970b0598-bcb0-4714-91fb-2e81440dccd8,bcd64cc6-2dd9-43f6-abbe-66318d332032,d930590d-bb92-4cc8-8bd1-23cd027f9edf,a3cd009f-0ab0-420d-9278-b9fdab939bbc,9361fd90-ba52-4f84-aa93-6e878fd576ca,c27215d8-6835-4b68-bfbb-bdeac6100c04,b5d6115f-0370-4d7c-aad3-c194cc71cf98,871c3b6c-7379-419d-bda3-794b239ab90d
4-25-2023 10:47:01-debug: Number of scenes: 2
4-25-2023 10:47:01-debug: // ---- build task Query and organize assets ---- (5ms)
4-25-2023 10:47:01-debug: run build task Query and organize assets success in 5 ms √7%
4-25-2023 10:47:01-debug: Organize scripts start7%
4-25-2023 10:47:01-debug: Process: heapTotal 225.43MB heapUsed 213.15MB rss 621.26MB
4-25-2023 10:47:01-debug: // ---- build task Organize scripts ----
4-25-2023 10:47:01-debug: sort script group...
4-25-2023 10:47:01-debug: // ---- build task Organize scripts ---- (1ms)
4-25-2023 10:47:01-debug: run build task Organize scripts success in 1 ms √10%
4-25-2023 10:47:01-debug: // ---- build task Init settings and config ----
4-25-2023 10:47:01-debug: Process: heapTotal 225.43MB heapUsed 213.18MB rss 621.30MB
4-25-2023 10:47:01-debug: Init settings and config start10%
4-25-2023 10:47:01-debug: run build task Init settings and config success in 0 ms √11%
4-25-2023 10:47:01-debug: builder.tasks.settings.macro does not defined in i18n
4-25-2023 10:47:01-debug: // ---- build task builder.tasks.settings.macro ----
4-25-2023 10:47:01-debug: builder.tasks.settings.macro start11%
4-25-2023 10:47:01-debug: Process: heapTotal 225.43MB heapUsed 213.22MB rss 621.29MB
4-25-2023 10:47:01-debug: // ---- build task builder.tasks.settings.macro ---- (8ms)
4-25-2023 10:47:01-debug: run build task builder.tasks.settings.macro success in 8 ms √11%
4-25-2023 10:47:01-debug: // ---- build task Sort some build options to settings.json ----
4-25-2023 10:47:01-debug: Sort some build options to settings.json start11%
4-25-2023 10:47:01-debug: Process: heapTotal 225.43MB heapUsed 213.25MB rss 621.32MB
4-25-2023 10:47:01-debug: // ---- build task Sort some build options to settings.json ---- (4ms)
4-25-2023 10:47:01-debug: custom joint texture layouts start12%
4-25-2023 10:47:01-debug: // ---- build task custom joint texture layouts ----
4-25-2023 10:47:01-debug: run build task Sort some build options to settings.json success in 4 ms √12%
4-25-2023 10:47:01-debug: Process: heapTotal 225.43MB heapUsed 213.39MB rss 621.42MB
4-25-2023 10:47:01-debug: // ---- build task custom joint texture layouts ---- (2ms)
4-25-2023 10:47:01-debug: run build task custom joint texture layouts success in 2 ms √12%
4-25-2023 10:47:01-debug: // ---- build task custom joint physics ----
4-25-2023 10:47:01-debug: Process: heapTotal 225.43MB heapUsed 213.42MB rss 621.46MB
4-25-2023 10:47:01-debug: custom joint physics start12%
4-25-2023 10:47:01-debug: run build task custom joint physics success in 0 ms √13%
4-25-2023 10:47:01-debug: Fill script data to settings start13%
4-25-2023 10:47:01-debug: // ---- build task Fill script data to settings ----
4-25-2023 10:47:01-debug: Process: heapTotal 225.43MB heapUsed 213.44MB rss 621.48MB
4-25-2023 10:47:01-debug: // ---- build task Fill script data to settings ---- (1ms)
4-25-2023 10:47:01-debug: run build task Fill script data to settings success in 1 ms √13%
4-25-2023 10:47:01-debug: Fill scene data to settings start13%
4-25-2023 10:47:01-debug: Process: heapTotal 225.43MB heapUsed 213.47MB rss 621.52MB
4-25-2023 10:47:01-debug: // ---- build task Fill scene data to settings ----
4-25-2023 10:47:01-debug: // ---- build task Fill scene data to settings ---- (1ms)
4-25-2023 10:47:01-debug: run build task Fill scene data to settings success in 1 ms √14%
4-25-2023 10:47:01-debug: Process: heapTotal 225.43MB heapUsed 213.50MB rss 621.55MB
4-25-2023 10:47:01-debug: Organize assets groups，generate packedAssets and rawAssets data start14%
4-25-2023 10:47:01-debug: // ---- build task Organize assets groups，generate packedAssets and rawAssets data ----
4-25-2023 10:47:01-debug: // ---- build task Organize assets groups，generate packedAssets and rawAssets data ---- (1ms)
4-25-2023 10:47:01-debug: run build task Organize assets groups，generate packedAssets and rawAssets data success in 1 ms √14%
4-25-2023 10:47:01-debug: Generate md5AssetsMap from suffixMap to settings start14%
4-25-2023 10:47:01-debug: Process: heapTotal 225.43MB heapUsed 213.54MB rss 621.59MB
4-25-2023 10:47:01-debug: options.md5Cache is false.
4-25-2023 10:47:01-debug: // ---- build task Generate md5AssetsMap from suffixMap to settings ----
4-25-2023 10:47:01-debug: // ---- build task Generate md5AssetsMap from suffixMap to settings ---- (1ms)
4-25-2023 10:47:01-debug: run build task Generate md5AssetsMap from suffixMap to settings success in 1 ms √15%
4-25-2023 11:44:16-debug: Query all assets info in project
4-25-2023 11:44:16-debug: BuildAssetLibrary query-assets with assets 478
4-25-2023 11:44:16-debug: init custom config: keepNodeUuid: false, useCache: true
4-25-2023 11:44:16-debug:   Number of other assets: 329
4-25-2023 11:44:16-debug:   Number of all scripts: 8
4-25-2023 11:44:16-debug: // ---- build task Query asset bundle ----
4-25-2023 11:44:16-debug: Query asset bundle start0%
4-25-2023 11:44:16-debug: Process: heapTotal 225.43MB heapUsed 213.51MB rss 476.13MB
4-25-2023 11:44:16-debug:   Number of all scenes: 2
4-25-2023 11:44:16-debug: // ---- build task Query asset bundle ---- (9ms)
4-25-2023 11:44:16-debug: run build task Query asset bundle success in 9 ms √3%
4-25-2023 11:44:16-debug: Process: heapTotal 225.43MB heapUsed 213.47MB rss 475.98MB
4-25-2023 11:44:16-debug: // ---- build task Query and organize assets ----
4-25-2023 11:44:16-debug: Query and organize assets start3%
4-25-2023 11:44:16-debug: init bundle assets
4-25-2023 11:44:16-debug: Query preload assets from cc.config.json: 60f7195c-ec2a-45eb-ba94-8955f60e81d0,1c02ae6f-4492-4915-b8f8-7492a3b1e4cd,810e96e4-e456-4468-9b59-f4e8f39732c0,efe8e2a3-eace-427b-b4f1-cb8a937ec77d,e9aa9a3e-5b2b-4ac7-a2c7-073de2b2b24f,8bbdbcdd-5cd4-4100-b6d5-b7c9625b6107,50f4348b-c883-4e2f-8f11-ce233b859fa1,fda095cb-831d-4601-ad94-846013963de8,f92806d7-1768-443f-afe8-12bcde84d0f0,dd3a144d-ab7f-41f0-82b8-2e43a090d496,f0416e68-0200-4b77-a926-4f9d16e494da,ff9be190-20a4-4e48-b68c-76e3c7cff085,970b0598-bcb0-4714-91fb-2e81440dccd8,bcd64cc6-2dd9-43f6-abbe-66318d332032,d930590d-bb92-4cc8-8bd1-23cd027f9edf,a3cd009f-0ab0-420d-9278-b9fdab939bbc,9361fd90-ba52-4f84-aa93-6e878fd576ca,c27215d8-6835-4b68-bfbb-bdeac6100c04,b5d6115f-0370-4d7c-aad3-c194cc71cf98,871c3b6c-7379-419d-bda3-794b239ab90d
4-25-2023 11:44:16-debug: Number of scenes: 2
4-25-2023 11:44:16-debug: // ---- build task Query and organize assets ---- (4ms)
4-25-2023 11:44:16-debug: run build task Query and organize assets success in 4 ms √7%
4-25-2023 11:44:16-debug: Organize scripts start7%
4-25-2023 11:44:16-debug: // ---- build task Organize scripts ----
4-25-2023 11:44:16-debug: Process: heapTotal 225.43MB heapUsed 213.59MB rss 476.12MB
4-25-2023 11:44:16-debug: sort script group...
4-25-2023 11:44:16-debug: // ---- build task Organize scripts ---- (1ms)
4-25-2023 11:44:16-debug: run build task Organize scripts success in 1 ms √10%
4-25-2023 11:44:16-debug: Init settings and config start10%
4-25-2023 11:44:16-debug: // ---- build task Init settings and config ----
4-25-2023 11:44:16-debug: Process: heapTotal 225.43MB heapUsed 213.63MB rss 476.16MB
4-25-2023 11:44:16-debug: // ---- build task Init settings and config ---- (1ms)
4-25-2023 11:44:16-debug: run build task Init settings and config success in 1 ms √11%
4-25-2023 11:44:16-debug: builder.tasks.settings.macro does not defined in i18n
4-25-2023 11:44:16-debug: builder.tasks.settings.macro start11%
4-25-2023 11:44:16-debug: // ---- build task builder.tasks.settings.macro ----
4-25-2023 11:44:16-debug: Process: heapTotal 225.43MB heapUsed 213.67MB rss 476.19MB
4-25-2023 11:44:16-debug: // ---- build task builder.tasks.settings.macro ---- (3ms)
4-25-2023 11:44:16-debug: run build task builder.tasks.settings.macro success in 3 ms √11%
4-25-2023 11:44:16-debug: // ---- build task Sort some build options to settings.json ----
4-25-2023 11:44:16-debug: Process: heapTotal 225.43MB heapUsed 213.70MB rss 476.23MB
4-25-2023 11:44:16-debug: Sort some build options to settings.json start11%
4-25-2023 11:44:16-debug: // ---- build task Sort some build options to settings.json ---- (9ms)
4-25-2023 11:44:16-debug: run build task Sort some build options to settings.json success in 9 ms √12%
4-25-2023 11:44:16-debug: Process: heapTotal 225.43MB heapUsed 213.77MB rss 476.27MB
4-25-2023 11:44:16-debug: custom joint texture layouts start12%
4-25-2023 11:44:16-debug: // ---- build task custom joint texture layouts ----
4-25-2023 11:44:16-debug: // ---- build task custom joint texture layouts ---- (4ms)
4-25-2023 11:44:16-debug: run build task custom joint texture layouts success in 4 ms √12%
4-25-2023 11:44:16-debug: custom joint physics start12%
4-25-2023 11:44:16-debug: // ---- build task custom joint physics ----
4-25-2023 11:44:16-debug: Process: heapTotal 225.43MB heapUsed 213.80MB rss 476.31MB
4-25-2023 11:44:16-debug: // ---- build task custom joint physics ---- (1ms)
4-25-2023 11:44:16-debug: run build task custom joint physics success in 1 ms √13%
4-25-2023 11:44:16-debug: Fill script data to settings start13%
4-25-2023 11:44:16-debug: // ---- build task Fill script data to settings ----
4-25-2023 11:44:16-debug: Process: heapTotal 225.43MB heapUsed 213.83MB rss 476.34MB
4-25-2023 11:44:16-debug: run build task Fill script data to settings success in 0 ms √13%
4-25-2023 11:44:16-debug: // ---- build task Fill scene data to settings ----
4-25-2023 11:44:16-debug: Process: heapTotal 225.43MB heapUsed 213.86MB rss 476.37MB
4-25-2023 11:44:16-debug: Fill scene data to settings start13%
4-25-2023 11:44:16-debug: run build task Fill scene data to settings success in 1 ms √14%
4-25-2023 11:44:16-debug: Organize assets groups，generate packedAssets and rawAssets data start14%
4-25-2023 11:44:16-debug: // ---- build task Fill scene data to settings ---- (1ms)
4-25-2023 11:44:16-debug: // ---- build task Organize assets groups，generate packedAssets and rawAssets data ----
4-25-2023 11:44:16-debug: Process: heapTotal 225.43MB heapUsed 213.89MB rss 476.41MB
4-25-2023 11:44:16-debug: // ---- build task Organize assets groups，generate packedAssets and rawAssets data ---- (1ms)
4-25-2023 11:44:16-debug: run build task Organize assets groups，generate packedAssets and rawAssets data success in 1 ms √14%
4-25-2023 11:44:16-debug: Process: heapTotal 225.43MB heapUsed 213.92MB rss 476.45MB
4-25-2023 11:44:16-debug: options.md5Cache is false.
4-25-2023 11:44:16-debug: // ---- build task Generate md5AssetsMap from suffixMap to settings ----
4-25-2023 11:44:16-debug: Generate md5AssetsMap from suffixMap to settings start14%
4-25-2023 11:44:16-debug: // ---- build task Generate md5AssetsMap from suffixMap to settings ---- (1ms)
4-25-2023 11:44:16-debug: run build task Generate md5AssetsMap from suffixMap to settings success in 1 ms √15%
4-25-2023 11:56:08-debug: refresh db internal success
4-25-2023 11:56:08-debug: asset-db:worker-effect-data-processing (162ms)
4-25-2023 11:56:08-debug: refresh db assets success
4-25-2023 11:56:08-debug: asset-db:refresh-all-database (231ms)
4-25-2023 11:56:09-debug: refresh db internal success
4-25-2023 11:56:09-debug: asset-db:worker-effect-data-processing (186ms)
4-25-2023 11:56:09-debug: refresh db assets success
4-25-2023 11:56:09-debug: asset-db:refresh-all-database (237ms)
4-25-2023 11:56:09-debug: refresh db internal success
4-25-2023 11:56:10-debug: asset-db:worker-effect-data-processing (151ms)
4-25-2023 11:56:10-debug: refresh db assets success
4-25-2023 11:56:10-debug: asset-db:refresh-all-database (215ms)
4-25-2023 11:56:11-debug: refresh db internal success
4-25-2023 11:56:11-debug: asset-db:worker-effect-data-processing (142ms)
4-25-2023 11:56:11-debug: refresh db assets success
4-25-2023 11:56:11-debug: asset-db:refresh-all-database (197ms)
4-25-2023 11:56:21-debug: refresh db internal success
4-25-2023 11:56:21-debug: asset-db:worker-effect-data-processing (118ms)
4-25-2023 11:56:21-debug: refresh db assets success
4-25-2023 11:56:21-debug: asset-db:refresh-all-database (166ms)
4-25-2023 11:59:24-debug: refresh db internal success
4-25-2023 11:59:25-debug: asset-db:worker-effect-data-processing (138ms)
4-25-2023 11:59:25-debug: refresh db assets success
4-25-2023 11:59:25-debug: asset-db:refresh-all-database (187ms)
4-25-2023 11:59:38-debug: refresh db internal success
4-25-2023 11:59:38-debug: asset-db:worker-effect-data-processing (185ms)
4-25-2023 11:59:38-debug: refresh db assets success
4-25-2023 11:59:38-debug: asset-db:refresh-all-database (245ms)
4-25-2023 12:01:30-debug: refresh db internal success
4-25-2023 12:01:30-debug: asset-db:worker-effect-data-processing (174ms)
4-25-2023 12:01:30-debug: refresh db assets success
4-25-2023 12:01:30-debug: asset-db:refresh-all-database (221ms)
4-25-2023 12:26:41-debug: refresh db internal success
4-25-2023 12:26:41-debug: asset-db:worker-effect-data-processing (143ms)
4-25-2023 12:26:41-debug: refresh db assets success
4-25-2023 12:26:41-debug: asset-db:refresh-all-database (216ms)
4-25-2023 12:26:44-debug: refresh db internal success
4-25-2023 12:26:44-debug: asset-db:worker-effect-data-processing (165ms)
4-25-2023 12:26:44-debug: refresh db assets success
4-25-2023 12:26:44-debug: asset-db:refresh-all-database (208ms)
4-25-2023 13:07:13-debug: Query all assets info in project
4-25-2023 13:07:13-debug: BuildAssetLibrary query-assets with assets 478
4-25-2023 13:07:13-debug: init custom config: keepNodeUuid: false, useCache: true
4-25-2023 13:07:13-debug:   Number of all scenes: 2
4-25-2023 13:07:13-debug:   Number of other assets: 329
4-25-2023 13:07:13-debug:   Number of all scripts: 8
4-25-2023 13:07:13-debug: // ---- build task Query asset bundle ----
4-25-2023 13:07:13-debug: Process: heapTotal 246.36MB heapUsed 219.35MB rss 197.65MB
4-25-2023 13:07:13-debug: Query asset bundle start0%
4-25-2023 13:07:13-debug: // ---- build task Query asset bundle ---- (6ms)
4-25-2023 13:07:13-debug: run build task Query asset bundle success in 6 ms √3%
4-25-2023 13:07:13-debug: Query and organize assets start3%
4-25-2023 13:07:13-debug: Process: heapTotal 246.36MB heapUsed 220.98MB rss 198.14MB
4-25-2023 13:07:13-debug: init bundle assets
4-25-2023 13:07:13-debug: // ---- build task Query and organize assets ----
4-25-2023 13:07:14-debug: Query preload assets from cc.config.json: 60f7195c-ec2a-45eb-ba94-8955f60e81d0,1c02ae6f-4492-4915-b8f8-7492a3b1e4cd,810e96e4-e456-4468-9b59-f4e8f39732c0,efe8e2a3-eace-427b-b4f1-cb8a937ec77d,e9aa9a3e-5b2b-4ac7-a2c7-073de2b2b24f,8bbdbcdd-5cd4-4100-b6d5-b7c9625b6107,50f4348b-c883-4e2f-8f11-ce233b859fa1,fda095cb-831d-4601-ad94-846013963de8,f92806d7-1768-443f-afe8-12bcde84d0f0,dd3a144d-ab7f-41f0-82b8-2e43a090d496,f0416e68-0200-4b77-a926-4f9d16e494da,ff9be190-20a4-4e48-b68c-76e3c7cff085,970b0598-bcb0-4714-91fb-2e81440dccd8,bcd64cc6-2dd9-43f6-abbe-66318d332032,d930590d-bb92-4cc8-8bd1-23cd027f9edf,a3cd009f-0ab0-420d-9278-b9fdab939bbc,9361fd90-ba52-4f84-aa93-6e878fd576ca,c27215d8-6835-4b68-bfbb-bdeac6100c04,b5d6115f-0370-4d7c-aad3-c194cc71cf98,871c3b6c-7379-419d-bda3-794b239ab90d
4-25-2023 13:07:14-debug: Number of scenes: 2
4-25-2023 13:07:14-debug: run build task Query and organize assets success in 16 ms √7%
4-25-2023 13:07:14-debug: Process: heapTotal 246.36MB heapUsed 221.13MB rss 198.80MB
4-25-2023 13:07:14-debug: // ---- build task Organize scripts ----
4-25-2023 13:07:14-debug: sort script group...
4-25-2023 13:07:14-debug: Organize scripts start7%
4-25-2023 13:07:14-debug: // ---- build task Query and organize assets ---- (16ms)
4-25-2023 13:07:14-debug: // ---- build task Organize scripts ---- (1ms)
4-25-2023 13:07:14-debug: run build task Organize scripts success in 1 ms √10%
4-25-2023 13:07:14-debug: Process: heapTotal 246.36MB heapUsed 221.16MB rss 198.84MB
4-25-2023 13:07:14-debug: Init settings and config start10%
4-25-2023 13:07:14-debug: // ---- build task Init settings and config ----
4-25-2023 13:07:14-debug: // ---- build task Init settings and config ---- (1ms)
4-25-2023 13:07:14-debug: builder.tasks.settings.macro does not defined in i18n
4-25-2023 13:07:14-debug: run build task Init settings and config success in 1 ms √11%
4-25-2023 13:07:14-debug: // ---- build task builder.tasks.settings.macro ----
4-25-2023 13:07:14-debug: Process: heapTotal 246.36MB heapUsed 221.20MB rss 198.95MB
4-25-2023 13:07:14-debug: builder.tasks.settings.macro start11%
4-25-2023 13:07:14-debug: // ---- build task builder.tasks.settings.macro ---- (1ms)
4-25-2023 13:07:14-debug: run build task builder.tasks.settings.macro success in 1 ms √11%
4-25-2023 13:07:14-debug: Process: heapTotal 246.36MB heapUsed 221.24MB rss 198.97MB
4-25-2023 13:07:14-debug: Sort some build options to settings.json start11%
4-25-2023 13:07:14-debug: // ---- build task Sort some build options to settings.json ----
4-25-2023 13:07:14-debug: // ---- build task Sort some build options to settings.json ---- (4ms)
4-25-2023 13:07:14-debug: run build task Sort some build options to settings.json success in 4 ms √12%
4-25-2023 13:07:14-debug: Process: heapTotal 246.36MB heapUsed 221.31MB rss 199.33MB
4-25-2023 13:07:14-debug: custom joint texture layouts start12%
4-25-2023 13:07:14-debug: // ---- build task custom joint texture layouts ----
4-25-2023 13:07:14-debug: // ---- build task custom joint texture layouts ---- (1ms)
4-25-2023 13:07:14-debug: run build task custom joint texture layouts success in 1 ms √12%
4-25-2023 13:07:14-debug: Process: heapTotal 246.36MB heapUsed 221.34MB rss 199.36MB
4-25-2023 13:07:14-debug: custom joint physics start12%
4-25-2023 13:07:14-debug: // ---- build task custom joint physics ----
4-25-2023 13:07:14-debug: // ---- build task custom joint physics ---- (1ms)
4-25-2023 13:07:14-debug: run build task custom joint physics success in 1 ms √13%
4-25-2023 13:07:14-debug: // ---- build task Fill script data to settings ----
4-25-2023 13:07:14-debug: Fill script data to settings start13%
4-25-2023 13:07:14-debug: Process: heapTotal 246.36MB heapUsed 221.37MB rss 199.38MB
4-25-2023 13:07:14-debug: // ---- build task Fill script data to settings ---- (1ms)
4-25-2023 13:07:14-debug: run build task Fill script data to settings success in 1 ms √13%
4-25-2023 13:07:14-debug: // ---- build task Fill scene data to settings ----
4-25-2023 13:07:14-debug: Process: heapTotal 246.36MB heapUsed 221.40MB rss 199.38MB
4-25-2023 13:07:14-debug: Fill scene data to settings start13%
4-25-2023 13:07:14-debug: run build task Fill scene data to settings success in 0 ms √14%
4-25-2023 13:07:14-debug: Organize assets groups，generate packedAssets and rawAssets data start14%
4-25-2023 13:07:14-debug: // ---- build task Organize assets groups，generate packedAssets and rawAssets data ----
4-25-2023 13:07:14-debug: Process: heapTotal 246.36MB heapUsed 221.43MB rss 199.39MB
4-25-2023 13:07:14-debug: // ---- build task Organize assets groups，generate packedAssets and rawAssets data ---- (1ms)
4-25-2023 13:07:14-debug: run build task Organize assets groups，generate packedAssets and rawAssets data success in 1 ms √14%
4-25-2023 13:07:14-debug: Generate md5AssetsMap from suffixMap to settings start14%
4-25-2023 13:07:14-debug: Process: heapTotal 246.36MB heapUsed 221.47MB rss 199.45MB
4-25-2023 13:07:14-debug: // ---- build task Generate md5AssetsMap from suffixMap to settings ----
4-25-2023 13:07:14-debug: options.md5Cache is false.
4-25-2023 13:07:14-debug: // ---- build task Generate md5AssetsMap from suffixMap to settings ---- (1ms)
4-25-2023 13:07:14-debug: run build task Generate md5AssetsMap from suffixMap to settings success in 1 ms √15%
